#
# A fatal error has been detected by the Java Runtime Environment:
#
#  EXCEPTION_ACCESS_VIOLATION (0xc0000005) at pc=0xffffffffa4965120, pid=1164, tid=4624
#
# JRE version: Java(TM) SE Runtime Environment (8.0_65-b17) (build 1.8.0_65-b17)
# Java VM: Java HotSpot(TM) 64-Bit Server VM (25.65-b01 mixed mode windows-amd64 compressed oops)
# Problematic frame:
# C  0xffffffffa4965120
#
# Failed to write core dump. Minidumps are not enabled by default on client versions of Windows
#
# If you would like to submit a bug report, please visit:
#   http://bugreport.java.com/bugreport/crash.jsp
#

---------------  T H R E A D  ---------------

Current thread (0x000000000227e800):  JavaThread "main" [_thread_in_Java, id=4624, stack(0x0000000002590000,0x0000000002690000)]

siginfo: ExceptionCode=0xc0000005, ExceptionInformation=0x0000000000000008 0xffffffffa4965120

Registers:
RAX=0x0000000000000a1e, RBX=0x0000000000000142, RCX=0x000000000000015c, RDX=0x00000000fedd1a08
RSP=0x000000000268ed08, RBP=0x00000000fede00d0, RSI=0x0000000000000142, RDI=0x0000000000000a2a
R8 =0x00000000fede00d0, R9 =0x0000000000000a1e, R10=0x00000000fedd1a08, R11=0x000000000000015c
R12=0x0000000000000000, R13=0x0000000000000000, R14=0x00000000ff1dd588, R15=0x000000000227e800
RIP=0xffffffffa4965120, EFLAGS=0x0000000000010282

Top of Stack: (sp=0x000000000268ed08)
0x000000000268ed08:   0000000003e39cb0 00000000ff1dd588
0x000000000268ed18:   00000000000004ba 00000000f82ee488
0x000000000268ed28:   0000000000000000 0000000000000000
0x000000000268ed38:   0000000000000000 00000000f82ee458
0x000000000268ed48:   00000000ff1dd588 00000000f82ee458
0x000000000268ed58:   0000000000000000 00000000ff1ad5b8
0x000000000268ed68:   00000000ff1dd588 00000000ff1ad5b8
0x000000000268ed78:   0000099400000a2a 0000000000000a1e
0x000000000268ed88:   00000000feee9430 00000000fedd1a08
0x000000000268ed98:   000018a300001897 00000000fedd6b70
0x000000000268eda8:   0000000003e182cc 13186348ff1ad000
0x000000000268edb8:   f8125b28000004ba 00000000ff1ad000
0x000000000268edc8:   00000000ff1dd588 00000000ff1dd588
0x000000000268edd8:   0000000013186348 0000000013186348
0x000000000268ede8:   00000000f8125b28 000002e1ff1ad4d0
0x000000000268edf8:   00000000ff1ad4d0 00000000ff1ad668 

Instructions: (pc=0xffffffffa4965120)
0xffffffffa4965100:   
[error occurred during error reporting (printing registers, top of stack, instructions near pc), id 0xc0000005]

Register to memory mapping:

RAX=0x0000000000000a1e is an unknown value
RBX=0x0000000000000142 is an unknown value
RCX=0x000000000000015c is an unknown value
RDX=0x00000000fedd1a08 is an oop
macromedia.abc.BytecodeBuffer 
 - klass: 'macromedia/abc/BytecodeBuffer'
RSP=0x000000000268ed08 is pointing into the stack for thread: 0x000000000227e800
RBP=0x00000000fede00d0 is an oop
macromedia.abc.BytecodeBuffer 
 - klass: 'macromedia/abc/BytecodeBuffer'
RSI=0x0000000000000142 is an unknown value
RDI=0x0000000000000a2a is an unknown value
R8 =0x00000000fede00d0 is an oop
macromedia.abc.BytecodeBuffer 
 - klass: 'macromedia/abc/BytecodeBuffer'
R9 =0x0000000000000a1e is an unknown value
R10=0x00000000fedd1a08 is an oop
macromedia.abc.BytecodeBuffer 
 - klass: 'macromedia/abc/BytecodeBuffer'
R11=0x000000000000015c is an unknown value
R12=0x0000000000000000 is an unknown value
R13=0x0000000000000000 is an unknown value
R14=0x00000000ff1dd588 is an oop
macromedia.abc.ByteArray 
 - klass: 'macromedia/abc/ByteArray'
R15=0x000000000227e800 is a thread


Stack: [0x0000000002590000,0x0000000002690000],  sp=0x000000000268ed08,  free space=1019k
Native frames: (J=compiled Java code, j=interpreted, Vv=VM code, C=native code)
C  0xffffffffa4965120


---------------  P R O C E S S  ---------------

Java Threads: ( => current thread )
  0x0000000057b5c000 JavaThread "Image Fetcher 0" daemon [_thread_blocked, id=3620, stack(0x000000005b370000,0x000000005b470000)]
  0x00000000584ef000 JavaThread "AWT-Windows" daemon [_thread_in_native, id=4620, stack(0x000000005a060000,0x000000005a160000)]
  0x00000000582ba000 JavaThread "Java2D Disposer" daemon [_thread_blocked, id=3396, stack(0x0000000059da0000,0x0000000059ea0000)]
  0x000000005548e800 JavaThread "Service Thread" daemon [_thread_blocked, id=128, stack(0x0000000055ac0000,0x0000000055bc0000)]
  0x000000005394f000 JavaThread "C1 CompilerThread2" daemon [_thread_blocked, id=3756, stack(0x0000000054d40000,0x0000000054e40000)]
  0x000000005394e000 JavaThread "C2 CompilerThread1" daemon [_thread_blocked, id=5076, stack(0x00000000558e0000,0x00000000559e0000)]
  0x0000000053945800 JavaThread "C2 CompilerThread0" daemon [_thread_in_native, id=3016, stack(0x0000000055310000,0x0000000055410000)]
  0x0000000053944000 JavaThread "Attach Listener" daemon [_thread_blocked, id=4212, stack(0x0000000055090000,0x0000000055190000)]
  0x0000000053940800 JavaThread "Signal Dispatcher" daemon [_thread_blocked, id=2540, stack(0x0000000054f50000,0x0000000055050000)]
  0x00000000538e6800 JavaThread "Finalizer" daemon [_thread_blocked, id=4292, stack(0x0000000054e50000,0x0000000054f50000)]
  0x00000000538df800 JavaThread "Reference Handler" daemon [_thread_blocked, id=300, stack(0x0000000054c30000,0x0000000054d30000)]
=>0x000000000227e800 JavaThread "main" [_thread_in_Java, id=4624, stack(0x0000000002590000,0x0000000002690000)]

Other Threads:
  0x00000000538da000 VMThread [stack: 0x0000000054aa0000,0x0000000054ba0000] [id=3268]
  0x000000005549e800 WatcherThread [stack: 0x00000000551b0000,0x00000000552b0000] [id=872]

VM state:not at safepoint (normal execution)

VM Mutex/Monitor currently owned by a thread: None

Heap:
 PSYoungGen      total 108544K, used 14799K [0x00000000f8000000, 0x00000000ffe00000, 0x0000000100000000)
  eden space 88064K, 4% used [0x00000000f8000000,0x00000000f844ae78,0x00000000fd600000)
  from space 20480K, 50% used [0x00000000fea00000,0x00000000ff428ef8,0x00000000ffe00000)
  to   space 20480K, 0% used [0x00000000fd600000,0x00000000fd600000,0x00000000fea00000)
 ParOldGen       total 103424K, used 80658K [0x00000000e8000000, 0x00000000ee500000, 0x00000000f8000000)
  object space 103424K, 77% used [0x00000000e8000000,0x00000000ecec4a60,0x00000000ee500000)
 Metaspace       used 20926K, capacity 21663K, committed 21760K, reserved 1069056K
  class space    used 2123K, capacity 2289K, committed 2304K, reserved 1048576K

Card table byte_map: [0x0000000002380000,0x0000000002450000] byte_map_base: 0x0000000001c40000

Marking Bits: (ParMarkBitMap*) 0x000000005dbba5b0
 Begin Bits: [0x0000000012350000, 0x0000000012950000)
 End Bits:   [0x0000000012950000, 0x0000000012f50000)

Polling page: 0x0000000000130000

CodeCache: size=245760Kb used=21285Kb max_used=21296Kb free=224474Kb
 bounds [0x0000000002960000, 0x0000000003e40000, 0x0000000011960000]
 total_blobs=5414 nmethods=4940 adapters=385
 compilation: enabled

Compilation events (10 events):
Event: 56.488 Thread 0x000000005394e000 nmethod 6048 0x0000000003e399d0 code [0x0000000003e39ba0, 0x0000000003e3a6a0]
Event: 56.488 Thread 0x000000005394e000 6105 %     4       macromedia.abc.Encoder$ByteArrayPool2::calcIndex @ 5 (33 bytes)
Event: 56.492 Thread 0x000000005394e000 nmethod 6105% 0x0000000003e36750 code [0x0000000003e368a0, 0x0000000003e36a98]
Event: 56.492 Thread 0x000000005394e000 5974       4       macromedia.abc.BytecodeBuffer::hashCode (38 bytes)
Event: 56.492 Thread 0x000000005394f000 6116       2       macromedia.abc.Encoder$ByteArrayPool2::getIndex (40 bytes)
Event: 56.493 Thread 0x000000005394f000 nmethod 6116 0x0000000003e21210 code [0x0000000003e213a0, 0x0000000003e21638]
Event: 56.494 Thread 0x000000005394e000 nmethod 5974 0x0000000003e36450 code [0x0000000003e36580, 0x0000000003e366b8]
Event: 56.494 Thread 0x000000005394e000 6026       4       macromedia.abc.BytecodeBuffer::same (56 bytes)
Event: 56.497 Thread 0x000000005394e000 nmethod 6026 0x0000000003e20e90 code [0x0000000003e20fc0, 0x0000000003e21178]
Event: 56.497 Thread 0x000000005394e000 6107 %     4       macromedia.abc.Encoder$BytecodeBuffer2::getIndex @ 5 (33 bytes)

GC Heap History (10 events):
Event: 50.756 GC heap before
{Heap before GC invocations=13 (full 1):
 PSYoungGen      total 104960K, used 82922K [0x00000000f8000000, 0x0000000100000000, 0x0000000100000000)
  eden space 81408K, 100% used [0x00000000f8000000,0x00000000fcf80000,0x00000000fcf80000)
  from space 23552K, 6% used [0x00000000fcf80000,0x00000000fd0fab30,0x00000000fe680000)
  to   space 24576K, 0% used [0x00000000fe800000,0x00000000fe800000,0x0000000100000000)
 ParOldGen       total 103424K, used 49536K [0x00000000e8000000, 0x00000000ee500000, 0x00000000f8000000)
  object space 103424K, 47% used [0x00000000e8000000,0x00000000eb0602e8,0x00000000ee500000)
 Metaspace       used 17728K, capacity 18065K, committed 18304K, reserved 1064960K
  class space    used 1783K, capacity 1876K, committed 1920K, reserved 1048576K
Event: 50.791 GC heap after
Heap after GC invocations=13 (full 1):
 PSYoungGen      total 106496K, used 8693K [0x00000000f8000000, 0x00000000fff00000, 0x0000000100000000)
  eden space 82944K, 0% used [0x00000000f8000000,0x00000000f8000000,0x00000000fd100000)
  from space 23552K, 36% used [0x00000000fe800000,0x00000000ff07d740,0x00000000fff00000)
  to   space 23552K, 0% used [0x00000000fd100000,0x00000000fd100000,0x00000000fe800000)
 ParOldGen       total 103424K, used 50908K [0x00000000e8000000, 0x00000000ee500000, 0x00000000f8000000)
  object space 103424K, 49% used [0x00000000e8000000,0x00000000eb1b7058,0x00000000ee500000)
 Metaspace       used 17728K, capacity 18065K, committed 18304K, reserved 1064960K
  class space    used 1783K, capacity 1876K, committed 1920K, reserved 1048576K
}
Event: 52.240 GC heap before
{Heap before GC invocations=14 (full 1):
 PSYoungGen      total 106496K, used 91637K [0x00000000f8000000, 0x00000000fff00000, 0x0000000100000000)
  eden space 82944K, 100% used [0x00000000f8000000,0x00000000fd100000,0x00000000fd100000)
  from space 23552K, 36% used [0x00000000fe800000,0x00000000ff07d740,0x00000000fff00000)
  to   space 23552K, 0% used [0x00000000fd100000,0x00000000fd100000,0x00000000fe800000)
 ParOldGen       total 103424K, used 50908K [0x00000000e8000000, 0x00000000ee500000, 0x00000000f8000000)
  object space 103424K, 49% used [0x00000000e8000000,0x00000000eb1b7058,0x00000000ee500000)
 Metaspace       used 18842K, capacity 19307K, committed 19584K, reserved 1067008K
  class space    used 1938K, capacity 2051K, committed 2176K, reserved 1048576K
Event: 52.272 GC heap after
Heap after GC invocations=14 (full 1):
 PSYoungGen      total 106496K, used 8145K [0x00000000f8000000, 0x00000000fff00000, 0x0000000100000000)
  eden space 82944K, 0% used [0x00000000f8000000,0x00000000f8000000,0x00000000fd100000)
  from space 23552K, 34% used [0x00000000fd100000,0x00000000fd8f4558,0x00000000fe800000)
  to   space 23040K, 0% used [0x00000000fe880000,0x00000000fe880000,0x00000000fff00000)
 ParOldGen       total 103424K, used 57908K [0x00000000e8000000, 0x00000000ee500000, 0x00000000f8000000)
  object space 103424K, 55% used [0x00000000e8000000,0x00000000eb88d280,0x00000000ee500000)
 Metaspace       used 18842K, capacity 19307K, committed 19584K, reserved 1067008K
  class space    used 1938K, capacity 2051K, committed 2176K, reserved 1048576K
}
Event: 53.558 GC heap before
{Heap before GC invocations=15 (full 1):
 PSYoungGen      total 106496K, used 91089K [0x00000000f8000000, 0x00000000fff00000, 0x0000000100000000)
  eden space 82944K, 100% used [0x00000000f8000000,0x00000000fd100000,0x00000000fd100000)
  from space 23552K, 34% used [0x00000000fd100000,0x00000000fd8f4558,0x00000000fe800000)
  to   space 23040K, 0% used [0x00000000fe880000,0x00000000fe880000,0x00000000fff00000)
 ParOldGen       total 103424K, used 57908K [0x00000000e8000000, 0x00000000ee500000, 0x00000000f8000000)
  object space 103424K, 55% used [0x00000000e8000000,0x00000000eb88d280,0x00000000ee500000)
 Metaspace       used 19428K, capacity 20101K, committed 20352K, reserved 1067008K
  class space    used 1998K, capacity 2146K, committed 2176K, reserved 1048576K
Event: 53.596 GC heap after
Heap after GC invocations=15 (full 1):
 PSYoungGen      total 105984K, used 11211K [0x00000000f8000000, 0x00000000ffd80000, 0x0000000100000000)
  eden space 84480K, 0% used [0x00000000f8000000,0x00000000f8000000,0x00000000fd280000)
  from space 21504K, 52% used [0x00000000fe880000,0x00000000ff372c60,0x00000000ffd80000)
  to   space 22016K, 0% used [0x00000000fd280000,0x00000000fd280000,0x00000000fe800000)
 ParOldGen       total 103424K, used 63157K [0x00000000e8000000, 0x00000000ee500000, 0x00000000f8000000)
  object space 103424K, 61% used [0x00000000e8000000,0x00000000ebdad460,0x00000000ee500000)
 Metaspace       used 19428K, capacity 20101K, committed 20352K, reserved 1067008K
  class space    used 1998K, capacity 2146K, committed 2176K, reserved 1048576K
}
Event: 54.732 GC heap before
{Heap before GC invocations=16 (full 1):
 PSYoungGen      total 105984K, used 95691K [0x00000000f8000000, 0x00000000ffd80000, 0x0000000100000000)
  eden space 84480K, 100% used [0x00000000f8000000,0x00000000fd280000,0x00000000fd280000)
  from space 21504K, 52% used [0x00000000fe880000,0x00000000ff372c60,0x00000000ffd80000)
  to   space 22016K, 0% used [0x00000000fd280000,0x00000000fd280000,0x00000000fe800000)
 ParOldGen       total 103424K, used 63157K [0x00000000e8000000, 0x00000000ee500000, 0x00000000f8000000)
  object space 103424K, 61% used [0x00000000e8000000,0x00000000ebdad460,0x00000000ee500000)
 Metaspace       used 19570K, capacity 20311K, committed 20352K, reserved 1067008K
  class space    used 2003K, capacity 2149K, committed 2176K, reserved 1048576K
Event: 54.784 GC heap after
Heap after GC invocations=16 (full 1):
 PSYoungGen      total 106496K, used 9487K [0x00000000f8000000, 0x00000000ffe80000, 0x0000000100000000)
  eden space 84480K, 0% used [0x00000000f8000000,0x00000000f8000000,0x00000000fd280000)
  from space 22016K, 43% used [0x00000000fd280000,0x00000000fdbc3fc8,0x00000000fe800000)
  to   space 20992K, 0% used [0x00000000fea00000,0x00000000fea00000,0x00000000ffe80000)
 ParOldGen       total 103424K, used 73214K [0x00000000e8000000, 0x00000000ee500000, 0x00000000f8000000)
  object space 103424K, 70% used [0x00000000e8000000,0x00000000ec77f8a8,0x00000000ee500000)
 Metaspace       used 19570K, capacity 20311K, committed 20352K, reserved 1067008K
  class space    used 2003K, capacity 2149K, committed 2176K, reserved 1048576K
}
Event: 56.322 GC heap before
{Heap before GC invocations=17 (full 1):
 PSYoungGen      total 106496K, used 93967K [0x00000000f8000000, 0x00000000ffe80000, 0x0000000100000000)
  eden space 84480K, 100% used [0x00000000f8000000,0x00000000fd280000,0x00000000fd280000)
  from space 22016K, 43% used [0x00000000fd280000,0x00000000fdbc3fc8,0x00000000fe800000)
  to   space 20992K, 0% used [0x00000000fea00000,0x00000000fea00000,0x00000000ffe80000)
 ParOldGen       total 103424K, used 73214K [0x00000000e8000000, 0x00000000ee500000, 0x00000000f8000000)
  object space 103424K, 70% used [0x00000000e8000000,0x00000000ec77f8a8,0x00000000ee500000)
 Metaspace       used 20922K, capacity 21663K, committed 21760K, reserved 1069056K
  class space    used 2123K, capacity 2289K, committed 2304K, reserved 1048576K
Event: 56.383 GC heap after
Heap after GC invocations=17 (full 1):
 PSYoungGen      total 108544K, used 10403K [0x00000000f8000000, 0x00000000ffe00000, 0x0000000100000000)
  eden space 88064K, 0% used [0x00000000f8000000,0x00000000f8000000,0x00000000fd600000)
  from space 20480K, 50% used [0x00000000fea00000,0x00000000ff428ef8,0x00000000ffe00000)
  to   space 20480K, 0% used [0x00000000fd600000,0x00000000fd600000,0x00000000fea00000)
 ParOldGen       total 103424K, used 80658K [0x00000000e8000000, 0x00000000ee500000, 0x00000000f8000000)
  object space 103424K, 77% used [0x00000000e8000000,0x00000000ecec4a60,0x00000000ee500000)
 Metaspace       used 20922K, capacity 21663K, committed 21760K, reserved 1069056K
  class space    used 2123K, capacity 2289K, committed 2304K, reserved 1048576K
}

Deoptimization events (10 events):
Event: 55.354 Thread 0x000000000227e800 Uncommon trap: reason=unstable_if action=reinterpret pc=0x0000000002b8a5b8 method=macromedia.asc.parser.Parser.parseRelationalExpressionPrime(ILmacromedia/asc/parser/Node;)Lmacromedia/asc/parser/Node; @ 300
Event: 55.814 Thread 0x000000000227e800 Uncommon trap: reason=unstable_if action=reinterpret pc=0x0000000002bc3730 method=macromedia.asc.embedding.avmplus.ActionBlockEmitter.setPosition(III)V @ 11
Event: 55.814 Thread 0x000000000227e800 Uncommon trap: reason=unstable_if action=reinterpret pc=0x0000000002c14bac method=macromedia.asc.embedding.avmplus.ActionBlockEmitter.setPosition(III)V @ 11
Event: 55.814 Thread 0x000000000227e800 Uncommon trap: reason=unstable_if action=reinterpret pc=0x0000000003c27458 method=macromedia.asc.embedding.avmplus.ActionBlockEmitter.flushDebugInfo()V @ 4
Event: 55.981 Thread 0x000000000227e800 Uncommon trap: reason=unstable_if action=reinterpret pc=0x0000000003259b58 method=java.io.WinNTFileSystem.normalize(Ljava/lang/String;)Ljava/lang/String; @ 128
Event: 56.019 Thread 0x000000000227e800 Uncommon trap: reason=class_check action=maybe_recompile pc=0x0000000003d19dd4 method=java.util.regex.Pattern$CharProperty.match(Ljava/util/regex/Matcher;ILjava/lang/CharSequence;)Z @ 18
Event: 56.019 Thread 0x000000000227e800 Uncommon trap: reason=class_check action=maybe_recompile pc=0x0000000003d19dd4 method=java.util.regex.Pattern$CharProperty.match(Ljava/util/regex/Matcher;ILjava/lang/CharSequence;)Z @ 18
Event: 56.019 Thread 0x000000000227e800 Uncommon trap: reason=class_check action=maybe_recompile pc=0x0000000003d19dd4 method=java.util.regex.Pattern$CharProperty.match(Ljava/util/regex/Matcher;ILjava/lang/CharSequence;)Z @ 18
Event: 56.019 Thread 0x000000000227e800 Uncommon trap: reason=class_check action=maybe_recompile pc=0x0000000003d19dd4 method=java.util.regex.Pattern$CharProperty.match(Ljava/util/regex/Matcher;ILjava/lang/CharSequence;)Z @ 18
Event: 56.074 Thread 0x000000000227e800 Uncommon trap: reason=unstable_if action=reinterpret pc=0x0000000002caf184 method=java.util.HashMap.resize()[Ljava/util/HashMap$Node; @ 206

Internal exceptions (10 events):
Event: 54.629 Thread 0x000000000227e800 Exception <a 'java/io/IOException'> (0x00000000fcbb7038) thrown at [C:\workspace\8-2-build-windows-amd64-cygwin\jdk8u65\4987\hotspot\src\share\vm\prims\jni.cpp, line 709]
Event: 54.630 Thread 0x000000000227e800 Exception <a 'java/lang/ClassNotFoundException': sun/net/www/protocol/c/Handler> (0x00000000fcbb8cc8) thrown at [C:\workspace\8-2-build-windows-amd64-cygwin\jdk8u65\4987\hotspot\src\share\vm\classfile\systemDictionary.cpp, line 210]
Event: 54.631 Thread 0x000000000227e800 Exception <a 'java/lang/ClassNotFoundException': sun/net/www/protocol/c/Handler> (0x00000000fcbbbd70) thrown at [C:\workspace\8-2-build-windows-amd64-cygwin\jdk8u65\4987\hotspot\src\share\vm\classfile\systemDictionary.cpp, line 210]
Event: 54.638 Thread 0x000000000227e800 Exception <a 'java/io/IOException'> (0x00000000fcc0cd10) thrown at [C:\workspace\8-2-build-windows-amd64-cygwin\jdk8u65\4987\hotspot\src\share\vm\prims\jni.cpp, line 709]
Event: 54.640 Thread 0x000000000227e800 Exception <a 'java/lang/ClassNotFoundException': sun/net/www/protocol/c/Handler> (0x00000000fcc0e9b0) thrown at [C:\workspace\8-2-build-windows-amd64-cygwin\jdk8u65\4987\hotspot\src\share\vm\classfile\systemDictionary.cpp, line 210]
Event: 54.641 Thread 0x000000000227e800 Exception <a 'java/lang/ClassNotFoundException': sun/net/www/protocol/c/Handler> (0x00000000fcc11a80) thrown at [C:\workspace\8-2-build-windows-amd64-cygwin\jdk8u65\4987\hotspot\src\share\vm\classfile\systemDictionary.cpp, line 210]
Event: 54.642 Thread 0x000000000227e800 Exception <a 'java/io/IOException'> (0x00000000fcc14ce8) thrown at [C:\workspace\8-2-build-windows-amd64-cygwin\jdk8u65\4987\hotspot\src\share\vm\prims\jni.cpp, line 709]
Event: 54.642 Thread 0x000000000227e800 Exception <a 'java/lang/ClassNotFoundException': sun/net/www/protocol/c/Handler> (0x00000000fcc16898) thrown at [C:\workspace\8-2-build-windows-amd64-cygwin\jdk8u65\4987\hotspot\src\share\vm\classfile\systemDictionary.cpp, line 210]
Event: 54.643 Thread 0x000000000227e800 Exception <a 'java/lang/ClassNotFoundException': sun/net/www/protocol/c/Handler> (0x00000000fcc19910) thrown at [C:\workspace\8-2-build-windows-amd64-cygwin\jdk8u65\4987\hotspot\src\share\vm\classfile\systemDictionary.cpp, line 210]
Event: 54.668 Thread 0x000000000227e800 Implicit null exception at 0x0000000003412514 to 0x0000000003415041

Events (10 events):
Event: 56.496 Thread 0x000000000227e800 DEOPT PACKING pc=0x0000000003e1bb59 sp=0x000000000268efb0
Event: 56.496 Thread 0x000000000227e800 DEOPT UNPACKING pc=0x00000000029a71bf sp=0x000000000268ecb8 mode 0
Event: 56.496 Thread 0x000000000227e800 DEOPT PACKING pc=0x0000000003e1bb59 sp=0x000000000268efb0
Event: 56.496 Thread 0x000000000227e800 DEOPT UNPACKING pc=0x00000000029a71bf sp=0x000000000268ecb8 mode 0
Event: 56.496 Thread 0x000000000227e800 DEOPT PACKING pc=0x0000000003e1bb59 sp=0x000000000268efb0
Event: 56.496 Thread 0x000000000227e800 DEOPT UNPACKING pc=0x00000000029a71bf sp=0x000000000268ecb8 mode 0
Event: 56.497 Thread 0x000000000227e800 DEOPT PACKING pc=0x0000000003e1bb59 sp=0x000000000268efb0
Event: 56.497 Thread 0x000000000227e800 DEOPT UNPACKING pc=0x00000000029a71bf sp=0x000000000268ecb8 mode 0
Event: 56.497 Thread 0x000000000227e800 DEOPT PACKING pc=0x0000000003e1bb59 sp=0x000000000268efb0
Event: 56.497 Thread 0x000000000227e800 DEOPT UNPACKING pc=0x00000000029a71bf sp=0x000000000268ecb8 mode 0


Dynamic libraries:
0x000000013f790000 - 0x000000013f7c7000 	C:\ProgramData\Oracle\Java\javapath\java.exe
0x0000000077960000 - 0x0000000077b09000 	C:\Windows\SYSTEM32\ntdll.dll
0x0000000077840000 - 0x0000000077960000 	C:\Windows\system32\kernel32.dll
0x000007fefd9f0000 - 0x000007fefda5c000 	C:\Windows\system32\KERNELBASE.dll
0x000007feff610000 - 0x000007feff6eb000 	C:\Windows\system32\ADVAPI32.dll
0x000007fefdcd0000 - 0x000007fefdd6f000 	C:\Windows\system32\msvcrt.dll
0x000007fefdac0000 - 0x000007fefdadf000 	C:\Windows\SYSTEM32\sechost.dll
0x000007feff800000 - 0x000007feff92d000 	C:\Windows\system32\RPCRT4.dll
0x0000000077740000 - 0x000000007783a000 	C:\Windows\system32\USER32.dll
0x000007fefddc0000 - 0x000007fefde27000 	C:\Windows\system32\GDI32.dll
0x000007fefdb80000 - 0x000007fefdb8e000 	C:\Windows\system32\LPK.dll
0x000007feffb40000 - 0x000007feffc0a000 	C:\Windows\system32\USP10.dll
0x000007fefbae0000 - 0x000007fefbcd4000 	C:\Windows\WinSxS\amd64_microsoft.windows.common-controls_6595b64144ccf1df_6.0.7601.18837_none_fa3b1e3d17594757\COMCTL32.dll
0x000007feff3a0000 - 0x000007feff411000 	C:\Windows\system32\SHLWAPI.dll
0x000007feff7d0000 - 0x000007feff7fe000 	C:\Windows\system32\IMM32.DLL
0x000007fefebc0000 - 0x000007fefecc9000 	C:\Windows\system32\MSCTF.dll
0x000000006c220000 - 0x000000006c2f2000 	C:\Program Files\Java\jre1.8.0_65\bin\msvcr100.dll
0x000000005d3b0000 - 0x000000005dc39000 	C:\Program Files\Java\jre1.8.0_65\bin\server\jvm.dll
0x000007fefb9c0000 - 0x000007fefb9c9000 	C:\Windows\system32\WSOCK32.dll
0x000007fefdd70000 - 0x000007fefddbd000 	C:\Windows\system32\WS2_32.dll
0x000007feff600000 - 0x000007feff608000 	C:\Windows\system32\NSI.dll
0x000007fefac20000 - 0x000007fefac5b000 	C:\Windows\system32\WINMM.dll
0x000007fefc860000 - 0x000007fefc86c000 	C:\Windows\system32\VERSION.dll
0x0000000077b20000 - 0x0000000077b27000 	C:\Windows\system32\PSAPI.DLL
0x0000000074b40000 - 0x0000000074b4f000 	C:\Program Files\Java\jre1.8.0_65\bin\verify.dll
0x000000006c3b0000 - 0x000000006c3d9000 	C:\Program Files\Java\jre1.8.0_65\bin\java.dll
0x000000006c9a0000 - 0x000000006c9b6000 	C:\Program Files\Java\jre1.8.0_65\bin\zip.dll
0x000007fefde30000 - 0x000007fefebb9000 	C:\Windows\system32\SHELL32.dll
0x000007feff930000 - 0x000007feffb33000 	C:\Windows\system32\ole32.dll
0x000007fefd710000 - 0x000007fefd71f000 	C:\Windows\system32\profapi.dll
0x0000000065980000 - 0x0000000065b18000 	C:\Program Files\Java\jre1.8.0_65\bin\awt.dll
0x000007feff6f0000 - 0x000007feff7c7000 	C:\Windows\system32\OLEAUT32.dll
0x000007fefb690000 - 0x000007fefb6e6000 	C:\Windows\system32\uxtheme.dll
0x000007fefb190000 - 0x000007fefb1a8000 	C:\Windows\system32\dwmapi.dll
0x000007fefd5a0000 - 0x000007fefd5af000 	C:\Windows\system32\CRYPTBASE.dll
0x000007fefcf40000 - 0x000007fefcf58000 	C:\Windows\system32\CRYPTSP.dll
0x000007fefcc40000 - 0x000007fefcc87000 	C:\Windows\system32\rsaenh.dll
0x000007fefdaa0000 - 0x000007fefdabe000 	C:\Windows\system32\USERENV.dll
0x000000006c340000 - 0x000000006c35a000 	C:\Program Files\Java\jre1.8.0_65\bin\net.dll
0x000007fefcee0000 - 0x000007fefcf35000 	C:\Windows\system32\mswsock.dll
0x000007fefced0000 - 0x000007fefced7000 	C:\Windows\System32\wship6.dll
0x000007fefc660000 - 0x000007fefc687000 	C:\Windows\system32\IPHLPAPI.DLL
0x000007fefc650000 - 0x000007fefc65b000 	C:\Windows\system32\WINNSI.DLL
0x000007fefa390000 - 0x000007fefa3a1000 	C:\Windows\system32\dhcpcsvc6.DLL
0x000007fefa370000 - 0x000007fefa388000 	C:\Windows\system32\dhcpcsvc.DLL
0x000000006c200000 - 0x000000006c211000 	C:\Program Files\Java\jre1.8.0_65\bin\nio.dll
0x000007fefb240000 - 0x000007fefb365000 	C:\Windows\system32\dbghelp.dll

VM Arguments:
jvm_args: -Xmx384m -Dsun.io.useCanonCaches=false -Duser.language=en -Duser.region=US -Djava.util.Arrays.useLegacyMergeSort=true -Dapplication.home=C:\Users\Georg\Downloads\flex_sdk_3.5 
java_command: C:\Users\Georg\Downloads\flex_sdk_3.5\lib\fcsh.jar
java_class_path (initial): C:\Users\Georg\Downloads\flex_sdk_3.5\lib\fcsh.jar
Launcher Type: SUN_STANDARD

Environment Variables:
PATH=C:\ProgramData\Oracle\Java\javapath;C:\Windows\system32;C:\Windows;C:\Windows\System32\Wbem;C:\Windows\System32\WindowsPowerShell\v1.0\;C:\Program Files (x86)\NVIDIA Corporation\PhysX\Common;C:\Windows\system32\config\systemprofile\.dnx\bin;C:\Program Files\Microsoft DNX\Dnvm\;C:\Program Files (x86)\FlashDevelop\Tools\AppMan;C:\Program Files (x86)\FlashDevelop
USERNAME=Georg
OS=Windows_NT
PROCESSOR_IDENTIFIER=Intel64 Family 6 Model 23 Stepping 10, GenuineIntel



---------------  S Y S T E M  ---------------

OS: Windows 7 , 64 bit Build 7601 (6.1.7601.19045)

CPU:total 4 (4 cores per cpu, 1 threads per core) family 6 model 23 stepping 10, cmov, cx8, fxsr, mmx, sse, sse2, sse3, ssse3, sse4.1, tsc

Memory: 4k page, physical 8387128k(5672564k free), swap 16772420k(13810312k free)

vm_info: Java HotSpot(TM) 64-Bit Server VM (25.65-b01) for windows-amd64 JRE (1.8.0_65-b17), built on Oct  6 2015 16:39:20 by "java_re" with MS VC++ 10.0 (VS2010)

time: Sun Dec 13 14:28:57 2015
elapsed time: 56 seconds (0d 0h 0m 56s)

