#
# A fatal error has been detected by the Java Runtime Environment:
#
#  EXCEPTION_ACCESS_VIOLATION (0xc0000005) at pc=0xffffffffa3995120, pid=3692, tid=684
#
# JRE version: Java(TM) SE Runtime Environment (8.0_65-b17) (build 1.8.0_65-b17)
# Java VM: Java HotSpot(TM) 64-Bit Server VM (25.65-b01 mixed mode windows-amd64 compressed oops)
# Problematic frame:
# C  0xffffffffa3995120
#
# Failed to write core dump. Minidumps are not enabled by default on client versions of Windows
#
# If you would like to submit a bug report, please visit:
#   http://bugreport.java.com/bugreport/crash.jsp
#

---------------  T H R E A D  ---------------

Current thread (0x000000000238e800):  JavaThread "main" [_thread_in_Java, id=684, stack(0x00000000025c0000,0x00000000026c0000)]

siginfo: ExceptionCode=0xc0000005, ExceptionInformation=0x0000000000000008 0xffffffffa3995120

Registers:
RAX=0x00000000588ef3a8, RBX=0x00000000588ef3a8, RCX=0x00000000f9347a40, RDX=0x00000000f9347a40
RSP=0x00000000026bcd68, RBP=0x00000000026bcdc0, RSI=0x00000000f93475b8, RDI=0x0000000000002ee8
R8 =0x0000000000000001, R9 =0x00000000e8daa698, R10=0x000000005a252140, R11=0x0000000002fe5fc0
R12=0x0000000000000000, R13=0x00000000026bcd78, R14=0x00000000588fe5a8, R15=0x000000000238e800
RIP=0xffffffffa3995120, EFLAGS=0x0000000000010202

Top of Stack: (sp=0x00000000026bcd68)
0x00000000026bcd68:   0000000002997450 0000000002997450
0x00000000026bcd78:   00000000f9347a40 00000000026bcd80
0x00000000026bcd88:   00000000588e0947 00000000026bce20
0x00000000026bcd98:   000000005360e4f8 00000000588fe5a8
0x00000000026bcda8:   00000000588ecf48 00000000026bcd78
0x00000000026bcdb8:   00000000026bce30 00000000026bd068
0x00000000026bcdc8:   0000000002fdd77c 0000000000000000
0x00000000026bcdd8:   0000000000000000 0000000000000000
0x00000000026bcde8:   0000000000000000 0000000000000000
0x00000000026bcdf8:   0000000000000000 0000000000000000
0x00000000026bce08:   00000000fa9d6290 0000000000000000
0x00000000026bce18:   0000000000000001 00000000f93475b8
0x00000000026bce28:   0000000002fdd77c 00000000f93ea3c0
0x00000000026bce38:   0000000000000000 00000000026bce40
0x00000000026bce48:   00000000535df4ee 00000000026bcec8
0x00000000026bce58:   00000000536056f8 0000000000000000 

Instructions: (pc=0xffffffffa3995120)
0xffffffffa3995100:   
[error occurred during error reporting (printing registers, top of stack, instructions near pc), id 0xc0000005]

Register to memory mapping:

RAX={method} {0x00000000588ef3b0} 'positionOfNext' '()I' in 'macromedia/asc/parser/InputBuffer'
RBX={method} {0x00000000588ef3b0} 'positionOfNext' '()I' in 'macromedia/asc/parser/InputBuffer'
RCX=0x00000000f9347a40 is an oop
macromedia.asc.parser.InputBuffer 
 - klass: 'macromedia/asc/parser/InputBuffer'
RDX=0x00000000f9347a40 is an oop
macromedia.asc.parser.InputBuffer 
 - klass: 'macromedia/asc/parser/InputBuffer'
RSP=0x00000000026bcd68 is pointing into the stack for thread: 0x000000000238e800
RBP=0x00000000026bcdc0 is pointing into the stack for thread: 0x000000000238e800
RSI=0x00000000f93475b8 is an oop
macromedia.asc.parser.Scanner 
 - klass: 'macromedia/asc/parser/Scanner'
RDI=0x0000000000002ee8 is an unknown value
R8 =0x0000000000000001 is an unknown value
R9 =0x00000000e8daa698 is an oop
java.lang.Class 
 - klass: 'java/lang/Class'
R10=0x000000005a252140 is an unknown value
R11=0x0000000002fe5fc0 is at entry_point+32 in (nmethod*)0x0000000002fe5e50
R12=0x0000000000000000 is an unknown value
R13=0x00000000026bcd78 is pointing into the stack for thread: 0x000000000238e800
R14=0x00000000588fe5a8 is pointing into metadata
R15=0x000000000238e800 is a thread


Stack: [0x00000000025c0000,0x00000000026c0000],  sp=0x00000000026bcd68,  free space=1011k
Native frames: (J=compiled Java code, j=interpreted, Vv=VM code, C=native code)
C  0xffffffffa3995120


---------------  P R O C E S S  ---------------

Java Threads: ( => current thread )
  0x0000000055205000 JavaThread "Service Thread" daemon [_thread_blocked, id=2684, stack(0x00000000559a0000,0x0000000055aa0000)]
  0x0000000055191000 JavaThread "C1 CompilerThread2" daemon [_thread_blocked, id=3688, stack(0x00000000557b0000,0x00000000558b0000)]
  0x000000005381e800 JavaThread "C2 CompilerThread1" daemon [_thread_in_native, id=452, stack(0x0000000055590000,0x0000000055690000)]
  0x0000000053817800 JavaThread "C2 CompilerThread0" daemon [_thread_in_native, id=2764, stack(0x0000000055080000,0x0000000055180000)]
  0x0000000053816000 JavaThread "Attach Listener" daemon [_thread_blocked, id=2940, stack(0x0000000054f20000,0x0000000055020000)]
  0x0000000053812800 JavaThread "Signal Dispatcher" daemon [_thread_blocked, id=4240, stack(0x0000000054de0000,0x0000000054ee0000)]
  0x00000000537b6800 JavaThread "Finalizer" daemon [_thread_blocked, id=4416, stack(0x0000000054b60000,0x0000000054c60000)]
  0x00000000537af800 JavaThread "Reference Handler" daemon [_thread_blocked, id=3512, stack(0x00000000549c0000,0x0000000054ac0000)]
=>0x000000000238e800 JavaThread "main" [_thread_in_Java, id=684, stack(0x00000000025c0000,0x00000000026c0000)]

Other Threads:
  0x00000000537aa000 VMThread [stack: 0x0000000054850000,0x0000000054950000] [id=828]
  0x000000005523a000 WatcherThread [stack: 0x0000000055b40000,0x0000000055c40000] [id=904]

VM state:not at safepoint (normal execution)

VM Mutex/Monitor currently owned by a thread: None

Heap:
 PSYoungGen      total 38400K, used 25939K [0x00000000f8000000, 0x00000000fcb00000, 0x0000000100000000)
  eden space 33280K, 62% used [0x00000000f8000000,0x00000000f9459d58,0x00000000fa080000)
  from space 5120K, 99% used [0x00000000fa580000,0x00000000faa7b258,0x00000000faa80000)
  to   space 5120K, 0% used [0x00000000fa080000,0x00000000fa080000,0x00000000fa580000)
 ParOldGen       total 87552K, used 22287K [0x00000000e8000000, 0x00000000ed580000, 0x00000000f8000000)
  object space 87552K, 25% used [0x00000000e8000000,0x00000000e95c3db0,0x00000000ed580000)
 Metaspace       used 13331K, capacity 13565K, committed 13824K, reserved 1060864K
  class space    used 1464K, capacity 1486K, committed 1536K, reserved 1048576K

Card table byte_map: [0x0000000002290000,0x0000000002360000] byte_map_base: 0x0000000001b50000

Marking Bits: (ParMarkBitMap*) 0x000000005a26a5b0
 Begin Bits: [0x0000000012220000, 0x0000000012820000)
 End Bits:   [0x0000000012820000, 0x0000000012e20000)

Polling page: 0x0000000000330000

CodeCache: size=245760Kb used=6560Kb max_used=6560Kb free=239200Kb
 bounds [0x0000000002990000, 0x0000000003000000, 0x0000000011990000]
 total_blobs=2215 nmethods=1867 adapters=262
 compilation: enabled

Compilation events (10 events):
Event: 5.344 Thread 0x0000000055191000 nmethod 1892% 0x0000000002fe7cd0 code [0x0000000002fe8180, 0x0000000002fec548]
Event: 5.344 Thread 0x0000000055191000 1868       2       macromedia.asc.parser.Scanner::retract (8 bytes)
Event: 5.345 Thread 0x0000000055191000 nmethod 1868 0x0000000002feeed0 code [0x0000000002fef040, 0x0000000002fef1a8]
Event: 5.345 Thread 0x0000000055191000 1869       2       macromedia.asc.parser.InputBuffer::retract (72 bytes)
Event: 5.345 Thread 0x0000000055191000 nmethod 1869 0x0000000002fef290 code [0x0000000002fef400, 0x0000000002fef908]
Event: 5.345 Thread 0x0000000055191000 1883       2       macromedia.asc.parser.MemberExpressionNode::hasAttribute (22 bytes)
Event: 5.345 Thread 0x0000000055191000 nmethod 1883 0x0000000002fefa90 code [0x0000000002fefc00, 0x0000000002fefda8]
Event: 5.345 Thread 0x0000000055191000 1896       1       macromedia.asc.parser.InputBuffer::positionOfNext (12 bytes)
Event: 5.345 Thread 0x0000000055191000 nmethod 1896 0x0000000002fefe50 code [0x0000000002feffa0, 0x0000000002ff00b0]
Event: 5.345 Thread 0x0000000055191000 1879       2       macromedia.asc.parser.Scanner::getTokenText (24 bytes)

GC Heap History (4 events):
Event: 3.802 GC heap before
{Heap before GC invocations=1 (full 0):
 PSYoungGen      total 38400K, used 33280K [0x00000000f8000000, 0x00000000faa80000, 0x0000000100000000)
  eden space 33280K, 100% used [0x00000000f8000000,0x00000000fa080000,0x00000000fa080000)
  from space 5120K, 0% used [0x00000000fa580000,0x00000000fa580000,0x00000000faa80000)
  to   space 5120K, 0% used [0x00000000fa080000,0x00000000fa080000,0x00000000fa580000)
 ParOldGen       total 87552K, used 0K [0x00000000e8000000, 0x00000000ed580000, 0x00000000f8000000)
  object space 87552K, 0% used [0x00000000e8000000,0x00000000e8000000,0x00000000ed580000)
 Metaspace       used 7954K, capacity 8465K, committed 8704K, reserved 1056768K
  class space    used 882K, capacity 913K, committed 1024K, reserved 1048576K
Event: 3.825 GC heap after
Heap after GC invocations=1 (full 0):
 PSYoungGen      total 38400K, used 5103K [0x00000000f8000000, 0x00000000faa80000, 0x0000000100000000)
  eden space 33280K, 0% used [0x00000000f8000000,0x00000000f8000000,0x00000000fa080000)
  from space 5120K, 99% used [0x00000000fa080000,0x00000000fa57bd50,0x00000000fa580000)
  to   space 5120K, 0% used [0x00000000fa580000,0x00000000fa580000,0x00000000faa80000)
 ParOldGen       total 87552K, used 7596K [0x00000000e8000000, 0x00000000ed580000, 0x00000000f8000000)
  object space 87552K, 8% used [0x00000000e8000000,0x00000000e876b020,0x00000000ed580000)
 Metaspace       used 7954K, capacity 8465K, committed 8704K, reserved 1056768K
  class space    used 882K, capacity 913K, committed 1024K, reserved 1048576K
}
Event: 4.785 GC heap before
{Heap before GC invocations=2 (full 0):
 PSYoungGen      total 38400K, used 38383K [0x00000000f8000000, 0x00000000faa80000, 0x0000000100000000)
  eden space 33280K, 100% used [0x00000000f8000000,0x00000000fa080000,0x00000000fa080000)
  from space 5120K, 99% used [0x00000000fa080000,0x00000000fa57bd50,0x00000000fa580000)
  to   space 5120K, 0% used [0x00000000fa580000,0x00000000fa580000,0x00000000faa80000)
 ParOldGen       total 87552K, used 7596K [0x00000000e8000000, 0x00000000ed580000, 0x00000000f8000000)
  object space 87552K, 8% used [0x00000000e8000000,0x00000000e876b020,0x00000000ed580000)
 Metaspace       used 11409K, capacity 11849K, committed 12160K, reserved 1060864K
  class space    used 1290K, capacity 1337K, committed 1408K, reserved 1048576K
Event: 4.845 GC heap after
Heap after GC invocations=2 (full 0):
 PSYoungGen      total 38400K, used 5100K [0x00000000f8000000, 0x00000000fcb00000, 0x0000000100000000)
  eden space 33280K, 0% used [0x00000000f8000000,0x00000000f8000000,0x00000000fa080000)
  from space 5120K, 99% used [0x00000000fa580000,0x00000000faa7b258,0x00000000faa80000)
  to   space 5120K, 0% used [0x00000000fa080000,0x00000000fa080000,0x00000000fa580000)
 ParOldGen       total 87552K, used 22287K [0x00000000e8000000, 0x00000000ed580000, 0x00000000f8000000)
  object space 87552K, 25% used [0x00000000e8000000,0x00000000e95c3db0,0x00000000ed580000)
 Metaspace       used 11409K, capacity 11849K, committed 12160K, reserved 1060864K
  class space    used 1290K, capacity 1337K, committed 1408K, reserved 1048576K
}

Deoptimization events (10 events):
Event: 5.109 Thread 0x000000000238e800 Uncommon trap: reason=bimorphic action=maybe_recompile pc=0x0000000002f1c0ac method=macromedia.asc.parser.IdentifierNode.evaluate(Lmacromedia/asc/util/Context;Lmacromedia/asc/parser/Evaluator;)Lmacromedia/asc/semantics/Value; @ 3
Event: 5.110 Thread 0x000000000238e800 Uncommon trap: reason=bimorphic action=maybe_recompile pc=0x0000000002f1c0ac method=macromedia.asc.parser.IdentifierNode.evaluate(Lmacromedia/asc/util/Context;Lmacromedia/asc/parser/Evaluator;)Lmacromedia/asc/semantics/Value; @ 3
Event: 5.110 Thread 0x000000000238e800 Uncommon trap: reason=bimorphic action=maybe_recompile pc=0x0000000002f1c0ac method=macromedia.asc.parser.IdentifierNode.evaluate(Lmacromedia/asc/util/Context;Lmacromedia/asc/parser/Evaluator;)Lmacromedia/asc/semantics/Value; @ 3
Event: 5.110 Thread 0x000000000238e800 Uncommon trap: reason=bimorphic action=maybe_recompile pc=0x0000000002f1c0ac method=macromedia.asc.parser.IdentifierNode.evaluate(Lmacromedia/asc/util/Context;Lmacromedia/asc/parser/Evaluator;)Lmacromedia/asc/semantics/Value; @ 3
Event: 5.118 Thread 0x000000000238e800 Uncommon trap: reason=bimorphic action=maybe_recompile pc=0x0000000002e17344 method=java.util.HashMap.putVal(ILjava/lang/Object;Ljava/lang/Object;ZZ)Ljava/lang/Object; @ 203
Event: 5.118 Thread 0x000000000238e800 Uncommon trap: reason=bimorphic action=maybe_recompile pc=0x0000000002e17344 method=java.util.HashMap.putVal(ILjava/lang/Object;Ljava/lang/Object;ZZ)Ljava/lang/Object; @ 203
Event: 5.118 Thread 0x000000000238e800 Uncommon trap: reason=bimorphic action=maybe_recompile pc=0x0000000002e17344 method=java.util.HashMap.putVal(ILjava/lang/Object;Ljava/lang/Object;ZZ)Ljava/lang/Object; @ 203
Event: 5.118 Thread 0x000000000238e800 Uncommon trap: reason=bimorphic action=maybe_recompile pc=0x0000000002e17344 method=java.util.HashMap.putVal(ILjava/lang/Object;Ljava/lang/Object;ZZ)Ljava/lang/Object; @ 203
Event: 5.263 Thread 0x000000000238e800 Uncommon trap: reason=unstable_if action=reinterpret pc=0x0000000002bb5e98 method=java.lang.Class.searchMethods([Ljava/lang/reflect/Method;Ljava/lang/String;[Ljava/lang/Class;)Ljava/lang/reflect/Method; @ 43
Event: 5.303 Thread 0x000000000238e800 Uncommon trap: reason=unstable_if action=reinterpret pc=0x0000000002df2e14 method=macromedia.asc.parser.Node.setPositionNonterminal(Lmacromedia/asc/parser/Node;I)V @ 39

Internal exceptions (10 events):
Event: 5.206 Thread 0x000000000238e800 Exception <a 'java/lang/NoSuchMethodError': <clinit>> (0x00000000f91653c0) thrown at [C:\workspace\8-2-build-windows-amd64-cygwin\jdk8u65\4987\hotspot\src\share\vm\prims\jni.cpp, line 1591]
Event: 5.207 Thread 0x000000000238e800 Exception <a 'java/lang/NoSuchMethodError': <clinit>> (0x00000000f9174890) thrown at [C:\workspace\8-2-build-windows-amd64-cygwin\jdk8u65\4987\hotspot\src\share\vm\prims\jni.cpp, line 1591]
Event: 5.209 Thread 0x000000000238e800 Exception <a 'java/lang/NoSuchMethodError': <clinit>> (0x00000000f9181f90) thrown at [C:\workspace\8-2-build-windows-amd64-cygwin\jdk8u65\4987\hotspot\src\share\vm\prims\jni.cpp, line 1591]
Event: 5.212 Thread 0x000000000238e800 Exception <a 'java/lang/NoSuchMethodError': <clinit>> (0x00000000f9194e68) thrown at [C:\workspace\8-2-build-windows-amd64-cygwin\jdk8u65\4987\hotspot\src\share\vm\prims\jni.cpp, line 1591]
Event: 5.215 Thread 0x000000000238e800 Exception <a 'java/lang/NoSuchMethodError': <clinit>> (0x00000000f91a4000) thrown at [C:\workspace\8-2-build-windows-amd64-cygwin\jdk8u65\4987\hotspot\src\share\vm\prims\jni.cpp, line 1591]
Event: 5.218 Thread 0x000000000238e800 Exception <a 'java/lang/NoSuchMethodError': <clinit>> (0x00000000f91b4a60) thrown at [C:\workspace\8-2-build-windows-amd64-cygwin\jdk8u65\4987\hotspot\src\share\vm\prims\jni.cpp, line 1591]
Event: 5.222 Thread 0x000000000238e800 Exception <a 'java/lang/NoSuchMethodError': <clinit>> (0x00000000f91c5e80) thrown at [C:\workspace\8-2-build-windows-amd64-cygwin\jdk8u65\4987\hotspot\src\share\vm\prims\jni.cpp, line 1591]
Event: 5.228 Thread 0x000000000238e800 Exception <a 'java/lang/NoSuchMethodError': <clinit>> (0x00000000f91e6518) thrown at [C:\workspace\8-2-build-windows-amd64-cygwin\jdk8u65\4987\hotspot\src\share\vm\prims\jni.cpp, line 1591]
Event: 5.235 Thread 0x000000000238e800 Exception <a 'java/lang/NoSuchMethodError': <clinit>> (0x00000000f91fd720) thrown at [C:\workspace\8-2-build-windows-amd64-cygwin\jdk8u65\4987\hotspot\src\share\vm\prims\jni.cpp, line 1591]
Event: 5.238 Thread 0x000000000238e800 Exception <a 'java/lang/NoSuchMethodError': <clinit>> (0x00000000f9210fa8) thrown at [C:\workspace\8-2-build-windows-amd64-cygwin\jdk8u65\4987\hotspot\src\share\vm\prims\jni.cpp, line 1591]

Events (10 events):
Event: 5.298 loading class macromedia/asc/parser/Token done
Event: 5.300 loading class macromedia/asc/parser/Tokens
Event: 5.300 loading class macromedia/asc/parser/Tokens done
Event: 5.303 Thread 0x000000000238e800 Uncommon trap: trap_request=0xffffff65 fr.pc=0x0000000002df2e14
Event: 5.303 Thread 0x000000000238e800 DEOPT PACKING pc=0x0000000002df2e14 sp=0x00000000026be4d0
Event: 5.303 Thread 0x000000000238e800 DEOPT UNPACKING pc=0x00000000029d556a sp=0x00000000026be478 mode 2
Event: 5.307 loading class macromedia/asc/parser/ClassNameNode
Event: 5.307 loading class macromedia/asc/parser/ClassNameNode done
Event: 5.308 loading class macromedia/asc/parser/InheritanceNode
Event: 5.308 loading class macromedia/asc/parser/InheritanceNode done


Dynamic libraries:
0x000000013f700000 - 0x000000013f737000 	C:\ProgramData\Oracle\Java\javapath\java.exe
0x0000000077bc0000 - 0x0000000077d69000 	C:\Windows\SYSTEM32\ntdll.dll
0x0000000077aa0000 - 0x0000000077bc0000 	C:\Windows\system32\kernel32.dll
0x000007fefdc50000 - 0x000007fefdcbc000 	C:\Windows\system32\KERNELBASE.dll
0x000007feffd80000 - 0x000007feffe5b000 	C:\Windows\system32\ADVAPI32.dll
0x000007fefee80000 - 0x000007fefef1f000 	C:\Windows\system32\msvcrt.dll
0x000007feffab0000 - 0x000007feffacf000 	C:\Windows\SYSTEM32\sechost.dll
0x000007fefed20000 - 0x000007fefee4d000 	C:\Windows\system32\RPCRT4.dll
0x00000000779a0000 - 0x0000000077a9a000 	C:\Windows\system32\USER32.dll
0x000007feffe60000 - 0x000007feffec7000 	C:\Windows\system32\GDI32.dll
0x000007fefed00000 - 0x000007fefed0e000 	C:\Windows\system32\LPK.dll
0x000007feff010000 - 0x000007feff0da000 	C:\Windows\system32\USP10.dll
0x000007fefbd40000 - 0x000007fefbf34000 	C:\Windows\WinSxS\amd64_microsoft.windows.common-controls_6595b64144ccf1df_6.0.7601.18837_none_fa3b1e3d17594757\COMCTL32.dll
0x000007feffc60000 - 0x000007feffcd1000 	C:\Windows\system32\SHLWAPI.dll
0x000007fefee50000 - 0x000007fefee7e000 	C:\Windows\system32\IMM32.DLL
0x000007fefebf0000 - 0x000007fefecf9000 	C:\Windows\system32\MSCTF.dll
0x000000005a2f0000 - 0x000000005a3c2000 	C:\Program Files\Java\jre1.8.0_65\bin\msvcr100.dll
0x0000000059a60000 - 0x000000005a2e9000 	C:\Program Files\Java\jre1.8.0_65\bin\server\jvm.dll
0x000007fefb050000 - 0x000007fefb059000 	C:\Windows\system32\WSOCK32.dll
0x000007fefef20000 - 0x000007fefef6d000 	C:\Windows\system32\WS2_32.dll
0x000007fefed10000 - 0x000007fefed18000 	C:\Windows\system32\NSI.dll
0x000007fefafe0000 - 0x000007fefb01b000 	C:\Windows\system32\WINMM.dll
0x000007fefcac0000 - 0x000007fefcacc000 	C:\Windows\system32\VERSION.dll
0x0000000077d90000 - 0x0000000077d97000 	C:\Windows\system32\PSAPI.DLL
0x000000005a4a0000 - 0x000000005a4af000 	C:\Program Files\Java\jre1.8.0_65\bin\verify.dll
0x000000005a470000 - 0x000000005a499000 	C:\Program Files\Java\jre1.8.0_65\bin\java.dll
0x000000005a450000 - 0x000000005a466000 	C:\Program Files\Java\jre1.8.0_65\bin\zip.dll
0x000007fefdd20000 - 0x000007fefeaa9000 	C:\Windows\system32\SHELL32.dll
0x000007feff0e0000 - 0x000007feff2e3000 	C:\Windows\system32\ole32.dll
0x000007fefd970000 - 0x000007fefd97f000 	C:\Windows\system32\profapi.dll
0x000007fefb7d0000 - 0x000007fefb8f5000 	C:\Windows\system32\dbghelp.dll

VM Arguments:
jvm_args: -Xmx384m -Dsun.io.useCanonCaches=false -Duser.language=en -Duser.region=US -Djava.util.Arrays.useLegacyMergeSort=true -Dapplication.home=C:\Users\Georg\Downloads\flex_sdk_3.5 
java_command: C:\Users\Georg\Downloads\flex_sdk_3.5\lib\fcsh.jar
java_class_path (initial): C:\Users\Georg\Downloads\flex_sdk_3.5\lib\fcsh.jar
Launcher Type: SUN_STANDARD

Environment Variables:
PATH=C:\ProgramData\Oracle\Java\javapath;C:\Windows\system32;C:\Windows;C:\Windows\System32\Wbem;C:\Windows\System32\WindowsPowerShell\v1.0\;C:\Program Files (x86)\NVIDIA Corporation\PhysX\Common;C:\Windows\system32\config\systemprofile\.dnx\bin;C:\Program Files\Microsoft DNX\Dnvm\;C:\Program Files (x86)\FlashDevelop\Tools\AppMan;C:\Program Files (x86)\FlashDevelop
USERNAME=Georg
OS=Windows_NT
PROCESSOR_IDENTIFIER=Intel64 Family 6 Model 23 Stepping 10, GenuineIntel



---------------  S Y S T E M  ---------------

OS: Windows 7 , 64 bit Build 7601 (6.1.7601.19045)

CPU:total 4 (4 cores per cpu, 1 threads per core) family 6 model 23 stepping 10, cmov, cx8, fxsr, mmx, sse, sse2, sse3, ssse3, sse4.1, tsc

Memory: 4k page, physical 8387128k(5923224k free), swap 16772420k(13909664k free)

vm_info: Java HotSpot(TM) 64-Bit Server VM (25.65-b01) for windows-amd64 JRE (1.8.0_65-b17), built on Oct  6 2015 16:39:20 by "java_re" with MS VC++ 10.0 (VS2010)

time: Sun Dec 20 14:14:47 2015
elapsed time: 5 seconds (0d 0h 0m 5s)

