#
# A fatal error has been detected by the Java Runtime Environment:
#
#  EXCEPTION_ACCESS_VIOLATION (0xc0000005) at pc=0xffffffffa3685120, pid=3656, tid=3768
#
# JRE version: Java(TM) SE Runtime Environment (8.0_65-b17) (build 1.8.0_65-b17)
# Java VM: Java HotSpot(TM) 64-Bit Server VM (25.65-b01 mixed mode windows-amd64 compressed oops)
# Problematic frame:
# C  0xffffffffa3685120
#
# Failed to write core dump. Minidumps are not enabled by default on client versions of Windows
#
# If you would like to submit a bug report, please visit:
#   http://bugreport.java.com/bugreport/crash.jsp
#

---------------  T H R E A D  ---------------

Current thread (0x000000000034e800):  JavaThread "main" [_thread_in_Java, id=3768, stack(0x00000000022b0000,0x00000000023b0000)]

siginfo: ExceptionCode=0xc0000005, ExceptionInformation=0x0000000000000008 0xffffffffa3685120

Registers:
RAX=0x0000000012e21320, RBX=0x0000000052feb578, RCX=0x00000000fbe39368, RDX=0x00000000fb389f40
RSP=0x00000000023aebd8, RBP=0x00000000fbe39650, RSI=0x0000000012e21320, RDI=0x000000000000004e
R8 =0x00000000fb18bd50, R9 =0x00000000fbe39368, R10=0x0000000012e21320, R11=0x00000000fb18bd50
R12=0x0000000000000000, R13=0x00000000023aec18, R14=0x00000000023aeca0, R15=0x000000000034e800
RIP=0xffffffffa3685120, EFLAGS=0x0000000000010246

Top of Stack: (sp=0x00000000023aebd8)
0x00000000023aebd8:   00000000039ea52c 00000000fb389f40
0x00000000023aebe8:   00000000fc1d3c18 00000000023aec68
0x00000000023aebf8:   0000000002687a01 00000000023aec68
0x00000000023aec08:   0000000002687860 0000000002687860
0x00000000023aec18:   00000000fb389f40 00000000fbe39368
0x00000000023aec28:   00000000023aec28 000000005a3e74b8
0x00000000023aec38:   00000000023aeca0 000000005a3e85c8
0x00000000023aec48:   0000000000000000 000000005a3e7558
0x00000000023aec58:   00000000023aec18 00000000023aec98
0x00000000023aec68:   00000000023aece8 0000000002687a01
0x00000000023aec78:   00000000fb389e20 00000000fb389f40
0x00000000023aec88:   00000000fc1d3c18 00000000fbe39368
0x00000000023aec98:   00000000faa8b338 00000000fab6bae0
0x00000000023aeca8:   00000000023aeca8 000000005a3e5d44
0x00000000023aecb8:   00000000023aed00 000000005a3e7d78
0x00000000023aecc8:   0000000000000000 000000005a3e5d88 

Instructions: (pc=0xffffffffa3685120)
0xffffffffa3685100:   
[error occurred during error reporting (printing registers, top of stack, instructions near pc), id 0xc0000005]

Register to memory mapping:

RAX=0x0000000012e21320 is pointing into metadata
RBX={method} {0x0000000052feb580} 'get' '(Ljava/lang/Object;)Ljava/lang/Object;' in 'java/util/TreeMap'
RCX=0x00000000fbe39368 is an oop
java.util.TreeMap 
 - klass: 'java/util/TreeMap'
RDX=0x00000000fb389f40 is an oop
java.lang.Integer 
 - klass: 'java/lang/Integer'
RSP=0x00000000023aebd8 is pointing into the stack for thread: 0x000000000034e800
RBP=0x00000000fbe39650 is an oop
java.util.TreeMap$Entry 
 - klass: 'java/util/TreeMap$Entry'
RSI=0x0000000012e21320 is pointing into metadata
RDI=0x000000000000004e is an unknown value
R8 =0x00000000fb18bd50 is an oop
java.lang.Integer 
 - klass: 'java/lang/Integer'
R9 =0x00000000fbe39368 is an oop
java.util.TreeMap 
 - klass: 'java/util/TreeMap'
R10=0x0000000012e21320 is pointing into metadata
R11=0x00000000fb18bd50 is an oop
java.lang.Integer 
 - klass: 'java/lang/Integer'
R12=0x0000000000000000 is an unknown value
R13=0x00000000023aec18 is pointing into the stack for thread: 0x000000000034e800
R14=0x00000000023aeca0 is pointing into the stack for thread: 0x000000000034e800
R15=0x000000000034e800 is a thread


Stack: [0x00000000022b0000,0x00000000023b0000],  sp=0x00000000023aebd8,  free space=1018k
Native frames: (J=compiled Java code, j=interpreted, Vv=VM code, C=native code)
C  0xffffffffa3685120


---------------  P R O C E S S  ---------------

Java Threads: ( => current thread )
  0x0000000056025800 JavaThread "Image Fetcher 0" daemon [_thread_blocked, id=2472, stack(0x000000005a0c0000,0x000000005a1c0000)]
  0x00000000581b7000 JavaThread "AWT-Windows" daemon [_thread_in_native, id=1504, stack(0x0000000055690000,0x0000000055790000)]
  0x00000000580ad800 JavaThread "Java2D Disposer" daemon [_thread_blocked, id=3856, stack(0x0000000059ca0000,0x0000000059da0000)]
  0x000000005380f000 JavaThread "Service Thread" daemon [_thread_blocked, id=2764, stack(0x0000000055790000,0x0000000055890000)]
  0x00000000550e1000 JavaThread "C1 CompilerThread2" daemon [_thread_blocked, id=3064, stack(0x0000000055590000,0x0000000055690000)]
  0x00000000550e0800 JavaThread "C2 CompilerThread1" daemon [_thread_in_native, id=3488, stack(0x0000000054cf0000,0x0000000054df0000)]
  0x0000000053805000 JavaThread "C2 CompilerThread0" daemon [_thread_in_native, id=2824, stack(0x0000000054fe0000,0x00000000550e0000)]
  0x0000000053803800 JavaThread "Attach Listener" daemon [_thread_blocked, id=4080, stack(0x0000000054e10000,0x0000000054f10000)]
  0x0000000053800000 JavaThread "Signal Dispatcher" daemon [_thread_blocked, id=4060, stack(0x0000000054ba0000,0x0000000054ca0000)]
  0x00000000537a7800 JavaThread "Finalizer" daemon [_thread_blocked, id=628, stack(0x00000000548b0000,0x00000000549b0000)]
  0x00000000537a0800 JavaThread "Reference Handler" daemon [_thread_blocked, id=3704, stack(0x00000000549f0000,0x0000000054af0000)]
=>0x000000000034e800 JavaThread "main" [_thread_in_Java, id=3768, stack(0x00000000022b0000,0x00000000023b0000)]

Other Threads:
  0x000000005379b000 VMThread [stack: 0x00000000547b0000,0x00000000548b0000] [id=2408]
  0x0000000055184800 WatcherThread [stack: 0x00000000559d0000,0x0000000055ad0000] [id=2236]

VM state:not at safepoint (normal execution)

VM Mutex/Monitor currently owned by a thread: None

Heap:
 PSYoungGen      total 106496K, used 74027K [0x00000000f8000000, 0x0000000100000000, 0x0000000100000000)
  eden space 83456K, 83% used [0x00000000f8000000,0x00000000fc464b78,0x00000000fd180000)
  from space 23040K, 17% used [0x00000000fe880000,0x00000000fec66278,0x00000000fff00000)
  to   space 23552K, 0% used [0x00000000fd180000,0x00000000fd180000,0x00000000fe880000)
 ParOldGen       total 121344K, used 71808K [0x00000000e8000000, 0x00000000ef680000, 0x00000000f8000000)
  object space 121344K, 59% used [0x00000000e8000000,0x00000000ec6201a8,0x00000000ef680000)
 Metaspace       used 20313K, capacity 20973K, committed 21248K, reserved 1069056K
  class space    used 2066K, capacity 2190K, committed 2304K, reserved 1048576K

Card table byte_map: [0x0000000000270000,0x0000000000340000] byte_map_base: 0xffffffffffb30000

Marking Bits: (ParMarkBitMap*) 0x0000000063b4a5b0
 Begin Bits: [0x0000000012210000, 0x0000000012810000)
 End Bits:   [0x0000000012810000, 0x0000000012e10000)

Polling page: 0x0000000000230000

CodeCache: size=245760Kb used=20597Kb max_used=20615Kb free=225162Kb
 bounds [0x0000000002680000, 0x0000000003ae0000, 0x0000000011680000]
 total_blobs=5217 nmethods=4761 adapters=365
 compilation: enabled

Compilation events (10 events):
Event: 14.592 Thread 0x00000000550e0800 nmethod 5679 0x000000000328f290 code [0x000000000328f4e0, 0x0000000003290e10]
Event: 14.592 Thread 0x00000000550e0800 5684       4       macromedia.abc.BytecodeBuffer::readU32 (100 bytes)
Event: 14.594 Thread 0x00000000550e0800 nmethod 5684 0x0000000002893b90 code [0x0000000002893ce0, 0x0000000002893e78]
Event: 14.594 Thread 0x00000000550e0800 5683       4       macromedia.abc.MN::init (447 bytes)
Event: 14.608 Thread 0x00000000550e0800 nmethod 5683 0x0000000002cc3e10 code [0x0000000002cc40c0, 0x0000000002cc4a20]
Event: 14.608 Thread 0x00000000550e0800 5686       4       java.util.HashMap$TreeNode::getTreeNode (22 bytes)
Event: 14.627 Thread 0x00000000550e0800 nmethod 5686 0x00000000034e1c10 code [0x00000000034e1da0, 0x00000000034e2608]
Event: 14.627 Thread 0x00000000550e0800 5678       4       macromedia.abc.ByteArrayPool::newByteArray (8 bytes)
Event: 14.627 Thread 0x00000000550e1000 5687       3       java.lang.Integer::compareTo (9 bytes)
Event: 14.628 Thread 0x00000000550e1000 nmethod 5687 0x0000000002ceeed0 code [0x0000000002cef040, 0x0000000002cef470]

GC Heap History (10 events):
Event: 8.927 GC heap before
{Heap before GC invocations=9 (full 0):
 PSYoungGen      total 106496K, used 92056K [0x00000000f8000000, 0x0000000100000000, 0x0000000100000000)
  eden space 80384K, 100% used [0x00000000f8000000,0x00000000fce80000,0x00000000fce80000)
  from space 26112K, 44% used [0x00000000fe680000,0x00000000ff1e6300,0x0000000100000000)
  to   space 24576K, 0% used [0x00000000fce80000,0x00000000fce80000,0x00000000fe680000)
 ParOldGen       total 87552K, used 63017K [0x00000000e8000000, 0x00000000ed580000, 0x00000000f8000000)
  object space 87552K, 71% used [0x00000000e8000000,0x00000000ebd8a6b8,0x00000000ed580000)
 Metaspace       used 17716K, capacity 18067K, committed 18304K, reserved 1064960K
  class space    used 1787K, capacity 1903K, committed 1920K, reserved 1048576K
Event: 9.016 GC heap after
Heap after GC invocations=9 (full 0):
 PSYoungGen      total 94208K, used 13620K [0x00000000f8000000, 0x00000000ffc80000, 0x0000000100000000)
  eden space 80384K, 0% used [0x00000000f8000000,0x00000000f8000000,0x00000000fce80000)
  from space 13824K, 98% used [0x00000000fce80000,0x00000000fdbcd0e0,0x00000000fdc00000)
  to   space 23552K, 0% used [0x00000000fe580000,0x00000000fe580000,0x00000000ffc80000)
 ParOldGen       total 87552K, used 64806K [0x00000000e8000000, 0x00000000ed580000, 0x00000000f8000000)
  object space 87552K, 74% used [0x00000000e8000000,0x00000000ebf49898,0x00000000ed580000)
 Metaspace       used 17716K, capacity 18067K, committed 18304K, reserved 1064960K
  class space    used 1787K, capacity 1903K, committed 1920K, reserved 1048576K
}
Event: 10.480 GC heap before
{Heap before GC invocations=10 (full 0):
 PSYoungGen      total 94208K, used 94004K [0x00000000f8000000, 0x00000000ffc80000, 0x0000000100000000)
  eden space 80384K, 100% used [0x00000000f8000000,0x00000000fce80000,0x00000000fce80000)
  from space 13824K, 98% used [0x00000000fce80000,0x00000000fdbcd0e0,0x00000000fdc00000)
  to   space 23552K, 0% used [0x00000000fe580000,0x00000000fe580000,0x00000000ffc80000)
 ParOldGen       total 87552K, used 64806K [0x00000000e8000000, 0x00000000ed580000, 0x00000000f8000000)
  object space 87552K, 74% used [0x00000000e8000000,0x00000000ebf49898,0x00000000ed580000)
 Metaspace       used 19082K, capacity 19735K, committed 19840K, reserved 1067008K
  class space    used 1979K, capacity 2101K, committed 2176K, reserved 1048576K
Event: 10.529 GC heap after
Heap after GC invocations=10 (full 0):
 PSYoungGen      total 103936K, used 16247K [0x00000000f8000000, 0x0000000100000000, 0x0000000100000000)
  eden space 80384K, 0% used [0x00000000f8000000,0x00000000f8000000,0x00000000fce80000)
  from space 23552K, 68% used [0x00000000fe580000,0x00000000ff55de18,0x00000000ffc80000)
  to   space 23552K, 0% used [0x00000000fce80000,0x00000000fce80000,0x00000000fe580000)
 ParOldGen       total 87552K, used 70290K [0x00000000e8000000, 0x00000000ed580000, 0x00000000f8000000)
  object space 87552K, 80% used [0x00000000e8000000,0x00000000ec4a4b98,0x00000000ed580000)
 Metaspace       used 19082K, capacity 19735K, committed 19840K, reserved 1067008K
  class space    used 1979K, capacity 2101K, committed 2176K, reserved 1048576K
}
Event: 10.529 GC heap before
{Heap before GC invocations=11 (full 1):
 PSYoungGen      total 103936K, used 16247K [0x00000000f8000000, 0x0000000100000000, 0x0000000100000000)
  eden space 80384K, 0% used [0x00000000f8000000,0x00000000f8000000,0x00000000fce80000)
  from space 23552K, 68% used [0x00000000fe580000,0x00000000ff55de18,0x00000000ffc80000)
  to   space 23552K, 0% used [0x00000000fce80000,0x00000000fce80000,0x00000000fe580000)
 ParOldGen       total 87552K, used 70290K [0x00000000e8000000, 0x00000000ed580000, 0x00000000f8000000)
  object space 87552K, 80% used [0x00000000e8000000,0x00000000ec4a4b98,0x00000000ed580000)
 Metaspace       used 19082K, capacity 19735K, committed 19840K, reserved 1067008K
  class space    used 1979K, capacity 2101K, committed 2176K, reserved 1048576K
Event: 10.806 GC heap after
Heap after GC invocations=11 (full 1):
 PSYoungGen      total 103936K, used 0K [0x00000000f8000000, 0x0000000100000000, 0x0000000100000000)
  eden space 80384K, 0% used [0x00000000f8000000,0x00000000f8000000,0x00000000fce80000)
  from space 23552K, 0% used [0x00000000fe580000,0x00000000fe580000,0x00000000ffc80000)
  to   space 23552K, 0% used [0x00000000fce80000,0x00000000fce80000,0x00000000fe580000)
 ParOldGen       total 121344K, used 61583K [0x00000000e8000000, 0x00000000ef680000, 0x00000000f8000000)
  object space 121344K, 50% used [0x00000000e8000000,0x00000000ebc23da8,0x00000000ef680000)
 Metaspace       used 19082K, capacity 19735K, committed 19840K, reserved 1067008K
  class space    used 1979K, capacity 2101K, committed 2176K, reserved 1048576K
}
Event: 11.856 GC heap before
{Heap before GC invocations=12 (full 1):
 PSYoungGen      total 103936K, used 80384K [0x00000000f8000000, 0x0000000100000000, 0x0000000100000000)
  eden space 80384K, 100% used [0x00000000f8000000,0x00000000fce80000,0x00000000fce80000)
  from space 23552K, 0% used [0x00000000fe580000,0x00000000fe580000,0x00000000ffc80000)
  to   space 23552K, 0% used [0x00000000fce80000,0x00000000fce80000,0x00000000fe580000)
 ParOldGen       total 121344K, used 61583K [0x00000000e8000000, 0x00000000ef680000, 0x00000000f8000000)
  object space 121344K, 50% used [0x00000000e8000000,0x00000000ebc23da8,0x00000000ef680000)
 Metaspace       used 19275K, capacity 19941K, committed 20096K, reserved 1067008K
  class space    used 1990K, capacity 2114K, committed 2176K, reserved 1048576K
Event: 11.891 GC heap after
Heap after GC invocations=12 (full 1):
 PSYoungGen      total 103936K, used 12406K [0x00000000f8000000, 0x00000000fff00000, 0x0000000100000000)
  eden space 80384K, 0% used [0x00000000f8000000,0x00000000f8000000,0x00000000fce80000)
  from space 23552K, 52% used [0x00000000fce80000,0x00000000fda9d8b0,0x00000000fe580000)
  to   space 23040K, 0% used [0x00000000fe880000,0x00000000fe880000,0x00000000fff00000)
 ParOldGen       total 121344K, used 61591K [0x00000000e8000000, 0x00000000ef680000, 0x00000000f8000000)
  object space 121344K, 50% used [0x00000000e8000000,0x00000000ebc25da8,0x00000000ef680000)
 Metaspace       used 19275K, capacity 19941K, committed 20096K, reserved 1067008K
  class space    used 1990K, capacity 2114K, committed 2176K, reserved 1048576K
}
Event: 12.784 GC heap before
{Heap before GC invocations=13 (full 1):
 PSYoungGen      total 103936K, used 92790K [0x00000000f8000000, 0x00000000fff00000, 0x0000000100000000)
  eden space 80384K, 100% used [0x00000000f8000000,0x00000000fce80000,0x00000000fce80000)
  from space 23552K, 52% used [0x00000000fce80000,0x00000000fda9d8b0,0x00000000fe580000)
  to   space 23040K, 0% used [0x00000000fe880000,0x00000000fe880000,0x00000000fff00000)
 ParOldGen       total 121344K, used 61591K [0x00000000e8000000, 0x00000000ef680000, 0x00000000f8000000)
  object space 121344K, 50% used [0x00000000e8000000,0x00000000ebc25da8,0x00000000ef680000)
 Metaspace       used 19528K, capacity 20237K, committed 20352K, reserved 1067008K
  class space    used 2007K, capacity 2158K, committed 2176K, reserved 1048576K
Event: 12.822 GC heap after
Heap after GC invocations=13 (full 1):
 PSYoungGen      total 106496K, used 3992K [0x00000000f8000000, 0x0000000100000000, 0x0000000100000000)
  eden space 83456K, 0% used [0x00000000f8000000,0x00000000f8000000,0x00000000fd180000)
  from space 23040K, 17% used [0x00000000fe880000,0x00000000fec66278,0x00000000fff00000)
  to   space 23552K, 0% used [0x00000000fd180000,0x00000000fd180000,0x00000000fe880000)
 ParOldGen       total 121344K, used 71808K [0x00000000e8000000, 0x00000000ef680000, 0x00000000f8000000)
  object space 121344K, 59% used [0x00000000e8000000,0x00000000ec6201a8,0x00000000ef680000)
 Metaspace       used 19528K, capacity 20237K, committed 20352K, reserved 1067008K
  class space    used 2007K, capacity 2158K, committed 2176K, reserved 1048576K
}

Deoptimization events (10 events):
Event: 13.369 Thread 0x000000000034e800 Uncommon trap: reason=unstable_if action=reinterpret pc=0x00000000029cc9fc method=java.util.HashMap.resize()[Ljava/util/HashMap$Node; @ 206
Event: 13.467 Thread 0x000000000034e800 Uncommon trap: reason=predicate action=maybe_recompile pc=0x00000000034cd1d0 method=java.util.TreeMap.getEntry(Ljava/lang/Object;)Ljava/util/TreeMap$Entry; @ 39
Event: 13.467 Thread 0x000000000034e800 Uncommon trap: reason=predicate action=maybe_recompile pc=0x00000000031a3164 method=java.util.TreeMap.getEntry(Ljava/lang/Object;)Ljava/util/TreeMap$Entry; @ 39
Event: 13.900 Thread 0x000000000034e800 Uncommon trap: reason=unstable_if action=reinterpret pc=0x0000000003a5ad1c method=macromedia.abc.BytecodeBuffer.writeU32(J)V @ 48
Event: 13.953 Thread 0x000000000034e800 Uncommon trap: reason=unstable_if action=reinterpret pc=0x0000000003a5c9a8 method=macromedia.abc.MN.equals(Ljava/lang/Object;)Z @ 171
Event: 14.118 Thread 0x000000000034e800 Uncommon trap: reason=unstable_if action=reinterpret pc=0x0000000003a7da7c method=macromedia.abc.BytecodeBuffer.resize(I)V @ 11
Event: 14.365 Thread 0x000000000034e800 Uncommon trap: reason=unstable_if action=reinterpret pc=0x0000000003a5f700 method=macromedia.abc.IndexHistory.decodeOnDemand(IIII)V @ 797
Event: 14.535 Thread 0x000000000034e800 Uncommon trap: reason=range_check action=make_not_entrant pc=0x0000000003a52868 method=macromedia.abc.BytecodeBuffer.readU8()I @ 8
Event: 14.535 Thread 0x000000000034e800 Uncommon trap: reason=range_check action=make_not_entrant pc=0x0000000002a4e7ac method=macromedia.abc.BytecodeBuffer.readU8()I @ 8
Event: 14.536 Thread 0x000000000034e800 Uncommon trap: reason=unstable_if action=reinterpret pc=0x0000000003a1e450 method=macromedia.abc.BytecodeBuffer.resize(I)V @ 11

Internal exceptions (10 events):
Event: 12.158 Thread 0x000000000034e800 Exception <a 'java/lang/ClassNotFoundException': sun/net/www/protocol/c/Handler> (0x00000000fa5f2530) thrown at [C:\workspace\8-2-build-windows-amd64-cygwin\jdk8u65\4987\hotspot\src\share\vm\classfile\systemDictionary.cpp, line 210]
Event: 12.159 Thread 0x000000000034e800 Exception <a 'java/io/IOException'> (0x00000000fa5f5288) thrown at [C:\workspace\8-2-build-windows-amd64-cygwin\jdk8u65\4987\hotspot\src\share\vm\prims\jni.cpp, line 709]
Event: 12.160 Thread 0x000000000034e800 Exception <a 'java/lang/ClassNotFoundException': sun/net/www/protocol/c/Handler> (0x00000000fa5f6b58) thrown at [C:\workspace\8-2-build-windows-amd64-cygwin\jdk8u65\4987\hotspot\src\share\vm\classfile\systemDictionary.cpp, line 210]
Event: 12.160 Thread 0x000000000034e800 Exception <a 'java/lang/ClassNotFoundException': sun/net/www/protocol/c/Handler> (0x00000000fa5f9b80) thrown at [C:\workspace\8-2-build-windows-amd64-cygwin\jdk8u65\4987\hotspot\src\share\vm\classfile\systemDictionary.cpp, line 210]
Event: 12.168 Thread 0x000000000034e800 Exception <a 'java/io/IOException'> (0x00000000fa654c00) thrown at [C:\workspace\8-2-build-windows-amd64-cygwin\jdk8u65\4987\hotspot\src\share\vm\prims\jni.cpp, line 709]
Event: 12.168 Thread 0x000000000034e800 Exception <a 'java/lang/ClassNotFoundException': sun/net/www/protocol/c/Handler> (0x00000000fa656500) thrown at [C:\workspace\8-2-build-windows-amd64-cygwin\jdk8u65\4987\hotspot\src\share\vm\classfile\systemDictionary.cpp, line 210]
Event: 12.169 Thread 0x000000000034e800 Exception <a 'java/lang/ClassNotFoundException': sun/net/www/protocol/c/Handler> (0x00000000fa659508) thrown at [C:\workspace\8-2-build-windows-amd64-cygwin\jdk8u65\4987\hotspot\src\share\vm\classfile\systemDictionary.cpp, line 210]
Event: 12.170 Thread 0x000000000034e800 Exception <a 'java/io/IOException'> (0x00000000fa65c700) thrown at [C:\workspace\8-2-build-windows-amd64-cygwin\jdk8u65\4987\hotspot\src\share\vm\prims\jni.cpp, line 709]
Event: 12.170 Thread 0x000000000034e800 Exception <a 'java/lang/ClassNotFoundException': sun/net/www/protocol/c/Handler> (0x00000000fa65df10) thrown at [C:\workspace\8-2-build-windows-amd64-cygwin\jdk8u65\4987\hotspot\src\share\vm\classfile\systemDictionary.cpp, line 210]
Event: 12.170 Thread 0x000000000034e800 Exception <a 'java/lang/ClassNotFoundException': sun/net/www/protocol/c/Handler> (0x00000000fa660f18) thrown at [C:\workspace\8-2-build-windows-amd64-cygwin\jdk8u65\4987\hotspot\src\share\vm\classfile\systemDictionary.cpp, line 210]

Events (10 events):
Event: 14.533 Thread 0x000000000034e800 DEOPT UNPACKING pc=0x00000000026c71bf sp=0x00000000023ae928 mode 0
Event: 14.535 Thread 0x000000000034e800 Uncommon trap: trap_request=0xffffffe4 fr.pc=0x0000000003a52868
Event: 14.535 Thread 0x000000000034e800 DEOPT PACKING pc=0x0000000003a52868 sp=0x00000000023ae750
Event: 14.535 Thread 0x000000000034e800 DEOPT UNPACKING pc=0x00000000026c556a sp=0x00000000023ae618 mode 2
Event: 14.535 Thread 0x000000000034e800 Uncommon trap: trap_request=0xffffffe4 fr.pc=0x0000000002a4e7ac
Event: 14.535 Thread 0x000000000034e800 DEOPT PACKING pc=0x0000000002a4e7ac sp=0x00000000023ae6d0
Event: 14.535 Thread 0x000000000034e800 DEOPT UNPACKING pc=0x00000000026c556a sp=0x00000000023ae610 mode 2
Event: 14.536 Thread 0x000000000034e800 Uncommon trap: trap_request=0xffffff65 fr.pc=0x0000000003a1e450
Event: 14.536 Thread 0x000000000034e800 DEOPT PACKING pc=0x0000000003a1e450 sp=0x00000000023ae850
Event: 14.536 Thread 0x000000000034e800 DEOPT UNPACKING pc=0x00000000026c556a sp=0x00000000023ae7d8 mode 2


Dynamic libraries:
0x000000013fe90000 - 0x000000013fec7000 	C:\ProgramData\Oracle\Java\javapath\java.exe
0x0000000077280000 - 0x0000000077429000 	C:\Windows\SYSTEM32\ntdll.dll
0x0000000077160000 - 0x0000000077280000 	C:\Windows\system32\kernel32.dll
0x000007fefd2d0000 - 0x000007fefd33c000 	C:\Windows\system32\KERNELBASE.dll
0x000007fefd570000 - 0x000007fefd64b000 	C:\Windows\system32\ADVAPI32.dll
0x000007feff470000 - 0x000007feff50f000 	C:\Windows\system32\msvcrt.dll
0x000007fefd830000 - 0x000007fefd84f000 	C:\Windows\SYSTEM32\sechost.dll
0x000007feff260000 - 0x000007feff38d000 	C:\Windows\system32\RPCRT4.dll
0x0000000077060000 - 0x000000007715a000 	C:\Windows\system32\USER32.dll
0x000007fefda00000 - 0x000007fefda67000 	C:\Windows\system32\GDI32.dll
0x000007fefe800000 - 0x000007fefe80e000 	C:\Windows\system32\LPK.dll
0x000007fefd4a0000 - 0x000007fefd569000 	C:\Windows\system32\USP10.dll
0x000007fefb400000 - 0x000007fefb5f4000 	C:\Windows\WinSxS\amd64_microsoft.windows.common-controls_6595b64144ccf1df_6.0.7601.18837_none_fa3b1e3d17594757\COMCTL32.dll
0x000007fefd850000 - 0x000007fefd8c1000 	C:\Windows\system32\SHLWAPI.dll
0x000007fefd9d0000 - 0x000007fefd9fe000 	C:\Windows\system32\IMM32.DLL
0x000007fefea80000 - 0x000007fefeb89000 	C:\Windows\system32\MSCTF.dll
0x0000000063bd0000 - 0x0000000063ca2000 	C:\Program Files\Java\jre1.8.0_65\bin\msvcr100.dll
0x0000000063340000 - 0x0000000063bc9000 	C:\Program Files\Java\jre1.8.0_65\bin\server\jvm.dll
0x000007fefa0d0000 - 0x000007fefa0d9000 	C:\Windows\system32\WSOCK32.dll
0x000007fefd980000 - 0x000007fefd9cd000 	C:\Windows\system32\WS2_32.dll
0x000007fefd970000 - 0x000007fefd978000 	C:\Windows\system32\NSI.dll
0x000007fefa540000 - 0x000007fefa57b000 	C:\Windows\system32\WINMM.dll
0x000007fefc180000 - 0x000007fefc18c000 	C:\Windows\system32\VERSION.dll
0x0000000077440000 - 0x0000000077447000 	C:\Windows\system32\PSAPI.DLL
0x0000000070b60000 - 0x0000000070b6f000 	C:\Program Files\Java\jre1.8.0_65\bin\verify.dll
0x0000000063f50000 - 0x0000000063f79000 	C:\Program Files\Java\jre1.8.0_65\bin\java.dll
0x00000000702d0000 - 0x00000000702e6000 	C:\Program Files\Java\jre1.8.0_65\bin\zip.dll
0x000007fefda70000 - 0x000007fefe7f9000 	C:\Windows\system32\SHELL32.dll
0x000007fefeff0000 - 0x000007feff1f3000 	C:\Windows\system32\ole32.dll
0x000007fefd020000 - 0x000007fefd02f000 	C:\Windows\system32\profapi.dll
0x00000000631a0000 - 0x0000000063338000 	C:\Program Files\Java\jre1.8.0_65\bin\awt.dll
0x000007feff390000 - 0x000007feff467000 	C:\Windows\system32\OLEAUT32.dll
0x000007fefafa0000 - 0x000007fefaff6000 	C:\Windows\system32\uxtheme.dll
0x000007fefabd0000 - 0x000007fefabe8000 	C:\Windows\system32\dwmapi.dll
0x000007fefcec0000 - 0x000007fefcecf000 	C:\Windows\system32\CRYPTBASE.dll
0x000007fefaa60000 - 0x000007fefab85000 	C:\Windows\system32\dbghelp.dll

VM Arguments:
jvm_args: -Xmx384m -Dsun.io.useCanonCaches=false -Duser.language=en -Duser.region=US -Djava.util.Arrays.useLegacyMergeSort=true -Dapplication.home=C:\Users\Georg\Downloads\flex_sdk_3.5 
java_command: C:\Users\Georg\Downloads\flex_sdk_3.5\lib\fcsh.jar
java_class_path (initial): C:\Users\Georg\Downloads\flex_sdk_3.5\lib\fcsh.jar
Launcher Type: SUN_STANDARD

Environment Variables:
PATH=C:\ProgramData\Oracle\Java\javapath;C:\Program Files (x86)\NVIDIA Corporation\PhysX\Common;C:\Windows\system32;C:\Windows;C:\Windows\System32\Wbem;C:\Windows\System32\WindowsPowerShell\v1.0\;C:\Program Files (x86)\FlashDevelop\Tools\AppMan;C:\Program Files (x86)\FlashDevelop
USERNAME=Georg
OS=Windows_NT
PROCESSOR_IDENTIFIER=Intel64 Family 6 Model 23 Stepping 10, GenuineIntel



---------------  S Y S T E M  ---------------

OS: Windows 7 , 64 bit Build 7601 (6.1.7601.19045)

CPU:total 4 (4 cores per cpu, 1 threads per core) family 6 model 23 stepping 10, cmov, cx8, fxsr, mmx, sse, sse2, sse3, ssse3, sse4.1, tsc

Memory: 4k page, physical 8387128k(5970248k free), swap 16772420k(14029804k free)

vm_info: Java HotSpot(TM) 64-Bit Server VM (25.65-b01) for windows-amd64 JRE (1.8.0_65-b17), built on Oct  6 2015 16:39:20 by "java_re" with MS VC++ 10.0 (VS2010)

time: Tue Dec 08 12:09:41 2015
elapsed time: 14 seconds (0d 0h 0m 14s)

