#
# A fatal error has been detected by the Java Runtime Environment:
#
#  EXCEPTION_ACCESS_VIOLATION (0xc0000005) at pc=0xffffffffa4585120, pid=2708, tid=2060
#
# JRE version: Java(TM) SE Runtime Environment (8.0_65-b17) (build 1.8.0_65-b17)
# Java VM: Java HotSpot(TM) 64-Bit Server VM (25.65-b01 mixed mode windows-amd64 compressed oops)
# Problematic frame:
# C  0xffffffffa4585120
#
# Failed to write core dump. Minidumps are not enabled by default on client versions of Windows
#
# If you would like to submit a bug report, please visit:
#   http://bugreport.java.com/bugreport/crash.jsp
#

---------------  T H R E A D  ---------------

Current thread (0x000000000045e000):  JavaThread "main" [_thread_in_Java, id=2060, stack(0x00000000021b0000,0x00000000022b0000)]

siginfo: ExceptionCode=0xc0000005, ExceptionInformation=0x0000000000000008 0xffffffffa4585120

Registers:
RAX=0x00000000f89a2bd0, RBX=0x0000000052ac5d38, RCX=0x0000000000000000, RDX=0x00000000f89a2bd0
RSP=0x00000000022aef78, RBP=0x00000000022af060, RSI=0x0000000052ac5d38, RDI=0x0000000000000000
R8 =0x00000000ec846140, R9 =0x0000000000000000, R10=0x0000000065ce2140, R11=0x0000000003661ce0
R12=0x0000000000000000, R13=0x00000000022af000, R14=0x00000000022af0c8, R15=0x000000000045e000
RIP=0xffffffffa4585120, EFLAGS=0x0000000000010246

Top of Stack: (sp=0x00000000022aef78)
0x00000000022aef78:   0000000003661d84 00000000f88f87a0
0x00000000022aef88:   3834879900000001 00000000f89982e8
0x00000000022aef98:   0000000012ade5e8 00000000f8919fe8
0x00000000022aefa8:   00000000f8978e48 00000000f89a2b98
0x00000000022aefb8:   0000000002786cc4 00000000e917bfc8
0x00000000022aefc8:   00000000f89a2bd0 00000000ea325c28
0x00000000022aefd8:   00000000038d39a0 00000000022af060
0x00000000022aefe8:   0000000002587790 00000000022af060
0x00000000022aeff8:   0000000002587790 00000000ea325c28
0x00000000022af008:   00000000ec846140 00000000e917bfc8
0x00000000022af018:   00000000f88f8790 00000000022af020
0x00000000022af028:   00000000599b9ef5 00000000022af0c8
0x00000000022af038:   00000000599ba628 0000000000000000
0x00000000022af048:   00000000599ba078 00000000022af000
0x00000000022af058:   00000000022af0b8 00000000022af110
0x00000000022af068:   0000000002587790 0000000000000000 

Instructions: (pc=0xffffffffa4585120)
0xffffffffa4585100:   
[error occurred during error reporting (printing registers, top of stack, instructions near pc), id 0xc0000005]

Register to memory mapping:

RAX=0x00000000f89a2bd0 is an oop
java.util.regex.Pattern 
 - klass: 'java/util/regex/Pattern'
RBX={method} {0x0000000052ac5d40} 'replaceFirst' '(Ljava/lang/String;Ljava/lang/String;)Ljava/lang/String;' in 'java/lang/String'
RCX=0x0000000000000000 is an unknown value
RDX=0x00000000f89a2bd0 is an oop
java.util.regex.Pattern 
 - klass: 'java/util/regex/Pattern'
RSP=0x00000000022aef78 is pointing into the stack for thread: 0x000000000045e000
RBP=0x00000000022af060 is pointing into the stack for thread: 0x000000000045e000
RSI={method} {0x0000000052ac5d40} 'replaceFirst' '(Ljava/lang/String;Ljava/lang/String;)Ljava/lang/String;' in 'java/lang/String'
RDI=0x0000000000000000 is an unknown value
R8 =0x00000000ec846140 is an oop
java.lang.String 
 - klass: 'java/lang/String'
R9 =0x0000000000000000 is an unknown value
R10=0x0000000065ce2140 is an unknown value
R11=0x0000000003661ce0 is at entry_point+32 in (nmethod*)0x0000000003661b50
R12=0x0000000000000000 is an unknown value
R13=0x00000000022af000 is pointing into the stack for thread: 0x000000000045e000
R14=0x00000000022af0c8 is pointing into the stack for thread: 0x000000000045e000
R15=0x000000000045e000 is a thread


Stack: [0x00000000021b0000,0x00000000022b0000],  sp=0x00000000022aef78,  free space=1019k
Native frames: (J=compiled Java code, j=interpreted, Vv=VM code, C=native code)
C  0xffffffffa4585120


---------------  P R O C E S S  ---------------

Java Threads: ( => current thread )
  0x000000005625e000 JavaThread "AWT-Windows" daemon [_thread_in_native, id=2480, stack(0x0000000054b70000,0x0000000054c70000)]
  0x0000000056418800 JavaThread "Java2D Disposer" daemon [_thread_blocked, id=2008, stack(0x00000000553c0000,0x00000000554c0000)]
  0x0000000054e46800 JavaThread "Service Thread" daemon [_thread_blocked, id=2512, stack(0x00000000556c0000,0x00000000557c0000)]
  0x0000000054dc3000 JavaThread "C1 CompilerThread2" daemon [_thread_blocked, id=3000, stack(0x00000000554f0000,0x00000000555f0000)]
  0x0000000054dc2000 JavaThread "C2 CompilerThread1" daemon [_thread_in_native, id=816, stack(0x0000000055280000,0x0000000055380000)]
  0x00000000534b8800 JavaThread "C2 CompilerThread0" daemon [_thread_in_native, id=1524, stack(0x0000000054cc0000,0x0000000054dc0000)]
  0x00000000534b7000 JavaThread "Attach Listener" daemon [_thread_blocked, id=2920, stack(0x0000000054a60000,0x0000000054b60000)]
  0x00000000534b4000 JavaThread "Signal Dispatcher" daemon [_thread_blocked, id=2996, stack(0x0000000054510000,0x0000000054610000)]
  0x0000000053458800 JavaThread "Finalizer" daemon [_thread_blocked, id=2788, stack(0x0000000054760000,0x0000000054860000)]
  0x000000005344f800 JavaThread "Reference Handler" daemon [_thread_blocked, id=2528, stack(0x0000000054880000,0x0000000054980000)]
=>0x000000000045e000 JavaThread "main" [_thread_in_Java, id=2060, stack(0x00000000021b0000,0x00000000022b0000)]

Other Threads:
  0x000000005344a000 VMThread [stack: 0x0000000054650000,0x0000000054750000] [id=1744]
  0x0000000054e66800 WatcherThread [stack: 0x0000000055800000,0x0000000055900000] [id=1052]

VM state:not at safepoint (normal execution)

VM Mutex/Monitor currently owned by a thread: None

Heap:
 PSYoungGen      total 103936K, used 26129K [0x00000000f8000000, 0x0000000100000000, 0x0000000100000000)
  eden space 80896K, 13% used [0x00000000f8000000,0x00000000f8b00bb0,0x00000000fcf00000)
  from space 23040K, 64% used [0x00000000fe980000,0x00000000ff803b88,0x0000000100000000)
  to   space 25088K, 0% used [0x00000000fcf00000,0x00000000fcf00000,0x00000000fe780000)
 ParOldGen       total 122880K, used 108150K [0x00000000e8000000, 0x00000000ef800000, 0x00000000f8000000)
  object space 122880K, 88% used [0x00000000e8000000,0x00000000ee99d9b0,0x00000000ef800000)
 Metaspace       used 21192K, capacity 21963K, committed 22272K, reserved 1069056K
  class space    used 2092K, capacity 2241K, committed 2304K, reserved 1048576K

Card table byte_map: [0x0000000001e90000,0x0000000001f60000] byte_map_base: 0x0000000001750000

Marking Bits: (ParMarkBitMap*) 0x0000000065cfa5b0
 Begin Bits: [0x0000000011ec0000, 0x00000000124c0000)
 End Bits:   [0x00000000124c0000, 0x0000000012ac0000)

Polling page: 0x00000000000a0000

CodeCache: size=245760Kb used=30109Kb max_used=30116Kb free=215650Kb
 bounds [0x0000000002580000, 0x0000000004350000, 0x0000000011580000]
 total_blobs=6508 nmethods=6054 adapters=366
 compilation: enabled

Compilation events (10 events):
Event: 2820.819 Thread 0x0000000054dc3000 8140       3       java.lang.Character::forDigit (42 bytes)
Event: 2820.819 Thread 0x0000000054dc3000 nmethod 8140 0x00000000035f5bd0 code [0x00000000035f5d40, 0x00000000035f5fd0]
Event: 2820.819 Thread 0x0000000054dc3000 8139       3       java.lang.Throwable::<init> (34 bytes)
Event: 2820.820 Thread 0x0000000054dc3000 nmethod 8139 0x0000000002d563d0 code [0x0000000002d56560, 0x0000000002d56ae8]
Event: 2820.821 Thread 0x0000000054dc3000 8146   !   3       java.util.regex.Pattern::matcher (44 bytes)
Event: 2820.821 Thread 0x0000000054dc2000 nmethod 8142 0x0000000002c65290 code [0x0000000002c65480, 0x0000000002c65a70]
Event: 2820.822 Thread 0x0000000054dc2000 8145       4       java.util.regex.Pattern::closure (477 bytes)
Event: 2820.822 Thread 0x0000000054dc3000 nmethod 8146 0x0000000002c7fd10 code [0x0000000002c7fea0, 0x0000000002c802f8]
Event: 2820.822 Thread 0x0000000054dc3000 8147       3       java.util.regex.Pattern::<init> (90 bytes)
Event: 2820.823 Thread 0x0000000054dc3000 nmethod 8147 0x0000000002da1010 code [0x0000000002da11e0, 0x0000000002da1a58]

GC Heap History (10 events):
Event: 2608.336 GC heap before
{Heap before GC invocations=31 (full 1):
 PSYoungGen      total 106496K, used 106124K [0x00000000f8000000, 0x0000000100000000, 0x0000000100000000)
  eden space 89088K, 100% used [0x00000000f8000000,0x00000000fd700000,0x00000000fd700000)
  from space 17408K, 97% used [0x00000000fd700000,0x00000000fe7a3358,0x00000000fe800000)
  to   space 22016K, 0% used [0x00000000fea80000,0x00000000fea80000,0x0000000100000000)
 ParOldGen       total 122880K, used 103868K [0x00000000e8000000, 0x00000000ef800000, 0x00000000f8000000)
  object space 122880K, 84% used [0x00000000e8000000,0x00000000ee56f218,0x00000000ef800000)
 Metaspace       used 21134K, capacity 21899K, committed 22016K, reserved 1069056K
  class space    used 2092K, capacity 2241K, committed 2304K, reserved 1048576K
Event: 2608.367 GC heap after
Heap after GC invocations=31 (full 1):
 PSYoungGen      total 109568K, used 12884K [0x00000000f8000000, 0x0000000100000000, 0x0000000100000000)
  eden space 87552K, 0% used [0x00000000f8000000,0x00000000f8000000,0x00000000fd580000)
  from space 22016K, 58% used [0x00000000fea80000,0x00000000ff715108,0x0000000100000000)
  to   space 21504K, 0% used [0x00000000fd580000,0x00000000fd580000,0x00000000fea80000)
 ParOldGen       total 122880K, used 103868K [0x00000000e8000000, 0x00000000ef800000, 0x00000000f8000000)
  object space 122880K, 84% used [0x00000000e8000000,0x00000000ee56f218,0x00000000ef800000)
 Metaspace       used 21134K, capacity 21899K, committed 22016K, reserved 1069056K
  class space    used 2092K, capacity 2241K, committed 2304K, reserved 1048576K
}
Event: 2608.890 GC heap before
{Heap before GC invocations=32 (full 1):
 PSYoungGen      total 109568K, used 100436K [0x00000000f8000000, 0x0000000100000000, 0x0000000100000000)
  eden space 87552K, 100% used [0x00000000f8000000,0x00000000fd580000,0x00000000fd580000)
  from space 22016K, 58% used [0x00000000fea80000,0x00000000ff715108,0x0000000100000000)
  to   space 21504K, 0% used [0x00000000fd580000,0x00000000fd580000,0x00000000fea80000)
 ParOldGen       total 122880K, used 103868K [0x00000000e8000000, 0x00000000ef800000, 0x00000000f8000000)
  object space 122880K, 84% used [0x00000000e8000000,0x00000000ee56f218,0x00000000ef800000)
 Metaspace       used 21150K, capacity 21899K, committed 22016K, reserved 1069056K
  class space    used 2092K, capacity 2241K, committed 2304K, reserved 1048576K
Event: 2608.941 GC heap after
Heap after GC invocations=32 (full 1):
 PSYoungGen      total 105984K, used 17928K [0x00000000f8000000, 0x0000000100000000, 0x0000000100000000)
  eden space 87552K, 0% used [0x00000000f8000000,0x00000000f8000000,0x00000000fd580000)
  from space 18432K, 97% used [0x00000000fd580000,0x00000000fe702200,0x00000000fe780000)
  to   space 23040K, 0% used [0x00000000fe980000,0x00000000fe980000,0x0000000100000000)
 ParOldGen       total 122880K, used 103876K [0x00000000e8000000, 0x00000000ef800000, 0x00000000f8000000)
  object space 122880K, 84% used [0x00000000e8000000,0x00000000ee571218,0x00000000ef800000)
 Metaspace       used 21150K, capacity 21899K, committed 22016K, reserved 1069056K
  class space    used 2092K, capacity 2241K, committed 2304K, reserved 1048576K
}
Event: 2655.461 GC heap before
{Heap before GC invocations=33 (full 1):
 PSYoungGen      total 105984K, used 105480K [0x00000000f8000000, 0x0000000100000000, 0x0000000100000000)
  eden space 87552K, 100% used [0x00000000f8000000,0x00000000fd580000,0x00000000fd580000)
  from space 18432K, 97% used [0x00000000fd580000,0x00000000fe702200,0x00000000fe780000)
  to   space 23040K, 0% used [0x00000000fe980000,0x00000000fe980000,0x0000000100000000)
 ParOldGen       total 122880K, used 103876K [0x00000000e8000000, 0x00000000ef800000, 0x00000000f8000000)
  object space 122880K, 84% used [0x00000000e8000000,0x00000000ee571218,0x00000000ef800000)
 Metaspace       used 21171K, capacity 21963K, committed 22272K, reserved 1069056K
  class space    used 2092K, capacity 2241K, committed 2304K, reserved 1048576K
Event: 2655.486 GC heap after
Heap after GC invocations=33 (full 1):
 PSYoungGen      total 108544K, used 14349K [0x00000000f8000000, 0x0000000100000000, 0x0000000100000000)
  eden space 85504K, 0% used [0x00000000f8000000,0x00000000f8000000,0x00000000fd380000)
  from space 23040K, 62% used [0x00000000fe980000,0x00000000ff7837c0,0x0000000100000000)
  to   space 22528K, 0% used [0x00000000fd380000,0x00000000fd380000,0x00000000fe980000)
 ParOldGen       total 122880K, used 104321K [0x00000000e8000000, 0x00000000ef800000, 0x00000000f8000000)
  object space 122880K, 84% used [0x00000000e8000000,0x00000000ee5e06f8,0x00000000ef800000)
 Metaspace       used 21171K, capacity 21963K, committed 22272K, reserved 1069056K
  class space    used 2092K, capacity 2241K, committed 2304K, reserved 1048576K
}
Event: 2656.277 GC heap before
{Heap before GC invocations=34 (full 1):
 PSYoungGen      total 108544K, used 99853K [0x00000000f8000000, 0x0000000100000000, 0x0000000100000000)
  eden space 85504K, 100% used [0x00000000f8000000,0x00000000fd380000,0x00000000fd380000)
  from space 23040K, 62% used [0x00000000fe980000,0x00000000ff7837c0,0x0000000100000000)
  to   space 22528K, 0% used [0x00000000fd380000,0x00000000fd380000,0x00000000fe980000)
 ParOldGen       total 122880K, used 104321K [0x00000000e8000000, 0x00000000ef800000, 0x00000000f8000000)
  object space 122880K, 84% used [0x00000000e8000000,0x00000000ee5e06f8,0x00000000ef800000)
 Metaspace       used 21188K, capacity 21963K, committed 22272K, reserved 1069056K
  class space    used 2092K, capacity 2241K, committed 2304K, reserved 1048576K
Event: 2656.313 GC heap after
Heap after GC invocations=34 (full 1):
 PSYoungGen      total 108032K, used 22522K [0x00000000f8000000, 0x0000000100000000, 0x0000000100000000)
  eden space 85504K, 0% used [0x00000000f8000000,0x00000000f8000000,0x00000000fd380000)
  from space 22528K, 99% used [0x00000000fd380000,0x00000000fe97e9a0,0x00000000fe980000)
  to   space 23040K, 0% used [0x00000000fe980000,0x00000000fe980000,0x0000000100000000)
 ParOldGen       total 122880K, used 105673K [0x00000000e8000000, 0x00000000ef800000, 0x00000000f8000000)
  object space 122880K, 85% used [0x00000000e8000000,0x00000000ee7326f8,0x00000000ef800000)
 Metaspace       used 21188K, capacity 21963K, committed 22272K, reserved 1069056K
  class space    used 2092K, capacity 2241K, committed 2304K, reserved 1048576K
}
Event: 2820.713 GC heap before
{Heap before GC invocations=35 (full 1):
 PSYoungGen      total 108032K, used 108026K [0x00000000f8000000, 0x0000000100000000, 0x0000000100000000)
  eden space 85504K, 100% used [0x00000000f8000000,0x00000000fd380000,0x00000000fd380000)
  from space 22528K, 99% used [0x00000000fd380000,0x00000000fe97e9a0,0x00000000fe980000)
  to   space 23040K, 0% used [0x00000000fe980000,0x00000000fe980000,0x0000000100000000)
 ParOldGen       total 122880K, used 105673K [0x00000000e8000000, 0x00000000ef800000, 0x00000000f8000000)
  object space 122880K, 85% used [0x00000000e8000000,0x00000000ee7326f8,0x00000000ef800000)
 Metaspace       used 21192K, capacity 21963K, committed 22272K, reserved 1069056K
  class space    used 2092K, capacity 2241K, committed 2304K, reserved 1048576K
Event: 2820.744 GC heap after
Heap after GC invocations=35 (full 1):
 PSYoungGen      total 103936K, used 14862K [0x00000000f8000000, 0x0000000100000000, 0x0000000100000000)
  eden space 80896K, 0% used [0x00000000f8000000,0x00000000f8000000,0x00000000fcf00000)
  from space 23040K, 64% used [0x00000000fe980000,0x00000000ff803b88,0x0000000100000000)
  to   space 25088K, 0% used [0x00000000fcf00000,0x00000000fcf00000,0x00000000fe780000)
 ParOldGen       total 122880K, used 108150K [0x00000000e8000000, 0x00000000ef800000, 0x00000000f8000000)
  object space 122880K, 88% used [0x00000000e8000000,0x00000000ee99d9b0,0x00000000ef800000)
 Metaspace       used 21192K, capacity 21963K, committed 22272K, reserved 1069056K
  class space    used 2092K, capacity 2241K, committed 2304K, reserved 1048576K
}

Deoptimization events (10 events):
Event: 2297.550 Thread 0x000000005abaf000 Uncommon trap: reason=unstable_if action=reinterpret pc=0x0000000002c760ac method=java.lang.ThreadLocal.get()Ljava/lang/Object; @ 11
Event: 2297.674 Thread 0x000000000045e000 Uncommon trap: reason=unstable_if action=reinterpret pc=0x0000000003a394e4 method=flex2.compiler.as3.BytecodeEmitter.calculateLineNumber(I)I @ 4
Event: 2297.675 Thread 0x000000000045e000 Uncommon trap: reason=unstable_if action=reinterpret pc=0x0000000002c10a14 method=flex2.compiler.util.LineNumberMap$Range.compareTo(Ljava/lang/Object;)I @ 30
Event: 2297.684 Thread 0x000000000045e000 Uncommon trap: reason=bimorphic action=maybe_recompile pc=0x000000000384361c method=java.util.HashMap.putVal(ILjava/lang/Object;Ljava/lang/Object;ZZ)Ljava/lang/Object; @ 253
Event: 2297.896 Thread 0x000000000045e000 Uncommon trap: reason=unstable_if action=reinterpret pc=0x0000000003cffb24 method=macromedia.asc.embedding.LintEvaluator.evaluate(Lmacromedia/asc/util/Context;Lmacromedia/asc/parser/GetExpressionNode;)Lmacromedia/asc/semantics/Value; @ 972
Event: 2298.312 Thread 0x000000000045e000 Uncommon trap: reason=unstable_if action=reinterpret pc=0x0000000003f5e5f0 method=macromedia.asc.embedding.avmplus.ActionBlockEmitter.setPosition(III)V @ 11
Event: 2298.312 Thread 0x000000000045e000 Uncommon trap: reason=unstable_if action=reinterpret pc=0x0000000003f56eec method=macromedia.asc.embedding.avmplus.ActionBlockEmitter.setPosition(III)V @ 11
Event: 2298.313 Thread 0x000000000045e000 Uncommon trap: reason=unstable_if action=reinterpret pc=0x0000000003bb7a34 method=macromedia.asc.embedding.avmplus.ActionBlockEmitter.flushDebugInfo()V @ 4
Event: 2298.313 Thread 0x000000000045e000 Uncommon trap: reason=unstable_if action=reinterpret pc=0x0000000003f5f11c method=macromedia.asc.embedding.avmplus.ActionBlockEmitter.setPosition(III)V @ 11
Event: 2608.037 Thread 0x000000000045e000 Uncommon trap: reason=unstable_if action=reinterpret pc=0x000000000370538c method=macromedia.asc.util.Context.intType()Lmacromedia/asc/semantics/TypeValue; @ 7

Internal exceptions (10 events):
Event: 2608.535 Thread 0x000000000045e000 Exception <a 'java/lang/ClassNotFoundException': sun/net/www/protocol/c/Handler> (0x00000000faa7ad38) thrown at [C:\workspace\8-2-build-windows-amd64-cygwin\jdk8u65\4987\hotspot\src\share\vm\classfile\systemDictionary.cpp, line 210]
Event: 2608.535 Thread 0x000000000045e000 Exception <a 'java/lang/ClassNotFoundException': sun/net/www/protocol/c/Handler> (0x00000000faa7dd30) thrown at [C:\workspace\8-2-build-windows-amd64-cygwin\jdk8u65\4987\hotspot\src\share\vm\classfile\systemDictionary.cpp, line 210]
Event: 2608.541 Thread 0x000000000045e000 Exception <a 'java/io/IOException'> (0x00000000faaeb538) thrown at [C:\workspace\8-2-build-windows-amd64-cygwin\jdk8u65\4987\hotspot\src\share\vm\prims\jni.cpp, line 709]
Event: 2608.541 Thread 0x000000000045e000 Exception <a 'java/lang/ClassNotFoundException': sun/net/www/protocol/c/Handler> (0x00000000faaecdf0) thrown at [C:\workspace\8-2-build-windows-amd64-cygwin\jdk8u65\4987\hotspot\src\share\vm\classfile\systemDictionary.cpp, line 210]
Event: 2608.541 Thread 0x000000000045e000 Exception <a 'java/lang/ClassNotFoundException': sun/net/www/protocol/c/Handler> (0x00000000faaefde8) thrown at [C:\workspace\8-2-build-windows-amd64-cygwin\jdk8u65\4987\hotspot\src\share\vm\classfile\systemDictionary.cpp, line 210]
Event: 2608.542 Thread 0x000000000045e000 Exception <a 'java/io/IOException'> (0x00000000faaf2cd8) thrown at [C:\workspace\8-2-build-windows-amd64-cygwin\jdk8u65\4987\hotspot\src\share\vm\prims\jni.cpp, line 709]
Event: 2608.542 Thread 0x000000000045e000 Exception <a 'java/lang/ClassNotFoundException': sun/net/www/protocol/c/Handler> (0x00000000faaf44a0) thrown at [C:\workspace\8-2-build-windows-amd64-cygwin\jdk8u65\4987\hotspot\src\share\vm\classfile\systemDictionary.cpp, line 210]
Event: 2608.542 Thread 0x000000000045e000 Exception <a 'java/lang/ClassNotFoundException': sun/net/www/protocol/c/Handler> (0x00000000faaf7498) thrown at [C:\workspace\8-2-build-windows-amd64-cygwin\jdk8u65\4987\hotspot\src\share\vm\classfile\systemDictionary.cpp, line 210]
Event: 2655.078 Thread 0x000000000045e000 Exception <a 'java/lang/ClassNotFoundException': sun/net/www/protocol/c/Handler> (0x00000000fb7fb610) thrown at [C:\workspace\8-2-build-windows-amd64-cygwin\jdk8u65\4987\hotspot\src\share\vm\classfile\systemDictionary.cpp, line 210]
Event: 2820.170 Thread 0x000000000045e000 Exception <a 'java/lang/ClassNotFoundException': sun/net/www/protocol/c/Handler> (0x00000000f9085cc0) thrown at [C:\workspace\8-2-build-windows-amd64-cygwin\jdk8u65\4987\hotspot\src\share\vm\classfile\systemDictionary.cpp, line 210]

Events (10 events):
Event: 2655.652 Thread 0x000000000045e000 DEOPT PACKING pc=0x0000000003dd4710 sp=0x00000000022aef20
Event: 2655.652 Thread 0x000000000045e000 DEOPT UNPACKING pc=0x00000000025c71bf sp=0x00000000022aec68 mode 0
Event: 2656.277 Executing VM operation: ParallelGCFailedAllocation
Event: 2656.313 Executing VM operation: ParallelGCFailedAllocation done
Event: 2820.170 loading class sun/net/www/protocol/c/Handler
Event: 2820.170 loading class sun/net/www/protocol/c/Handler done
Event: 2820.170 loading class sun/net/www/protocol/c/Handler
Event: 2820.170 loading class sun/net/www/protocol/c/Handler done
Event: 2820.713 Executing VM operation: ParallelGCFailedAllocation
Event: 2820.744 Executing VM operation: ParallelGCFailedAllocation done


Dynamic libraries:
0x000000013fb60000 - 0x000000013fb97000 	C:\ProgramData\Oracle\Java\javapath\java.exe
0x0000000076d70000 - 0x0000000076f19000 	C:\Windows\SYSTEM32\ntdll.dll
0x0000000076b50000 - 0x0000000076c70000 	C:\Windows\system32\kernel32.dll
0x000007fefce20000 - 0x000007fefce8c000 	C:\Windows\system32\KERNELBASE.dll
0x000007fefe690000 - 0x000007fefe76b000 	C:\Windows\system32\ADVAPI32.dll
0x000007fefe590000 - 0x000007fefe62f000 	C:\Windows\system32\msvcrt.dll
0x000007fefeeb0000 - 0x000007fefeecf000 	C:\Windows\SYSTEM32\sechost.dll
0x000007fefde50000 - 0x000007fefdf7d000 	C:\Windows\system32\RPCRT4.dll
0x0000000076c70000 - 0x0000000076d6a000 	C:\Windows\system32\USER32.dll
0x000007fefe440000 - 0x000007fefe4a7000 	C:\Windows\system32\GDI32.dll
0x000007fefe530000 - 0x000007fefe53e000 	C:\Windows\system32\LPK.dll
0x000007fefe060000 - 0x000007fefe129000 	C:\Windows\system32\USP10.dll
0x000007fefaf90000 - 0x000007fefb184000 	C:\Windows\WinSxS\amd64_microsoft.windows.common-controls_6595b64144ccf1df_6.0.7601.18837_none_fa3b1e3d17594757\COMCTL32.dll
0x000007fefee30000 - 0x000007fefeea1000 	C:\Windows\system32\SHLWAPI.dll
0x000007fefde20000 - 0x000007fefde4e000 	C:\Windows\system32\IMM32.DLL
0x000007fefef70000 - 0x000007feff079000 	C:\Windows\system32\MSCTF.dll
0x0000000066ad0000 - 0x0000000066ba2000 	C:\Program Files\Java\jre1.8.0_65\bin\msvcr100.dll
0x00000000654f0000 - 0x0000000065d79000 	C:\Program Files\Java\jre1.8.0_65\bin\server\jvm.dll
0x000007fefa3b0000 - 0x000007fefa3b9000 	C:\Windows\system32\WSOCK32.dll
0x000007fefe540000 - 0x000007fefe58d000 	C:\Windows\system32\WS2_32.dll
0x000007fefd080000 - 0x000007fefd088000 	C:\Windows\system32\NSI.dll
0x000007fefaa80000 - 0x000007fefaabb000 	C:\Windows\system32\WINMM.dll
0x000007fefbbe0000 - 0x000007fefbbec000 	C:\Windows\system32\VERSION.dll
0x0000000076f40000 - 0x0000000076f47000 	C:\Windows\system32\PSAPI.DLL
0x0000000073670000 - 0x000000007367f000 	C:\Program Files\Java\jre1.8.0_65\bin\verify.dll
0x00000000732b0000 - 0x00000000732d9000 	C:\Program Files\Java\jre1.8.0_65\bin\java.dll
0x0000000073290000 - 0x00000000732a6000 	C:\Program Files\Java\jre1.8.0_65\bin\zip.dll
0x000007fefd090000 - 0x000007fefde19000 	C:\Windows\system32\SHELL32.dll
0x000007fefe950000 - 0x000007fefeb53000 	C:\Windows\system32\ole32.dll
0x000007fefcb10000 - 0x000007fefcb1f000 	C:\Windows\system32\profapi.dll
0x0000000065df0000 - 0x0000000065f88000 	C:\Program Files\Java\jre1.8.0_65\bin\awt.dll
0x000007fefdf80000 - 0x000007fefe057000 	C:\Windows\system32\OLEAUT32.dll
0x000007fefaac0000 - 0x000007fefab16000 	C:\Windows\system32\uxtheme.dll
0x000007fef9f20000 - 0x000007fef9f38000 	C:\Windows\system32\dwmapi.dll
0x000007fefc970000 - 0x000007fefc97f000 	C:\Windows\system32\CRYPTBASE.dll
0x000007fefab70000 - 0x000007fefac95000 	C:\Windows\system32\dbghelp.dll

VM Arguments:
jvm_args: -Xmx384m -Dsun.io.useCanonCaches=false -Duser.language=en -Duser.region=US -Djava.util.Arrays.useLegacyMergeSort=true -Dapplication.home=C:\Users\Georg\Downloads\flex_sdk_3.5 
java_command: C:\Users\Georg\Downloads\flex_sdk_3.5\lib\fcsh.jar
java_class_path (initial): C:\Users\Georg\Downloads\flex_sdk_3.5\lib\fcsh.jar
Launcher Type: SUN_STANDARD

Environment Variables:
PATH=C:\ProgramData\Oracle\Java\javapath;C:\Program Files (x86)\NVIDIA Corporation\PhysX\Common;C:\Windows\system32;C:\Windows;C:\Windows\System32\Wbem;C:\Windows\System32\WindowsPowerShell\v1.0\;C:\Program Files (x86)\FlashDevelop\Tools\AppMan;C:\Program Files (x86)\FlashDevelop
USERNAME=Georg
OS=Windows_NT
PROCESSOR_IDENTIFIER=Intel64 Family 6 Model 23 Stepping 10, GenuineIntel



---------------  S Y S T E M  ---------------

OS: Windows 7 , 64 bit Build 7601 (6.1.7601.19045)

CPU:total 4 (4 cores per cpu, 1 threads per core) family 6 model 23 stepping 10, cmov, cx8, fxsr, mmx, sse, sse2, sse3, ssse3, sse4.1, tsc

Memory: 4k page, physical 8387128k(6381492k free), swap 16772420k(14611116k free)

vm_info: Java HotSpot(TM) 64-Bit Server VM (25.65-b01) for windows-amd64 JRE (1.8.0_65-b17), built on Oct  6 2015 16:39:20 by "java_re" with MS VC++ 10.0 (VS2010)

time: Thu Dec 03 19:48:12 2015
elapsed time: 2820 seconds (0d 0h 47m 0s)

