#
# A fatal error has been detected by the Java Runtime Environment:
#
#  EXCEPTION_ACCESS_VIOLATION (0xc0000005) at pc=0xffffffffa3995120, pid=4648, tid=4672
#
# JRE version: Java(TM) SE Runtime Environment (8.0_65-b17) (build 1.8.0_65-b17)
# Java VM: Java HotSpot(TM) 64-Bit Server VM (25.65-b01 mixed mode windows-amd64 compressed oops)
# Problematic frame:
# C  0xffffffffa3995120
#
# Failed to write core dump. Minidumps are not enabled by default on client versions of Windows
#
# If you would like to submit a bug report, please visit:
#   http://bugreport.java.com/bugreport/crash.jsp
#

---------------  T H R E A D  ---------------

Current thread (0x000000000018e800):  JavaThread "main" [_thread_in_Java, id=4672, stack(0x00000000025c0000,0x00000000026c0000)]

siginfo: ExceptionCode=0xc0000005, ExceptionInformation=0x0000000000000008 0xffffffffa3995120

Registers:
RAX=0x0000000000000000, RBX=0x0000000052fd2858, RCX=0x00000000093b332e, RDX=0x00000000fb7e1e68
RSP=0x00000000026bf228, RBP=0x00000000026bf338, RSI=0x00000000eaab3f78, RDI=0x00000000fb7e1e68
R8 =0x00000000fb7e1f08, R9 =0x00000000eaab4798, R10=0x0000000000000000, R11=0x0000000000000000
R12=0x0000000000000000, R13=0x0000000001560000, R14=0x0000000000000001, R15=0x000000000018e800
RIP=0xffffffffa3995120, EFLAGS=0x0000000000010246

Top of Stack: (sp=0x00000000026bf228)
0x00000000026bf228:   00000000031c6744 00000000fb6f1748
0x00000000026bf238:   00000000ea30da40 00000000fb7e1110
0x00000000026bf248:   00000000031a5f90 000000000018e800
0x00000000026bf258:   000000005ba67b58 000000000018e800
0x00000000026bf268:   000000000018e800 00000000fb7e1a70
0x00000000026bf278:   00000000fb733328 0000000000000000
0x00000000026bf288:   0000000002d39160 00000000026bf338
0x00000000026bf298:   0000000002b9937c 00000000fb7e1e88
0x00000000026bf2a8:   00000000fb7e1e68 00000000eaab3f78
0x00000000026bf2b8:   00000000031af0b4 00000000026bf338
0x00000000026bf2c8:   0000000002997a01 00000000026bf338
0x00000000026bf2d8:   0000000002997a01 00000000eaab3f78
0x00000000026bf2e8:   00000000fb7e1e68 00000000fb7e1e68
0x00000000026bf2f8:   00000000026bf2f8 000000005ba67864
0x00000000026bf308:   00000000026bf398 000000005ba69658
0x00000000026bf318:   0000000000000000 000000005ba67b58 

Instructions: (pc=0xffffffffa3995120)
0xffffffffa3995100:   
[error occurred during error reporting (printing registers, top of stack, instructions near pc), id 0xc0000005]

Register to memory mapping:

RAX=0x0000000000000000 is an unknown value
RBX={method} {0x0000000052fd2860} 'hasNext' '()Z' in 'java/util/HashMap$HashIterator'
RCX=0x00000000093b332e is an unknown value
RDX=0x00000000fb7e1e68 is an oop
flex2.linker.CULinkable 
 - klass: 'flex2/linker/CULinkable'
RSP=0x00000000026bf228 is pointing into the stack for thread: 0x000000000018e800
RBP=0x00000000026bf338 is pointing into the stack for thread: 0x000000000018e800
RSI=0x00000000eaab3f78 is an oop
flex2.compiler.CompilationUnit 
 - klass: 'flex2/compiler/CompilationUnit'
RDI=0x00000000fb7e1e68 is an oop
flex2.linker.CULinkable 
 - klass: 'flex2/linker/CULinkable'
R8 =0x00000000fb7e1f08 is an oop
java.util.HashSet 
 - klass: 'java/util/HashSet'
R9 =0x00000000eaab4798 is an oop
flex2.compiler.util.MultiNameSet 
 - klass: 'flex2/compiler/util/MultiNameSet'
R10=0x0000000000000000 is an unknown value
R11=0x0000000000000000 is an unknown value
R12=0x0000000000000000 is an unknown value
R13=0x0000000001560000 is an unknown value
R14=0x0000000000000001 is an unknown value
R15=0x000000000018e800 is a thread


Stack: [0x00000000025c0000,0x00000000026c0000],  sp=0x00000000026bf228,  free space=1020k
Native frames: (J=compiled Java code, j=interpreted, Vv=VM code, C=native code)
C  0xffffffffa3995120


---------------  P R O C E S S  ---------------

Java Threads: ( => current thread )
  0x00000000550a7000 JavaThread "Image Fetcher 0" daemon [_thread_blocked, id=4508, stack(0x0000000059f40000,0x000000005a040000)]
  0x00000000550a6000 JavaThread "AWT-Windows" daemon [_thread_in_native, id=4484, stack(0x000000005a0f0000,0x000000005a1f0000)]
  0x00000000550a4800 JavaThread "Java2D Disposer" daemon [_thread_blocked, id=4076, stack(0x0000000055820000,0x0000000055920000)]
  0x000000005512f000 JavaThread "Service Thread" daemon [_thread_blocked, id=4724, stack(0x0000000055970000,0x0000000055a70000)]
  0x00000000550a1000 JavaThread "C1 CompilerThread2" daemon [_thread_blocked, id=4720, stack(0x00000000556c0000,0x00000000557c0000)]
  0x00000000537eb800 JavaThread "C2 CompilerThread1" daemon [_thread_blocked, id=4716, stack(0x00000000554e0000,0x00000000555e0000)]
  0x00000000537e5800 JavaThread "C2 CompilerThread0" daemon [_thread_blocked, id=4712, stack(0x0000000054a00000,0x0000000054b00000)]
  0x00000000537e4000 JavaThread "Attach Listener" daemon [_thread_blocked, id=4708, stack(0x0000000054f90000,0x0000000055090000)]
  0x00000000537e0800 JavaThread "Signal Dispatcher" daemon [_thread_blocked, id=4704, stack(0x0000000054e60000,0x0000000054f60000)]
  0x0000000053786800 JavaThread "Finalizer" daemon [_thread_blocked, id=4700, stack(0x0000000054cb0000,0x0000000054db0000)]
  0x000000005377f800 JavaThread "Reference Handler" daemon [_thread_blocked, id=4696, stack(0x0000000054b80000,0x0000000054c80000)]
=>0x000000000018e800 JavaThread "main" [_thread_in_Java, id=4672, stack(0x00000000025c0000,0x00000000026c0000)]

Other Threads:
  0x000000005377a000 VMThread [stack: 0x00000000548a0000,0x00000000549a0000] [id=4692]
  0x0000000055147000 WatcherThread [stack: 0x0000000055b90000,0x0000000055c90000] [id=4728]

VM state:not at safepoint (normal execution)

VM Mutex/Monitor currently owned by a thread: None

Heap:
 PSYoungGen      total 105984K, used 62183K [0x00000000f8000000, 0x0000000100000000, 0x0000000100000000)
  eden space 82944K, 69% used [0x00000000f8000000,0x00000000fb84eec0,0x00000000fd100000)
  from space 23040K, 19% used [0x00000000fe800000,0x00000000fec6b0c8,0x00000000ffe80000)
  to   space 23552K, 0% used [0x00000000fd100000,0x00000000fd100000,0x00000000fe800000)
 ParOldGen       total 120832K, used 73420K [0x00000000e8000000, 0x00000000ef600000, 0x00000000f8000000)
  object space 120832K, 60% used [0x00000000e8000000,0x00000000ec7b32f8,0x00000000ef600000)
 Metaspace       used 20351K, capacity 21113K, committed 21248K, reserved 1069056K
  class space    used 2089K, capacity 2254K, committed 2304K, reserved 1048576K

Card table byte_map: [0x0000000001ca0000,0x0000000001d70000] byte_map_base: 0x0000000001560000

Marking Bits: (ParMarkBitMap*) 0x000000006513a5b0
 Begin Bits: [0x00000000121f0000, 0x00000000127f0000)
 End Bits:   [0x00000000127f0000, 0x0000000012df0000)

Polling page: 0x0000000000130000

CodeCache: size=245760Kb used=20602Kb max_used=20616Kb free=225157Kb
 bounds [0x0000000002990000, 0x0000000003df0000, 0x0000000011990000]
 total_blobs=4891 nmethods=4425 adapters=377
 compilation: enabled

Compilation events (10 events):
Event: 27.698 Thread 0x00000000537eb800 nmethod 5462 0x0000000002e76d90 code [0x0000000002e76ec0, 0x0000000002e76f78]
Event: 27.698 Thread 0x00000000537eb800 5465       4       java.util.LinkedHashMap::newNode (23 bytes)
Event: 27.700 Thread 0x00000000537eb800 nmethod 5465 0x0000000003415390 code [0x00000000034154e0, 0x0000000003415638]
Event: 27.701 Thread 0x00000000537eb800 5467       4       java.util.LinkedHashMap::afterNodeInsertion (40 bytes)
Event: 27.701 Thread 0x00000000550a1000 5468       3       flex2.compiler.util.QNameList::getStringSet (74 bytes)
Event: 27.702 Thread 0x00000000537eb800 nmethod 5467 0x0000000002f62390 code [0x0000000002f624e0, 0x0000000002f62598]
Event: 27.702 Thread 0x00000000550a1000 nmethod 5468 0x0000000002ed53d0 code [0x0000000002ed5620, 0x0000000002ed6328]
Event: 27.702 Thread 0x00000000550a1000 5469       3       flex2.linker.CULinkable::addDeps (117 bytes)
Event: 27.703 Thread 0x00000000550a1000 nmethod 5469 0x0000000002ed3e10 code [0x0000000002ed4060, 0x0000000002ed4da8]
Event: 27.714 Thread 0x00000000537e5800 nmethod 5466 0x0000000002e61210 code [0x0000000002e613a0, 0x0000000002e61f78]

GC Heap History (10 events):
Event: 20.001 GC heap before
{Heap before GC invocations=9 (full 0):
 PSYoungGen      total 107008K, used 93337K [0x00000000f8000000, 0x0000000100000000, 0x0000000100000000)
  eden space 81920K, 100% used [0x00000000f8000000,0x00000000fd000000,0x00000000fd000000)
  from space 25088K, 45% used [0x00000000fe780000,0x00000000ff2a6600,0x0000000100000000)
  to   space 24064K, 0% used [0x00000000fd000000,0x00000000fd000000,0x00000000fe780000)
 ParOldGen       total 87552K, used 62766K [0x00000000e8000000, 0x00000000ed580000, 0x00000000f8000000)
  object space 87552K, 71% used [0x00000000e8000000,0x00000000ebd4ba10,0x00000000ed580000)
 Metaspace       used 17673K, capacity 17983K, committed 18048K, reserved 1064960K
  class space    used 1782K, capacity 1871K, committed 1920K, reserved 1048576K
Event: 20.068 GC heap after
Heap after GC invocations=9 (full 0):
 PSYoungGen      total 96256K, used 14188K [0x00000000f8000000, 0x00000000ffe00000, 0x0000000100000000)
  eden space 81920K, 0% used [0x00000000f8000000,0x00000000f8000000,0x00000000fd000000)
  from space 14336K, 98% used [0x00000000fd000000,0x00000000fdddb3d8,0x00000000fde00000)
  to   space 23552K, 0% used [0x00000000fe700000,0x00000000fe700000,0x00000000ffe00000)
 ParOldGen       total 87552K, used 63897K [0x00000000e8000000, 0x00000000ed580000, 0x00000000f8000000)
  object space 87552K, 72% used [0x00000000e8000000,0x00000000ebe66470,0x00000000ed580000)
 Metaspace       used 17673K, capacity 17983K, committed 18048K, reserved 1064960K
  class space    used 1782K, capacity 1871K, committed 1920K, reserved 1048576K
}
Event: 21.681 GC heap before
{Heap before GC invocations=10 (full 0):
 PSYoungGen      total 96256K, used 96108K [0x00000000f8000000, 0x00000000ffe00000, 0x0000000100000000)
  eden space 81920K, 100% used [0x00000000f8000000,0x00000000fd000000,0x00000000fd000000)
  from space 14336K, 98% used [0x00000000fd000000,0x00000000fdddb3d8,0x00000000fde00000)
  to   space 23552K, 0% used [0x00000000fe700000,0x00000000fe700000,0x00000000ffe00000)
 ParOldGen       total 87552K, used 63897K [0x00000000e8000000, 0x00000000ed580000, 0x00000000f8000000)
  object space 87552K, 72% used [0x00000000e8000000,0x00000000ebe66470,0x00000000ed580000)
 Metaspace       used 18984K, capacity 19535K, committed 19840K, reserved 1067008K
  class space    used 1962K, capacity 2087K, committed 2176K, reserved 1048576K
Event: 21.762 GC heap after
Heap after GC invocations=10 (full 0):
 PSYoungGen      total 104960K, used 17393K [0x00000000f8000000, 0x0000000100000000, 0x0000000100000000)
  eden space 81408K, 0% used [0x00000000f8000000,0x00000000f8000000,0x00000000fcf80000)
  from space 23552K, 73% used [0x00000000fe700000,0x00000000ff7fc6e8,0x00000000ffe00000)
  to   space 24064K, 0% used [0x00000000fcf80000,0x00000000fcf80000,0x00000000fe700000)
 ParOldGen       total 87552K, used 69559K [0x00000000e8000000, 0x00000000ed580000, 0x00000000f8000000)
  object space 87552K, 79% used [0x00000000e8000000,0x00000000ec3eddc0,0x00000000ed580000)
 Metaspace       used 18984K, capacity 19535K, committed 19840K, reserved 1067008K
  class space    used 1962K, capacity 2087K, committed 2176K, reserved 1048576K
}
Event: 21.762 GC heap before
{Heap before GC invocations=11 (full 1):
 PSYoungGen      total 104960K, used 17393K [0x00000000f8000000, 0x0000000100000000, 0x0000000100000000)
  eden space 81408K, 0% used [0x00000000f8000000,0x00000000f8000000,0x00000000fcf80000)
  from space 23552K, 73% used [0x00000000fe700000,0x00000000ff7fc6e8,0x00000000ffe00000)
  to   space 24064K, 0% used [0x00000000fcf80000,0x00000000fcf80000,0x00000000fe700000)
 ParOldGen       total 87552K, used 69559K [0x00000000e8000000, 0x00000000ed580000, 0x00000000f8000000)
  object space 87552K, 79% used [0x00000000e8000000,0x00000000ec3eddc0,0x00000000ed580000)
 Metaspace       used 18984K, capacity 19535K, committed 19840K, reserved 1067008K
  class space    used 1962K, capacity 2087K, committed 2176K, reserved 1048576K
Event: 22.062 GC heap after
Heap after GC invocations=11 (full 1):
 PSYoungGen      total 104960K, used 0K [0x00000000f8000000, 0x0000000100000000, 0x0000000100000000)
  eden space 81408K, 0% used [0x00000000f8000000,0x00000000f8000000,0x00000000fcf80000)
  from space 23552K, 0% used [0x00000000fe700000,0x00000000fe700000,0x00000000ffe00000)
  to   space 24064K, 0% used [0x00000000fcf80000,0x00000000fcf80000,0x00000000fe700000)
 ParOldGen       total 120832K, used 62541K [0x00000000e8000000, 0x00000000ef600000, 0x00000000f8000000)
  object space 120832K, 51% used [0x00000000e8000000,0x00000000ebd135a0,0x00000000ef600000)
 Metaspace       used 18984K, capacity 19535K, committed 19840K, reserved 1067008K
  class space    used 1962K, capacity 2087K, committed 2176K, reserved 1048576K
}
Event: 23.736 GC heap before
{Heap before GC invocations=12 (full 1):
 PSYoungGen      total 104960K, used 81408K [0x00000000f8000000, 0x0000000100000000, 0x0000000100000000)
  eden space 81408K, 100% used [0x00000000f8000000,0x00000000fcf80000,0x00000000fcf80000)
  from space 23552K, 0% used [0x00000000fe700000,0x00000000fe700000,0x00000000ffe00000)
  to   space 24064K, 0% used [0x00000000fcf80000,0x00000000fcf80000,0x00000000fe700000)
 ParOldGen       total 120832K, used 62541K [0x00000000e8000000, 0x00000000ef600000, 0x00000000f8000000)
  object space 120832K, 51% used [0x00000000e8000000,0x00000000ebd135a0,0x00000000ef600000)
 Metaspace       used 19268K, capacity 19947K, committed 20096K, reserved 1067008K
  class space    used 1988K, capacity 2113K, committed 2176K, reserved 1048576K
Event: 23.769 GC heap after
Heap after GC invocations=12 (full 1):
 PSYoungGen      total 105472K, used 12647K [0x00000000f8000000, 0x00000000ffe80000, 0x0000000100000000)
  eden space 81408K, 0% used [0x00000000f8000000,0x00000000f8000000,0x00000000fcf80000)
  from space 24064K, 52% used [0x00000000fcf80000,0x00000000fdbd9da8,0x00000000fe700000)
  to   space 23040K, 0% used [0x00000000fe800000,0x00000000fe800000,0x00000000ffe80000)
 ParOldGen       total 120832K, used 62549K [0x00000000e8000000, 0x00000000ef600000, 0x00000000f8000000)
  object space 120832K, 51% used [0x00000000e8000000,0x00000000ebd155a0,0x00000000ef600000)
 Metaspace       used 19268K, capacity 19947K, committed 20096K, reserved 1067008K
  class space    used 1988K, capacity 2113K, committed 2176K, reserved 1048576K
}
Event: 24.610 GC heap before
{Heap before GC invocations=13 (full 1):
 PSYoungGen      total 105472K, used 94055K [0x00000000f8000000, 0x00000000ffe80000, 0x0000000100000000)
  eden space 81408K, 100% used [0x00000000f8000000,0x00000000fcf80000,0x00000000fcf80000)
  from space 24064K, 52% used [0x00000000fcf80000,0x00000000fdbd9da8,0x00000000fe700000)
  to   space 23040K, 0% used [0x00000000fe800000,0x00000000fe800000,0x00000000ffe80000)
 ParOldGen       total 120832K, used 62549K [0x00000000e8000000, 0x00000000ef600000, 0x00000000f8000000)
  object space 120832K, 51% used [0x00000000e8000000,0x00000000ebd155a0,0x00000000ef600000)
 Metaspace       used 19397K, capacity 20059K, committed 20352K, reserved 1067008K
  class space    used 1993K, capacity 2121K, committed 2176K, reserved 1048576K
Event: 24.668 GC heap after
Heap after GC invocations=13 (full 1):
 PSYoungGen      total 105984K, used 4524K [0x00000000f8000000, 0x0000000100000000, 0x0000000100000000)
  eden space 82944K, 0% used [0x00000000f8000000,0x00000000f8000000,0x00000000fd100000)
  from space 23040K, 19% used [0x00000000fe800000,0x00000000fec6b0c8,0x00000000ffe80000)
  to   space 23552K, 0% used [0x00000000fd100000,0x00000000fd100000,0x00000000fe800000)
 ParOldGen       total 120832K, used 73420K [0x00000000e8000000, 0x00000000ef600000, 0x00000000f8000000)
  object space 120832K, 60% used [0x00000000e8000000,0x00000000ec7b32f8,0x00000000ef600000)
 Metaspace       used 19397K, capacity 20059K, committed 20352K, reserved 1067008K
  class space    used 1993K, capacity 2121K, committed 2176K, reserved 1048576K
}

Deoptimization events (10 events):
Event: 24.765 Thread 0x000000000018e800 Uncommon trap: reason=unstable_if action=reinterpret pc=0x000000000385049c method=java.io.BufferedInputStream.read1([BII)I @ 29
Event: 24.880 Thread 0x000000000018e800 Uncommon trap: reason=bimorphic action=maybe_recompile pc=0x0000000002aae570 method=java.util.AbstractCollection.addAll(Ljava/util/Collection;)Z @ 29
Event: 24.880 Thread 0x000000000018e800 Uncommon trap: reason=bimorphic action=maybe_recompile pc=0x0000000002aae570 method=java.util.AbstractCollection.addAll(Ljava/util/Collection;)Z @ 29
Event: 24.880 Thread 0x000000000018e800 Uncommon trap: reason=bimorphic action=maybe_recompile pc=0x0000000002aae570 method=java.util.AbstractCollection.addAll(Ljava/util/Collection;)Z @ 29
Event: 24.880 Thread 0x000000000018e800 Uncommon trap: reason=bimorphic action=maybe_recompile pc=0x0000000002aae570 method=java.util.AbstractCollection.addAll(Ljava/util/Collection;)Z @ 29
Event: 25.007 Thread 0x000000000018e800 Uncommon trap: reason=unstable_if action=reinterpret pc=0x00000000039a5950 method=macromedia.asc.parser.Parser.parseRelationalExpressionPrime(ILmacromedia/asc/parser/Node;)Lmacromedia/asc/parser/Node; @ 300
Event: 25.609 Thread 0x000000000018e800 Uncommon trap: reason=unstable_if action=reinterpret pc=0x0000000002b9dc30 method=macromedia.asc.embedding.avmplus.ActionBlockEmitter.setPosition(III)V @ 11
Event: 25.609 Thread 0x000000000018e800 Uncommon trap: reason=unstable_if action=reinterpret pc=0x000000000307142c method=macromedia.asc.embedding.avmplus.ActionBlockEmitter.setPosition(III)V @ 11
Event: 25.609 Thread 0x000000000018e800 Uncommon trap: reason=unstable_if action=reinterpret pc=0x000000000373412c method=macromedia.asc.embedding.avmplus.ActionBlockEmitter.flushDebugInfo()V @ 4
Event: 25.989 Thread 0x000000000018e800 Uncommon trap: reason=unstable_if action=reinterpret pc=0x00000000031ab8cc method=java.io.WinNTFileSystem.normalize(Ljava/lang/String;)Ljava/lang/String; @ 128

Internal exceptions (10 events):
Event: 24.263 Thread 0x000000000018e800 Exception <a 'java/io/IOException'> (0x00000000fb688700) thrown at [C:\workspace\8-2-build-windows-amd64-cygwin\jdk8u65\4987\hotspot\src\share\vm\prims\jni.cpp, line 709]
Event: 24.265 Thread 0x000000000018e800 Exception <a 'java/lang/ClassNotFoundException': sun/net/www/protocol/c/Handler> (0x00000000fb68a528) thrown at [C:\workspace\8-2-build-windows-amd64-cygwin\jdk8u65\4987\hotspot\src\share\vm\classfile\systemDictionary.cpp, line 210]
Event: 24.265 Thread 0x000000000018e800 Exception <a 'java/lang/ClassNotFoundException': sun/net/www/protocol/c/Handler> (0x00000000fb68d600) thrown at [C:\workspace\8-2-build-windows-amd64-cygwin\jdk8u65\4987\hotspot\src\share\vm\classfile\systemDictionary.cpp, line 210]
Event: 24.272 Thread 0x000000000018e800 Exception <a 'java/io/IOException'> (0x00000000fb6dd388) thrown at [C:\workspace\8-2-build-windows-amd64-cygwin\jdk8u65\4987\hotspot\src\share\vm\prims\jni.cpp, line 709]
Event: 24.273 Thread 0x000000000018e800 Exception <a 'java/lang/ClassNotFoundException': sun/net/www/protocol/c/Handler> (0x00000000fb6df1d8) thrown at [C:\workspace\8-2-build-windows-amd64-cygwin\jdk8u65\4987\hotspot\src\share\vm\classfile\systemDictionary.cpp, line 210]
Event: 24.273 Thread 0x000000000018e800 Exception <a 'java/lang/ClassNotFoundException': sun/net/www/protocol/c/Handler> (0x00000000fb6e2290) thrown at [C:\workspace\8-2-build-windows-amd64-cygwin\jdk8u65\4987\hotspot\src\share\vm\classfile\systemDictionary.cpp, line 210]
Event: 24.274 Thread 0x000000000018e800 Exception <a 'java/io/IOException'> (0x00000000fb6e5538) thrown at [C:\workspace\8-2-build-windows-amd64-cygwin\jdk8u65\4987\hotspot\src\share\vm\prims\jni.cpp, line 709]
Event: 24.274 Thread 0x000000000018e800 Exception <a 'java/lang/ClassNotFoundException': sun/net/www/protocol/c/Handler> (0x00000000fb6e7298) thrown at [C:\workspace\8-2-build-windows-amd64-cygwin\jdk8u65\4987\hotspot\src\share\vm\classfile\systemDictionary.cpp, line 210]
Event: 24.275 Thread 0x000000000018e800 Exception <a 'java/lang/ClassNotFoundException': sun/net/www/protocol/c/Handler> (0x00000000fb6ea350) thrown at [C:\workspace\8-2-build-windows-amd64-cygwin\jdk8u65\4987\hotspot\src\share\vm\classfile\systemDictionary.cpp, line 210]
Event: 24.302 Thread 0x000000000018e800 Implicit null exception at 0x0000000002d49a32 to 0x0000000002d4ce55

Events (10 events):
Event: 27.681 loading class sun/util/locale/provider/DateFormatProviderImpl
Event: 27.694 loading class sun/util/locale/provider/DateFormatProviderImpl done
Event: 27.695 loading class java/text/DontCareFieldPosition
Event: 27.695 loading class java/text/DontCareFieldPosition done
Event: 27.695 loading class java/text/DontCareFieldPosition$1
Event: 27.695 loading class java/text/DontCareFieldPosition$1 done
Event: 27.695 Executing VM operation: Deoptimize
Event: 27.696 Executing VM operation: Deoptimize done
Event: 27.698 loading class flex2/compiler/common/FramesConfiguration$FrameInfo
Event: 27.698 loading class flex2/compiler/common/FramesConfiguration$FrameInfo done


Dynamic libraries:
0x000000013f2d0000 - 0x000000013f307000 	C:\ProgramData\Oracle\Java\javapath\java.exe
0x0000000077010000 - 0x00000000771b9000 	C:\Windows\SYSTEM32\ntdll.dll
0x0000000076ef0000 - 0x0000000077010000 	C:\Windows\system32\kernel32.dll
0x000007fefd030000 - 0x000007fefd09c000 	C:\Windows\system32\KERNELBASE.dll
0x000007fefda50000 - 0x000007fefdb2b000 	C:\Windows\system32\ADVAPI32.dll
0x000007fefedf0000 - 0x000007fefee8f000 	C:\Windows\system32\msvcrt.dll
0x000007fefd5a0000 - 0x000007fefd5bf000 	C:\Windows\SYSTEM32\sechost.dll
0x000007fefebf0000 - 0x000007fefed1d000 	C:\Windows\system32\RPCRT4.dll
0x0000000076df0000 - 0x0000000076eea000 	C:\Windows\system32\USER32.dll
0x000007fefed20000 - 0x000007fefed87000 	C:\Windows\system32\GDI32.dll
0x000007fefd170000 - 0x000007fefd17e000 	C:\Windows\system32\LPK.dll
0x000007fefd830000 - 0x000007fefd8fa000 	C:\Windows\system32\USP10.dll
0x000007fefb190000 - 0x000007fefb384000 	C:\Windows\WinSxS\amd64_microsoft.windows.common-controls_6595b64144ccf1df_6.0.7601.18837_none_fa3b1e3d17594757\COMCTL32.dll
0x000007fefd900000 - 0x000007fefd971000 	C:\Windows\system32\SHLWAPI.dll
0x000007fefd980000 - 0x000007fefd9ae000 	C:\Windows\system32\IMM32.DLL
0x000007fefead0000 - 0x000007fefebd9000 	C:\Windows\system32\MSCTF.dll
0x00000000651c0000 - 0x0000000065292000 	C:\Program Files\Java\jre1.8.0_65\bin\msvcr100.dll
0x0000000064930000 - 0x00000000651b9000 	C:\Program Files\Java\jre1.8.0_65\bin\server\jvm.dll
0x000007fef5cd0000 - 0x000007fef5cd9000 	C:\Windows\system32\WSOCK32.dll
0x000007fefd550000 - 0x000007fefd59d000 	C:\Windows\system32\WS2_32.dll
0x000007fefebe0000 - 0x000007fefebe8000 	C:\Windows\system32\NSI.dll
0x000007fefa2b0000 - 0x000007fefa2eb000 	C:\Windows\system32\WINMM.dll
0x000007fefbf10000 - 0x000007fefbf1c000 	C:\Windows\system32\VERSION.dll
0x00000000771d0000 - 0x00000000771d7000 	C:\Windows\system32\PSAPI.DLL
0x0000000071b30000 - 0x0000000071b3f000 	C:\Program Files\Java\jre1.8.0_65\bin\verify.dll
0x0000000065350000 - 0x0000000065379000 	C:\Program Files\Java\jre1.8.0_65\bin\java.dll
0x0000000065440000 - 0x0000000065456000 	C:\Program Files\Java\jre1.8.0_65\bin\zip.dll
0x000007fefdd40000 - 0x000007fefeac9000 	C:\Windows\system32\SHELL32.dll
0x000007fefee90000 - 0x000007feff093000 	C:\Windows\system32\ole32.dll
0x000007fefcdb0000 - 0x000007fefcdbf000 	C:\Windows\system32\profapi.dll
0x000000005e410000 - 0x000000005e5a8000 	C:\Program Files\Java\jre1.8.0_65\bin\awt.dll
0x000007fefd470000 - 0x000007fefd547000 	C:\Windows\system32\OLEAUT32.dll
0x000007fefafb0000 - 0x000007fefb006000 	C:\Windows\system32\uxtheme.dll
0x000007fefaa50000 - 0x000007fefaa68000 	C:\Windows\system32\dwmapi.dll
0x000007fefcc50000 - 0x000007fefcc5f000 	C:\Windows\system32\CRYPTBASE.dll
0x000007fefc5f0000 - 0x000007fefc608000 	C:\Windows\system32\CRYPTSP.dll
0x000007fefc2f0000 - 0x000007fefc337000 	C:\Windows\system32\rsaenh.dll
0x000007fefd0a0000 - 0x000007fefd0be000 	C:\Windows\system32\USERENV.dll
0x000000005e3f0000 - 0x000000005e40a000 	C:\Program Files\Java\jre1.8.0_65\bin\net.dll
0x000007fefc590000 - 0x000007fefc5e5000 	C:\Windows\system32\mswsock.dll
0x000007fefc580000 - 0x000007fefc587000 	C:\Windows\System32\wship6.dll
0x000007fefbd10000 - 0x000007fefbd37000 	C:\Windows\system32\IPHLPAPI.DLL
0x000007fefbd00000 - 0x000007fefbd0b000 	C:\Windows\system32\WINNSI.DLL
0x000007fef9d70000 - 0x000007fef9d81000 	C:\Windows\system32\dhcpcsvc6.DLL
0x000007fef9d50000 - 0x000007fef9d68000 	C:\Windows\system32\dhcpcsvc.DLL
0x000000005e2d0000 - 0x000000005e2e1000 	C:\Program Files\Java\jre1.8.0_65\bin\nio.dll
0x000007fefaac0000 - 0x000007fefabe5000 	C:\Windows\system32\dbghelp.dll

VM Arguments:
jvm_args: -Xmx384m -Dsun.io.useCanonCaches=false -Duser.language=en -Duser.region=US -Djava.util.Arrays.useLegacyMergeSort=true -Dapplication.home=C:\Users\Georg\Downloads\flex_sdk_3.5 
java_command: C:\Users\Georg\Downloads\flex_sdk_3.5\lib\fcsh.jar
java_class_path (initial): C:\Users\Georg\Downloads\flex_sdk_3.5\lib\fcsh.jar
Launcher Type: SUN_STANDARD

Environment Variables:
PATH=C:\ProgramData\Oracle\Java\javapath;C:\Windows\system32;C:\Windows;C:\Windows\System32\Wbem;C:\Windows\System32\WindowsPowerShell\v1.0\;C:\Program Files (x86)\NVIDIA Corporation\PhysX\Common;C:\Windows\system32\config\systemprofile\.dnx\bin;C:\Program Files\Microsoft DNX\Dnvm\;C:\Program Files (x86)\FlashDevelop\Tools\AppMan;C:\Program Files (x86)\FlashDevelop
USERNAME=Georg
OS=Windows_NT
PROCESSOR_IDENTIFIER=Intel64 Family 6 Model 23 Stepping 10, GenuineIntel



---------------  S Y S T E M  ---------------

OS: Windows 7 , 64 bit Build 7601 (6.1.7601.19045)

CPU:total 4 (4 cores per cpu, 1 threads per core) family 6 model 23 stepping 10, cmov, cx8, fxsr, mmx, sse, sse2, sse3, ssse3, sse4.1, tsc

Memory: 4k page, physical 8387128k(6254384k free), swap 16772420k(14452148k free)

vm_info: Java HotSpot(TM) 64-Bit Server VM (25.65-b01) for windows-amd64 JRE (1.8.0_65-b17), built on Oct  6 2015 16:39:20 by "java_re" with MS VC++ 10.0 (VS2010)

time: Wed Jan 06 16:59:31 2016
elapsed time: 27 seconds (0d 0h 0m 27s)

