#
# A fatal error has been detected by the Java Runtime Environment:
#
#  EXCEPTION_ACCESS_VIOLATION (0xc0000005) at pc=0x000000005d16c045, pid=4872, tid=644
#
# JRE version: Java(TM) SE Runtime Environment (8.0_65-b17) (build 1.8.0_65-b17)
# Java VM: Java HotSpot(TM) 64-Bit Server VM (25.65-b01 mixed mode windows-amd64 compressed oops)
# Problematic frame:
# V  [jvm.dll+0xac045]
#
# Failed to write core dump. Minidumps are not enabled by default on client versions of Windows
#
# If you would like to submit a bug report, please visit:
#   http://bugreport.java.com/bugreport/crash.jsp
#

---------------  T H R E A D  ---------------

Current thread (0x0000000055351800):  JavaThread "C1 CompilerThread2" daemon [_thread_in_native, id=644, stack(0x0000000055760000,0x0000000055860000)]

siginfo: ExceptionCode=0xc0000005, reading address 0x0000692e00000004

Registers:
RAX=0x0000000055cd3500, RBX=0x0000692e00000000, RCX=0x0000000055cd3500, RDX=0x0000000000000018
RSP=0x000000005585ed60, RBP=0x0000000000000000, RSI=0x0000000055352190, RDI=0x0000000000001c55
R8 =0x0000000000000000, R9 =0x0000000000000001, R10=0x00000000554eba1e, R11=0x00000000554eba20
R12=0x000000005571ecd0, R13=0x00000000538f8800, R14=0x0000000055cd34e0, R15=0x00000000553520c0
RIP=0x000000005d16c045, EFLAGS=0x0000000000010206

Top of Stack: (sp=0x000000005585ed60)
0x000000005585ed60:   0000692e00000000 0000000055352190
0x000000005585ed70:   0000692e00000000 0000000055352190
0x000000005585ed80:   0000000055352080 00000000538f8800
0x000000005585ed90:   000000005571ecd0 000000005d4dec91
0x000000005585eda0:   000000005571ed30 000000005585ee59
0x000000005585edb0:   0000000055352190 0000000000001c55
0x000000005585edc0:   00000000538f8800 000000005571ecd0
0x000000005585edd0:   0000000000001c55 000000005d4eda37
0x000000005585ede0:   000000005585ef10 000000005571ed30
0x000000005585edf0:   00000000554ebaa0 000000005585ee59
0x000000005585ee00:   000000005585ef10 000000005d373bc5
0x000000005585ee10:   000000005571ed30 000000005571ecd0
0x000000005585ee20:   000000005585ef10 000000005d4ee400
0x000000005585ee30:   000000005d6a8bd8 0000000000000000
0x000000005585ee40:   0000000000000000 000000005d0e56fc
0x000000005585ee50:   000000005571ec30 0000000000000000 

Instructions: (pc=0x000000005d16c045)
0x000000005d16c025:   54 41 55 41 56 48 83 ec 20 33 d2 4c 8b f1 49 8b
0x000000005d16c035:   d8 8d 4a 18 e8 e2 f5 03 00 33 ed 48 85 c0 74 0f
0x000000005d16c045:   8b 53 04 48 8b c8 03 d2 e8 5e 44 fe ff eb 03 48
0x000000005d16c055:   8b c5 49 89 46 18 49 89 6e 10 41 89 6e 04 8b 03 


Register to memory mapping:

RAX=0x0000000055cd3500 is an unknown value
RBX=0x0000692e00000000 is an unknown value
RCX=0x0000000055cd3500 is an unknown value
RDX=0x0000000000000018 is an unknown value
RSP=0x000000005585ed60 is pointing into the stack for thread: 0x0000000055351800
RBP=0x0000000000000000 is an unknown value
RSI=0x0000000055352190 is an unknown value
RDI=0x0000000000001c55 is an unknown value
R8 =0x0000000000000000 is an unknown value
R9 =0x0000000000000001 is an unknown value
R10=0x00000000554eba1e is an unknown value
R11=0x00000000554eba20 is an unknown value
R12=0x000000005571ecd0 is an unknown value
R13=0x00000000538f8800 is an unknown value
R14=0x0000000055cd34e0 is an unknown value
R15=0x00000000553520c0 is an unknown value


Stack: [0x0000000055760000,0x0000000055860000],  sp=0x000000005585ed60,  free space=1019k
Native frames: (J=compiled Java code, j=interpreted, Vv=VM code, C=native code)


Current CompileTask:
C1:    958  546       3       org.apache.xerces.impl.io.UTF8Reader::read (1291 bytes)


---------------  P R O C E S S  ---------------

Java Threads: ( => current thread )
  0x00000000553cf800 JavaThread "Service Thread" daemon [_thread_blocked, id=8968, stack(0x00000000559a0000,0x0000000055aa0000)]
=>0x0000000055351800 JavaThread "C1 CompilerThread2" daemon [_thread_in_native, id=644, stack(0x0000000055760000,0x0000000055860000)]
  0x0000000055350800 JavaThread "C2 CompilerThread1" daemon [_thread_in_native, id=8852, stack(0x0000000054eb0000,0x0000000054fb0000)]
  0x00000000538f7800 JavaThread "C2 CompilerThread0" daemon [_thread_in_native, id=2004, stack(0x0000000055250000,0x0000000055350000)]
  0x00000000538f6000 JavaThread "Attach Listener" daemon [_thread_blocked, id=9036, stack(0x0000000054ff0000,0x00000000550f0000)]
  0x00000000538f2800 JavaThread "Signal Dispatcher" daemon [_thread_blocked, id=464, stack(0x0000000054db0000,0x0000000054eb0000)]
  0x0000000053896800 JavaThread "Finalizer" daemon [_thread_blocked, id=7584, stack(0x0000000054b70000,0x0000000054c70000)]
  0x000000005388f800 JavaThread "Reference Handler" daemon [_thread_blocked, id=6420, stack(0x00000000549c0000,0x0000000054ac0000)]
  0x00000000022ce800 JavaThread "main" [_thread_in_vm, id=1848, stack(0x00000000024f0000,0x00000000025f0000)]

Other Threads:
  0x000000005388a000 VMThread [stack: 0x0000000054820000,0x0000000054920000] [id=6204]
  0x00000000553e3000 WatcherThread [stack: 0x0000000055b50000,0x0000000055c50000] [id=6516]

VM state:not at safepoint (normal execution)

VM Mutex/Monitor currently owned by a thread: None

Heap:
 PSYoungGen      total 38400K, used 25657K [0x00000000f8000000, 0x00000000faa80000, 0x0000000100000000)
  eden space 33280K, 77% used [0x00000000f8000000,0x00000000f990e690,0x00000000fa080000)
  from space 5120K, 0% used [0x00000000fa580000,0x00000000fa580000,0x00000000faa80000)
  to   space 5120K, 0% used [0x00000000fa080000,0x00000000fa080000,0x00000000fa580000)
 ParOldGen       total 87552K, used 0K [0x00000000e8000000, 0x00000000ed580000, 0x00000000f8000000)
  object space 87552K, 0% used [0x00000000e8000000,0x00000000e8000000,0x00000000ed580000)
 Metaspace       used 7838K, capacity 8465K, committed 8704K, reserved 1056768K
  class space    used 879K, capacity 913K, committed 1024K, reserved 1048576K

Card table byte_map: [0x00000000022d0000,0x00000000023a0000] byte_map_base: 0x0000000001b90000

Marking Bits: (ParMarkBitMap*) 0x000000005d8ca5b0
 Begin Bits: [0x0000000012300000, 0x0000000012900000)
 End Bits:   [0x0000000012900000, 0x0000000012f00000)

Polling page: 0x0000000000330000

CodeCache: size=245760Kb used=2528Kb max_used=2544Kb free=243231Kb
 bounds [0x00000000028c0000, 0x0000000002b50000, 0x00000000118c0000]
 total_blobs=873 nmethods=573 adapters=214
 compilation: enabled

Compilation events (10 events):
Event: 0.947 Thread 0x00000000538f7800 nmethod 624 0x0000000002b34990 code [0x0000000002b34ae0, 0x0000000002b34e38]
Event: 0.947 Thread 0x00000000538f7800  629       4       org.apache.xerces.util.NamespaceSupport::getURI (38 bytes)
Event: 0.948 Thread 0x00000000538f7800 nmethod 629 0x0000000002b38c90 code [0x0000000002b38dc0, 0x0000000002b38eb8]
Event: 0.948 Thread 0x00000000538f7800  625       4       org.apache.xerces.util.XMLAttributesImpl::getName (14 bytes)
Event: 0.949 Thread 0x0000000055350800 nmethod 617 0x0000000002b3e350 code [0x0000000002b3e540, 0x0000000002b3f480]
Event: 0.949 Thread 0x0000000055350800  633       4       org.apache.xerces.impl.XMLScanner::isValidNameStartChar (5 bytes)
Event: 0.949 Thread 0x00000000538f7800 nmethod 625 0x0000000002b38910 code [0x0000000002b38a60, 0x0000000002b38b58]
Event: 0.949 Thread 0x00000000538f7800  626       4       org.apache.xerces.util.XMLChar::isInvalid (13 bytes)
Event: 0.950 Thread 0x0000000055350800 nmethod 633 0x0000000002b38610 code [0x0000000002b38760, 0x0000000002b38818]
Event: 0.950 Thread 0x00000000538f7800 nmethod 626 0x0000000002b3c910 code [0x0000000002b3ca40, 0x0000000002b3cad8]

GC Heap History (0 events):
No events

Deoptimization events (3 events):
Event: 0.247 Thread 0x00000000022ce800 Uncommon trap: reason=unstable_if action=reinterpret pc=0x0000000002a13c80 method=java.lang.String.startsWith(Ljava/lang/String;I)Z @ 25
Event: 0.532 Thread 0x00000000022ce800 Uncommon trap: reason=unstable_if action=reinterpret pc=0x0000000002a9a74c method=sun.misc.MetaIndex.mayContain(Ljava/lang/String;)Z @ 38
Event: 0.902 Thread 0x00000000022ce800 Uncommon trap: reason=unstable_if action=reinterpret pc=0x0000000002b2ccb4 method=org.apache.xerces.impl.XMLEntityScanner.scanLiteral(ILorg/apache/xerces/xni/XMLString;)I @ 43

Internal exceptions (9 events):
Event: 0.036 Thread 0x00000000022ce800 Exception <a 'java/lang/NoSuchMethodError': Method sun.misc.Unsafe.defineClass(Ljava/lang/String;[BII)Ljava/lang/Class; name or signature does not match> (0x00000000f800d4a0) thrown at [C:\workspace\8-2-build-windows-amd64-cygwin\jdk8u65\4987\hotspot\src\s‡$4Øe¢?
Event: 0.036 Thread 0x00000000022ce800 Exception <a 'java/lang/NoSuchMethodError': Method sun.misc.Unsafe.prefetchRead(Ljava/lang/Object;J)V name or signature does not match> (0x00000000f800d788) thrown at [C:\workspace\8-2-build-windows-amd64-cygwin\jdk8u65\4987\hotspot\src\share\vm\prims\jni.@µ±ª/êÄ?
Event: 0.163 Thread 0x00000000022ce800 Exception <a 'java/security/PrivilegedActionException'> (0x00000000f8347698) thrown at [C:\workspace\8-2-build-windows-amd64-cygwin\jdk8u65\4987\hotspot\src\share\vm\prims\jvm.cpp, line 1386]
Event: 0.163 Thread 0x00000000022ce800 Exception <a 'java/security/PrivilegedActionException'> (0x00000000f83478a8) thrown at [C:\workspace\8-2-build-windows-amd64-cygwin\jdk8u65\4987\hotspot\src\share\vm\prims\jvm.cpp, line 1386]
Event: 0.164 Thread 0x00000000022ce800 Exception <a 'java/security/PrivilegedActionException'> (0x00000000f834b450) thrown at [C:\workspace\8-2-build-windows-amd64-cygwin\jdk8u65\4987\hotspot\src\share\vm\prims\jvm.cpp, line 1386]
Event: 0.164 Thread 0x00000000022ce800 Exception <a 'java/security/PrivilegedActionException'> (0x00000000f834b660) thrown at [C:\workspace\8-2-build-windows-amd64-cygwin\jdk8u65\4987\hotspot\src\share\vm\prims\jvm.cpp, line 1386]
Event: 0.180 Thread 0x00000000022ce800 Exception <a 'java/security/PrivilegedActionException'> (0x00000000f836f4a8) thrown at [C:\workspace\8-2-build-windows-amd64-cygwin\jdk8u65\4987\hotspot\src\share\vm\prims\jvm.cpp, line 1386]
Event: 0.181 Thread 0x00000000022ce800 Exception <a 'java/security/PrivilegedActionException'> (0x00000000f836f8a0) thrown at [C:\workspace\8-2-build-windows-amd64-cygwin\jdk8u65\4987\hotspot\src\share\vm\prims\jvm.cpp, line 1386]
Event: 0.532 Thread 0x00000000022ce800 Exception <a 'java/lang/ClassNotFoundException': sun/net/www/protocol/c/Handler> (0x00000000f89ce178) thrown at [C:\workspace\8-2-build-windows-amd64-cygwin\jdk8u65\4987\hotspot\src\share\vm\classfile\systemDictionary.cpp, line 210]

Events (10 events):
Event: 0.850 loading class sun/misc/FloatingDecimal$ASCIIToBinaryBuffer done
Event: 0.850 loading class java/lang/StrictMath
Event: 0.850 loading class java/lang/StrictMath done
Event: 0.899 loading class flex2/compiler/swc/Component
Event: 0.899 loading class flex2/compiler/swc/Component done
Event: 0.899 loading class flex2/tools/oem/Component
Event: 0.899 loading class flex2/tools/oem/Component done
Event: 0.902 Thread 0x00000000022ce800 Uncommon trap: trap_request=0xffffff65 fr.pc=0x0000000002b2ccb4
Event: 0.902 Thread 0x00000000022ce800 DEOPT PACKING pc=0x0000000002b2ccb4 sp=0x00000000025ee9e0
Event: 0.902 Thread 0x00000000022ce800 DEOPT UNPACKING pc=0x000000000290556a sp=0x00000000025ee960 mode 2


Dynamic libraries:
0x000000013f1b0000 - 0x000000013f1e7000 	C:\ProgramData\Oracle\Java\javapath\java.exe
0x0000000077310000 - 0x00000000774b9000 	C:\Windows\SYSTEM32\ntdll.dll
0x00000000771f0000 - 0x0000000077310000 	C:\Windows\system32\kernel32.dll
0x000007fefd2f0000 - 0x000007fefd35c000 	C:\Windows\system32\KERNELBASE.dll
0x000007fefe470000 - 0x000007fefe54b000 	C:\Windows\system32\ADVAPI32.dll
0x000007feff350000 - 0x000007feff3ef000 	C:\Windows\system32\msvcrt.dll
0x000007fefed40000 - 0x000007fefed5f000 	C:\Windows\SYSTEM32\sechost.dll
0x000007fefec10000 - 0x000007fefed3d000 	C:\Windows\system32\RPCRT4.dll
0x00000000770f0000 - 0x00000000771ea000 	C:\Windows\system32\USER32.dll
0x000007fefeba0000 - 0x000007fefec07000 	C:\Windows\system32\GDI32.dll
0x000007fefd470000 - 0x000007fefd47e000 	C:\Windows\system32\LPK.dll
0x000007fefe370000 - 0x000007fefe43a000 	C:\Windows\system32\USP10.dll
0x000007fefb500000 - 0x000007fefb6f4000 	C:\Windows\WinSxS\amd64_microsoft.windows.common-controls_6595b64144ccf1df_6.0.7601.18837_none_fa3b1e3d17594757\COMCTL32.dll
0x000007fefeb20000 - 0x000007fefeb91000 	C:\Windows\system32\SHLWAPI.dll
0x000007fefe440000 - 0x000007fefe46e000 	C:\Windows\system32\IMM32.DLL
0x000007fefe260000 - 0x000007fefe369000 	C:\Windows\system32\MSCTF.dll
0x000000006b9d0000 - 0x000000006baa2000 	C:\Program Files\Java\jre1.8.0_65\bin\msvcr100.dll
0x000000005d0c0000 - 0x000000005d949000 	C:\Program Files\Java\jre1.8.0_65\bin\server\jvm.dll
0x000007fef9620000 - 0x000007fef9629000 	C:\Windows\system32\WSOCK32.dll
0x000007fefe210000 - 0x000007fefe25d000 	C:\Windows\system32\WS2_32.dll
0x000007fefeb10000 - 0x000007fefeb18000 	C:\Windows\system32\NSI.dll
0x000007fefa520000 - 0x000007fefa55b000 	C:\Windows\system32\WINMM.dll
0x000007fefc210000 - 0x000007fefc21c000 	C:\Windows\system32\VERSION.dll
0x00000000774e0000 - 0x00000000774e7000 	C:\Windows\system32\PSAPI.DLL
0x000000006fe10000 - 0x000000006fe1f000 	C:\Program Files\Java\jre1.8.0_65\bin\verify.dll
0x000000006bbe0000 - 0x000000006bc09000 	C:\Program Files\Java\jre1.8.0_65\bin\java.dll
0x000000006d970000 - 0x000000006d986000 	C:\Program Files\Java\jre1.8.0_65\bin\zip.dll
0x000007fefd480000 - 0x000007fefe209000 	C:\Windows\system32\SHELL32.dll
0x000007fefe550000 - 0x000007fefe753000 	C:\Windows\system32\ole32.dll
0x000007fefd0b0000 - 0x000007fefd0bf000 	C:\Windows\system32\profapi.dll
0x000007fefb9d0000 - 0x000007fefbaf5000 	C:\Windows\system32\dbghelp.dll

VM Arguments:
jvm_args: -Xmx384m -Dsun.io.useCanonCaches=false -Duser.language=en -Duser.region=US -Djava.util.Arrays.useLegacyMergeSort=true -Dapplication.home=C:\Users\Georg\Downloads\flex_sdk_3.5 
java_command: C:\Users\Georg\Downloads\flex_sdk_3.5\lib\fcsh.jar
java_class_path (initial): C:\Users\Georg\Downloads\flex_sdk_3.5\lib\fcsh.jar
Launcher Type: SUN_STANDARD

Environment Variables:
PATH=C:\ProgramData\Oracle\Java\javapath;C:\Windows\system32;C:\Windows;C:\Windows\System32\Wbem;C:\Windows\System32\WindowsPowerShell\v1.0\;C:\Program Files (x86)\NVIDIA Corporation\PhysX\Common;C:\Windows\system32\config\systemprofile\.dnx\bin;C:\Program Files\Microsoft DNX\Dnvm\;C:\Program Files (x86)\FlashDevelop\Tools\AppMan;C:\Program Files (x86)\FlashDevelop
USERNAME=Georg
OS=Windows_NT
PROCESSOR_IDENTIFIER=Intel64 Family 6 Model 23 Stepping 10, GenuineIntel



---------------  S Y S T E M  ---------------

OS: Windows 7 , 64 bit Build 7601 (6.1.7601.19045)

CPU:total 4 (4 cores per cpu, 1 threads per core) family 6 model 23 stepping 10, cmov, cx8, fxsr, mmx, sse, sse2, sse3, ssse3, sse4.1, tsc

Memory: 4k page, physical 8387128k(5886372k free), swap 16772420k(13920368k free)

vm_info: Java HotSpot(TM) 64-Bit Server VM (25.65-b01) for windows-amd64 JRE (1.8.0_65-b17), built on Oct  6 2015 16:39:20 by "java_re" with MS VC++ 10.0 (VS2010)

time: Sun Jan 17 17:35:45 2016
elapsed time: 0 seconds (0d 0h 0m 0s)

