#
# A fatal error has been detected by the Java Runtime Environment:
#
#  EXCEPTION_ACCESS_VIOLATION (0xc0000005) at pc=0xffffffffa4a15120, pid=3452, tid=3816
#
# JRE version: Java(TM) SE Runtime Environment (8.0_65-b17) (build 1.8.0_65-b17)
# Java VM: Java HotSpot(TM) 64-Bit Server VM (25.65-b01 mixed mode windows-amd64 compressed oops)
# Problematic frame:
# C  0xffffffffa4a15120
#
# Failed to write core dump. Minidumps are not enabled by default on client versions of Windows
#
# If you would like to submit a bug report, please visit:
#   http://bugreport.java.com/bugreport/crash.jsp
#

---------------  T H R E A D  ---------------

Current thread (0x00000000001be000):  JavaThread "main" [_thread_in_Java, id=3816, stack(0x0000000002640000,0x0000000002740000)]

siginfo: ExceptionCode=0xc0000005, ExceptionInformation=0x0000000000000008 0xffffffffa4a15120

Registers:
RAX=0x0000000000000002, RBX=0x0000000000007ffc, RCX=0x000000000000032d, RDX=0x00000000fa6360f0
RSP=0x000000000273eb08, RBP=0x000000000273eec0, RSI=0x0000000000007ffb, RDI=0x0000000000000002
R8 =0x0000000000000122, R9 =0x0000000000000005, R10=0x000000000000032d, R11=0x00000000000003e4
R12=0x0000000000000000, R13=0x00000000fa6f3860, R14=0x000000000000032d, R15=0x00000000001be000
RIP=0xffffffffa4a15120, EFLAGS=0x0000000000010246

Top of Stack: (sp=0x000000000273eb08)
0x000000000273eb08:   0000000003e39fc4 00000000fa6f3860
0x000000000273eb18:   0000000000000000 00000000001be000
0x000000000273eb28:   00000000000000f5 0000000059fe7dd0
0x000000000273eb38:   0000000000000000 0000000000000000
0x000000000273eb48:   0000000003e5499c 0000000000000003
0x000000000273eb58:   0000000000000121 00000000000000d0
0x000000000273eb68:   0000000059fd7ad8 000000000273ebb0
0x000000000273eb78:   00000000fa6f3a18 0000000000001294
0x000000000273eb88:   000000000273eb88 000000000000d6ab
0x000000000273eb98:   000000000273ebf8 00000000fa6360f0
0x000000000273eba8:   00000000fa59eaf0 0000000000000122
0x000000000273ebb8:   0000000100000000 00000000fa6f3860
0x000000000273ebc8:   00000000fadd0d18 0000000003ee725c
0x000000000273ebd8:   00000000fa6f33b8 00007ffb00000007
0x000000000273ebe8:   deaddeaf00000377 000000000273eec0
0x000000000273ebf8:   0000000003ee733c 0000000000001126 

Instructions: (pc=0xffffffffa4a15120)
0xffffffffa4a15100:   
[error occurred during error reporting (printing registers, top of stack, instructions near pc), id 0xc0000005]

Register to memory mapping:

RAX=0x0000000000000002 is an unknown value
RBX=0x0000000000007ffc is an unknown value
RCX=0x000000000000032d is an unknown value
RDX=0x00000000fa6360f0 is an oop
macromedia.abc.IndexHistory 
 - klass: 'macromedia/abc/IndexHistory'
RSP=0x000000000273eb08 is pointing into the stack for thread: 0x00000000001be000
RBP=0x000000000273eec0 is pointing into the stack for thread: 0x00000000001be000
RSI=0x0000000000007ffb is an unknown value
RDI=0x0000000000000002 is an unknown value
R8 =0x0000000000000122 is an unknown value
R9 =0x0000000000000005 is an unknown value
R10=0x000000000000032d is an unknown value
R11=0x00000000000003e4 is an unknown value
R12=0x0000000000000000 is an unknown value
R13=0x00000000fa6f3860 is an oop
macromedia.abc.MultiNamePool 
 - klass: 'macromedia/abc/MultiNamePool'
R14=0x000000000000032d is an unknown value
R15=0x00000000001be000 is a thread


Stack: [0x0000000002640000,0x0000000002740000],  sp=0x000000000273eb08,  free space=1018k
Native frames: (J=compiled Java code, j=interpreted, Vv=VM code, C=native code)
C  0xffffffffa4a15120


---------------  P R O C E S S  ---------------

Java Threads: ( => current thread )
  0x0000000057777000 JavaThread "Image Fetcher 0" daemon [_thread_blocked, id=804, stack(0x0000000058280000,0x0000000058380000)]
  0x0000000057776800 JavaThread "AWT-Windows" daemon [_thread_in_native, id=1580, stack(0x000000005a230000,0x000000005a330000)]
  0x0000000057be6800 JavaThread "Java2D Disposer" daemon [_thread_blocked, id=3672, stack(0x0000000059c30000,0x0000000059d30000)]
  0x00000000539df800 JavaThread "Service Thread" daemon [_thread_blocked, id=696, stack(0x0000000055770000,0x0000000055870000)]
  0x00000000539db800 JavaThread "C1 CompilerThread2" daemon [_thread_blocked, id=1636, stack(0x0000000055630000,0x0000000055730000)]
  0x00000000550b0800 JavaThread "C2 CompilerThread1" daemon [_thread_blocked, id=3736, stack(0x0000000055530000,0x0000000055630000)]
  0x00000000539d5000 JavaThread "C2 CompilerThread0" daemon [_thread_in_native, id=2380, stack(0x0000000054fa0000,0x00000000550a0000)]
  0x00000000539d3800 JavaThread "Attach Listener" daemon [_thread_blocked, id=2148, stack(0x0000000054e40000,0x0000000054f40000)]
  0x00000000539d0000 JavaThread "Signal Dispatcher" daemon [_thread_blocked, id=1572, stack(0x0000000054950000,0x0000000054a50000)]
  0x0000000053976800 JavaThread "Finalizer" daemon [_thread_blocked, id=340, stack(0x0000000054d30000,0x0000000054e30000)]
  0x000000005396f800 JavaThread "Reference Handler" daemon [_thread_blocked, id=2492, stack(0x0000000054bc0000,0x0000000054cc0000)]
=>0x00000000001be000 JavaThread "main" [_thread_in_Java, id=3816, stack(0x0000000002640000,0x0000000002740000)]

Other Threads:
  0x000000005396a000 VMThread [stack: 0x0000000054a60000,0x0000000054b60000] [id=2352]
  0x000000005513b800 WatcherThread [stack: 0x0000000055940000,0x0000000055a40000] [id=3648]

VM state:not at safepoint (normal execution)

VM Mutex/Monitor currently owned by a thread: None

Heap:
 PSYoungGen      total 105984K, used 53457K [0x00000000f8000000, 0x0000000100000000, 0x0000000100000000)
  eden space 83456K, 57% used [0x00000000f8000000,0x00000000faf25db0,0x00000000fd180000)
  from space 22528K, 22% used [0x00000000fe800000,0x00000000fed0e650,0x00000000ffe00000)
  to   space 23040K, 0% used [0x00000000fd180000,0x00000000fd180000,0x00000000fe800000)
 ParOldGen       total 121344K, used 71621K [0x00000000e8000000, 0x00000000ef680000, 0x00000000f8000000)
  object space 121344K, 59% used [0x00000000e8000000,0x00000000ec5f1530,0x00000000ef680000)
 Metaspace       used 20391K, capacity 21113K, committed 21248K, reserved 1069056K
  class space    used 2063K, capacity 2190K, committed 2304K, reserved 1048576K

Card table byte_map: [0x00000000002c0000,0x0000000000390000] byte_map_base: 0xffffffffffb80000

Marking Bits: (ParMarkBitMap*) 0x0000000060e8a5b0
 Begin Bits: [0x00000000123e0000, 0x00000000129e0000)
 End Bits:   [0x00000000129e0000, 0x0000000012fe0000)

Polling page: 0x0000000000130000

CodeCache: size=245760Kb used=21319Kb max_used=21337Kb free=224440Kb
 bounds [0x0000000002a10000, 0x0000000003f00000, 0x0000000011a10000]
 total_blobs=5321 nmethods=4867 adapters=365
 compilation: enabled

Compilation events (10 events):
Event: 13.680 Thread 0x00000000539db800 5666       3       java.util.HashMap$TreeNode::getTreeNode (22 bytes)
Event: 13.681 Thread 0x00000000539db800 nmethod 5666 0x0000000003eef310 code [0x0000000003eef4a0, 0x0000000003eef888]
Event: 13.682 Thread 0x00000000550b0800 nmethod 5664 0x0000000003ee8010 code [0x0000000003ee8160, 0x0000000003ee8298]
Event: 13.682 Thread 0x00000000550b0800 5660       4       java.util.HashMap$TreeNode::tieBreakOrder (49 bytes)
Event: 13.685 Thread 0x00000000550b0800 nmethod 5660 0x0000000003eeecd0 code [0x0000000003eeee40, 0x0000000003eef0f0]
Event: 13.685 Thread 0x00000000550b0800 5658       4       macromedia.abc.Encoder$BytecodeBuffer2::getIndex (33 bytes)
Event: 13.686 Thread 0x00000000550b0800 nmethod 5658 0x0000000003eefbd0 code [0x0000000003eefd00, 0x0000000003eefe18]
Event: 13.686 Thread 0x00000000550b0800 5479       4       macromedia.abc.ByteArray::clear (21 bytes)
Event: 13.687 Thread 0x00000000550b0800 nmethod 5479 0x000000000334a450 code [0x000000000334a580, 0x000000000334a5d8]
Event: 13.687 Thread 0x00000000550b0800 5256       4       macromedia.asc.parser.Parser::parseEqualityExpression (15 bytes)

GC Heap History (10 events):
Event: 8.592 GC heap before
{Heap before GC invocations=9 (full 0):
 PSYoungGen      total 107008K, used 93556K [0x00000000f8000000, 0x0000000100000000, 0x0000000100000000)
  eden space 81408K, 100% used [0x00000000f8000000,0x00000000fcf80000,0x00000000fcf80000)
  from space 25600K, 47% used [0x00000000fe700000,0x00000000ff2dd1e8,0x0000000100000000)
  to   space 24064K, 0% used [0x00000000fcf80000,0x00000000fcf80000,0x00000000fe700000)
 ParOldGen       total 87552K, used 62495K [0x00000000e8000000, 0x00000000ed580000, 0x00000000f8000000)
  object space 87552K, 71% used [0x00000000e8000000,0x00000000ebd07d08,0x00000000ed580000)
 Metaspace       used 17671K, capacity 17983K, committed 18048K, reserved 1064960K
  class space    used 1784K, capacity 1871K, committed 1920K, reserved 1048576K
Event: 8.639 GC heap after
Heap after GC invocations=9 (full 0):
 PSYoungGen      total 95744K, used 14111K [0x00000000f8000000, 0x00000000ffd80000, 0x0000000100000000)
  eden space 81408K, 0% used [0x00000000f8000000,0x00000000f8000000,0x00000000fcf80000)
  from space 14336K, 98% used [0x00000000fcf80000,0x00000000fdd47fa8,0x00000000fdd80000)
  to   space 23552K, 0% used [0x00000000fe680000,0x00000000fe680000,0x00000000ffd80000)
 ParOldGen       total 87552K, used 63887K [0x00000000e8000000, 0x00000000ed580000, 0x00000000f8000000)
  object space 87552K, 72% used [0x00000000e8000000,0x00000000ebe63d08,0x00000000ed580000)
 Metaspace       used 17671K, capacity 17983K, committed 18048K, reserved 1064960K
  class space    used 1784K, capacity 1871K, committed 1920K, reserved 1048576K
}
Event: 9.853 GC heap before
{Heap before GC invocations=10 (full 0):
 PSYoungGen      total 95744K, used 95519K [0x00000000f8000000, 0x00000000ffd80000, 0x0000000100000000)
  eden space 81408K, 100% used [0x00000000f8000000,0x00000000fcf80000,0x00000000fcf80000)
  from space 14336K, 98% used [0x00000000fcf80000,0x00000000fdd47fa8,0x00000000fdd80000)
  to   space 23552K, 0% used [0x00000000fe680000,0x00000000fe680000,0x00000000ffd80000)
 ParOldGen       total 87552K, used 63887K [0x00000000e8000000, 0x00000000ed580000, 0x00000000f8000000)
  object space 87552K, 72% used [0x00000000e8000000,0x00000000ebe63d08,0x00000000ed580000)
 Metaspace       used 19099K, capacity 19719K, committed 19840K, reserved 1067008K
  class space    used 1980K, capacity 2107K, committed 2176K, reserved 1048576K
Event: 9.897 GC heap after
Heap after GC invocations=10 (full 0):
 PSYoungGen      total 104960K, used 15870K [0x00000000f8000000, 0x0000000100000000, 0x0000000100000000)
  eden space 81408K, 0% used [0x00000000f8000000,0x00000000f8000000,0x00000000fcf80000)
  from space 23552K, 67% used [0x00000000fe680000,0x00000000ff5ff9c8,0x00000000ffd80000)
  to   space 23552K, 0% used [0x00000000fcf80000,0x00000000fcf80000,0x00000000fe680000)
 ParOldGen       total 87552K, used 69694K [0x00000000e8000000, 0x00000000ed580000, 0x00000000f8000000)
  object space 87552K, 79% used [0x00000000e8000000,0x00000000ec40f9a0,0x00000000ed580000)
 Metaspace       used 19099K, capacity 19719K, committed 19840K, reserved 1067008K
  class space    used 1980K, capacity 2107K, committed 2176K, reserved 1048576K
}
Event: 9.897 GC heap before
{Heap before GC invocations=11 (full 1):
 PSYoungGen      total 104960K, used 15870K [0x00000000f8000000, 0x0000000100000000, 0x0000000100000000)
  eden space 81408K, 0% used [0x00000000f8000000,0x00000000f8000000,0x00000000fcf80000)
  from space 23552K, 67% used [0x00000000fe680000,0x00000000ff5ff9c8,0x00000000ffd80000)
  to   space 23552K, 0% used [0x00000000fcf80000,0x00000000fcf80000,0x00000000fe680000)
 ParOldGen       total 87552K, used 69694K [0x00000000e8000000, 0x00000000ed580000, 0x00000000f8000000)
  object space 87552K, 79% used [0x00000000e8000000,0x00000000ec40f9a0,0x00000000ed580000)
 Metaspace       used 19099K, capacity 19719K, committed 19840K, reserved 1067008K
  class space    used 1980K, capacity 2107K, committed 2176K, reserved 1048576K
Event: 10.177 GC heap after
Heap after GC invocations=11 (full 1):
 PSYoungGen      total 104960K, used 0K [0x00000000f8000000, 0x0000000100000000, 0x0000000100000000)
  eden space 81408K, 0% used [0x00000000f8000000,0x00000000f8000000,0x00000000fcf80000)
  from space 23552K, 0% used [0x00000000fe680000,0x00000000fe680000,0x00000000ffd80000)
  to   space 23552K, 0% used [0x00000000fcf80000,0x00000000fcf80000,0x00000000fe680000)
 ParOldGen       total 121344K, used 61230K [0x00000000e8000000, 0x00000000ef680000, 0x00000000f8000000)
  object space 121344K, 50% used [0x00000000e8000000,0x00000000ebbcb820,0x00000000ef680000)
 Metaspace       used 19099K, capacity 19719K, committed 19840K, reserved 1067008K
  class space    used 1980K, capacity 2107K, committed 2176K, reserved 1048576K
}
Event: 11.308 GC heap before
{Heap before GC invocations=12 (full 1):
 PSYoungGen      total 104960K, used 81408K [0x00000000f8000000, 0x0000000100000000, 0x0000000100000000)
  eden space 81408K, 100% used [0x00000000f8000000,0x00000000fcf80000,0x00000000fcf80000)
  from space 23552K, 0% used [0x00000000fe680000,0x00000000fe680000,0x00000000ffd80000)
  to   space 23552K, 0% used [0x00000000fcf80000,0x00000000fcf80000,0x00000000fe680000)
 ParOldGen       total 121344K, used 61230K [0x00000000e8000000, 0x00000000ef680000, 0x00000000f8000000)
  object space 121344K, 50% used [0x00000000e8000000,0x00000000ebbcb820,0x00000000ef680000)
 Metaspace       used 19286K, capacity 19953K, committed 20096K, reserved 1067008K
  class space    used 1989K, capacity 2114K, committed 2176K, reserved 1048576K
Event: 11.356 GC heap after
Heap after GC invocations=12 (full 1):
 PSYoungGen      total 104960K, used 12710K [0x00000000f8000000, 0x00000000ffe00000, 0x0000000100000000)
  eden space 81408K, 0% used [0x00000000f8000000,0x00000000f8000000,0x00000000fcf80000)
  from space 23552K, 53% used [0x00000000fcf80000,0x00000000fdbe9b98,0x00000000fe680000)
  to   space 22528K, 0% used [0x00000000fe800000,0x00000000fe800000,0x00000000ffe00000)
 ParOldGen       total 121344K, used 61238K [0x00000000e8000000, 0x00000000ef680000, 0x00000000f8000000)
  object space 121344K, 50% used [0x00000000e8000000,0x00000000ebbcd820,0x00000000ef680000)
 Metaspace       used 19286K, capacity 19953K, committed 20096K, reserved 1067008K
  class space    used 1989K, capacity 2114K, committed 2176K, reserved 1048576K
}
Event: 12.582 GC heap before
{Heap before GC invocations=13 (full 1):
 PSYoungGen      total 104960K, used 94118K [0x00000000f8000000, 0x00000000ffe00000, 0x0000000100000000)
  eden space 81408K, 100% used [0x00000000f8000000,0x00000000fcf80000,0x00000000fcf80000)
  from space 23552K, 53% used [0x00000000fcf80000,0x00000000fdbe9b98,0x00000000fe680000)
  to   space 22528K, 0% used [0x00000000fe800000,0x00000000fe800000,0x00000000ffe00000)
 ParOldGen       total 121344K, used 61238K [0x00000000e8000000, 0x00000000ef680000, 0x00000000f8000000)
  object space 121344K, 50% used [0x00000000e8000000,0x00000000ebbcd820,0x00000000ef680000)
 Metaspace       used 19735K, capacity 20441K, committed 20608K, reserved 1067008K
  class space    used 2029K, capacity 2158K, committed 2176K, reserved 1048576K
Event: 12.631 GC heap after
Heap after GC invocations=13 (full 1):
 PSYoungGen      total 105984K, used 5177K [0x00000000f8000000, 0x0000000100000000, 0x0000000100000000)
  eden space 83456K, 0% used [0x00000000f8000000,0x00000000f8000000,0x00000000fd180000)
  from space 22528K, 22% used [0x00000000fe800000,0x00000000fed0e650,0x00000000ffe00000)
  to   space 23040K, 0% used [0x00000000fd180000,0x00000000fd180000,0x00000000fe800000)
 ParOldGen       total 121344K, used 71621K [0x00000000e8000000, 0x00000000ef680000, 0x00000000f8000000)
  object space 121344K, 59% used [0x00000000e8000000,0x00000000ec5f1530,0x00000000ef680000)
 Metaspace       used 19735K, capacity 20441K, committed 20608K, reserved 1067008K
  class space    used 2029K, capacity 2158K, committed 2176K, reserved 1048576K
}

Deoptimization events (10 events):
Event: 13.055 Thread 0x00000000001be000 Uncommon trap: reason=unstable_if action=reinterpret pc=0x000000000319fe8c method=java.util.HashMap.getNode(ILjava/lang/Object;)Ljava/util/HashMap$Node; @ 84
Event: 13.055 Thread 0x00000000001be000 Uncommon trap: reason=unstable_if action=reinterpret pc=0x000000000319e6dc method=java.util.HashMap.getNode(ILjava/lang/Object;)Ljava/util/HashMap$Node; @ 84
Event: 13.180 Thread 0x00000000001be000 Uncommon trap: reason=unstable_if action=reinterpret pc=0x000000000320e8ac method=macromedia.asc.embedding.avmplus.ActionBlockEmitter.setPosition(III)V @ 11
Event: 13.238 Thread 0x00000000001be000 Uncommon trap: reason=class_check action=maybe_recompile pc=0x0000000003ccce7c method=java.util.regex.Pattern$CharProperty.match(Ljava/util/regex/Matcher;ILjava/lang/CharSequence;)Z @ 18
Event: 13.238 Thread 0x00000000001be000 Uncommon trap: reason=class_check action=maybe_recompile pc=0x0000000003ccce7c method=java.util.regex.Pattern$CharProperty.match(Ljava/util/regex/Matcher;ILjava/lang/CharSequence;)Z @ 18
Event: 13.238 Thread 0x00000000001be000 Uncommon trap: reason=class_check action=maybe_recompile pc=0x0000000003ccce7c method=java.util.regex.Pattern$CharProperty.match(Ljava/util/regex/Matcher;ILjava/lang/CharSequence;)Z @ 18
Event: 13.238 Thread 0x00000000001be000 Uncommon trap: reason=class_check action=maybe_recompile pc=0x0000000003ccce7c method=java.util.regex.Pattern$CharProperty.match(Ljava/util/regex/Matcher;ILjava/lang/CharSequence;)Z @ 18
Event: 13.334 Thread 0x00000000001be000 Uncommon trap: reason=unstable_if action=reinterpret pc=0x0000000002d5dd3c method=java.util.HashMap.resize()[Ljava/util/HashMap$Node; @ 206
Event: 13.460 Thread 0x00000000001be000 Uncommon trap: reason=predicate action=maybe_recompile pc=0x00000000039f9a38 method=java.util.TreeMap.getEntry(Ljava/lang/Object;)Ljava/util/TreeMap$Entry; @ 39
Event: 13.460 Thread 0x00000000001be000 Uncommon trap: reason=predicate action=maybe_recompile pc=0x00000000034efeb4 method=java.util.TreeMap.getEntry(Ljava/lang/Object;)Ljava/util/TreeMap$Entry; @ 39

Internal exceptions (10 events):
Event: 11.537 Thread 0x00000000001be000 Exception <a 'java/lang/ClassNotFoundException': sun/net/www/protocol/c/Handler> (0x00000000fa1c2aa0) thrown at [C:\workspace\8-2-build-windows-amd64-cygwin\jdk8u65\4987\hotspot\src\share\vm\classfile\systemDictionary.cpp, line 210]
Event: 11.537 Thread 0x00000000001be000 Exception <a 'java/io/IOException'> (0x00000000fa1c57f8) thrown at [C:\workspace\8-2-build-windows-amd64-cygwin\jdk8u65\4987\hotspot\src\share\vm\prims\jni.cpp, line 709]
Event: 11.537 Thread 0x00000000001be000 Exception <a 'java/lang/ClassNotFoundException': sun/net/www/protocol/c/Handler> (0x00000000fa1c70c8) thrown at [C:\workspace\8-2-build-windows-amd64-cygwin\jdk8u65\4987\hotspot\src\share\vm\classfile\systemDictionary.cpp, line 210]
Event: 11.537 Thread 0x00000000001be000 Exception <a 'java/lang/ClassNotFoundException': sun/net/www/protocol/c/Handler> (0x00000000fa1ca0f0) thrown at [C:\workspace\8-2-build-windows-amd64-cygwin\jdk8u65\4987\hotspot\src\share\vm\classfile\systemDictionary.cpp, line 210]
Event: 11.543 Thread 0x00000000001be000 Exception <a 'java/io/IOException'> (0x00000000fa2234b0) thrown at [C:\workspace\8-2-build-windows-amd64-cygwin\jdk8u65\4987\hotspot\src\share\vm\prims\jni.cpp, line 709]
Event: 11.543 Thread 0x00000000001be000 Exception <a 'java/lang/ClassNotFoundException': sun/net/www/protocol/c/Handler> (0x00000000fa224db0) thrown at [C:\workspace\8-2-build-windows-amd64-cygwin\jdk8u65\4987\hotspot\src\share\vm\classfile\systemDictionary.cpp, line 210]
Event: 11.544 Thread 0x00000000001be000 Exception <a 'java/lang/ClassNotFoundException': sun/net/www/protocol/c/Handler> (0x00000000fa227db8) thrown at [C:\workspace\8-2-build-windows-amd64-cygwin\jdk8u65\4987\hotspot\src\share\vm\classfile\systemDictionary.cpp, line 210]
Event: 11.544 Thread 0x00000000001be000 Exception <a 'java/io/IOException'> (0x00000000fa22afb0) thrown at [C:\workspace\8-2-build-windows-amd64-cygwin\jdk8u65\4987\hotspot\src\share\vm\prims\jni.cpp, line 709]
Event: 11.545 Thread 0x00000000001be000 Exception <a 'java/lang/ClassNotFoundException': sun/net/www/protocol/c/Handler> (0x00000000fa22c7c0) thrown at [C:\workspace\8-2-build-windows-amd64-cygwin\jdk8u65\4987\hotspot\src\share\vm\classfile\systemDictionary.cpp, line 210]
Event: 11.545 Thread 0x00000000001be000 Exception <a 'java/lang/ClassNotFoundException': sun/net/www/protocol/c/Handler> (0x00000000fa22f7c8) thrown at [C:\workspace\8-2-build-windows-amd64-cygwin\jdk8u65\4987\hotspot\src\share\vm\classfile\systemDictionary.cpp, line 210]

Events (10 events):
Event: 13.678 Thread 0x00000000001be000 DEOPT PACKING pc=0x0000000003e548d9 sp=0x000000000273ebc0
Event: 13.678 Thread 0x00000000001be000 DEOPT UNPACKING pc=0x0000000002a571bf sp=0x000000000273e8c8 mode 0
Event: 13.678 Thread 0x00000000001be000 DEOPT PACKING pc=0x0000000003e548d9 sp=0x000000000273ebc0
Event: 13.678 Thread 0x00000000001be000 DEOPT UNPACKING pc=0x0000000002a571bf sp=0x000000000273e8c8 mode 0
Event: 13.679 Thread 0x00000000001be000 DEOPT PACKING pc=0x0000000003e548d9 sp=0x000000000273ebc0
Event: 13.679 Thread 0x00000000001be000 DEOPT UNPACKING pc=0x0000000002a571bf sp=0x000000000273e8c8 mode 0
Event: 13.681 Thread 0x00000000001be000 DEOPT PACKING pc=0x0000000003e548d9 sp=0x000000000273ebc0
Event: 13.681 Thread 0x00000000001be000 DEOPT UNPACKING pc=0x0000000002a571bf sp=0x000000000273e8c8 mode 0
Event: 13.682 Thread 0x00000000001be000 DEOPT PACKING pc=0x0000000003e548d9 sp=0x000000000273ebc0
Event: 13.682 Thread 0x00000000001be000 DEOPT UNPACKING pc=0x0000000002a571bf sp=0x000000000273e8c8 mode 0


Dynamic libraries:
0x000000013fcd0000 - 0x000000013fd07000 	C:\ProgramData\Oracle\Java\javapath\java.exe
0x0000000077360000 - 0x0000000077509000 	C:\Windows\SYSTEM32\ntdll.dll
0x0000000077240000 - 0x0000000077360000 	C:\Windows\system32\kernel32.dll
0x000007fefd2c0000 - 0x000007fefd32c000 	C:\Windows\system32\KERNELBASE.dll
0x000007fefe5a0000 - 0x000007fefe67b000 	C:\Windows\system32\ADVAPI32.dll
0x000007fefd9f0000 - 0x000007fefda8f000 	C:\Windows\system32\msvcrt.dll
0x000007fefdcc0000 - 0x000007fefdcdf000 	C:\Windows\SYSTEM32\sechost.dll
0x000007fefe340000 - 0x000007fefe46d000 	C:\Windows\system32\RPCRT4.dll
0x0000000077140000 - 0x000000007723a000 	C:\Windows\system32\USER32.dll
0x000007fefde00000 - 0x000007fefde67000 	C:\Windows\system32\GDI32.dll
0x000007fefd7d0000 - 0x000007fefd7de000 	C:\Windows\system32\LPK.dll
0x000007fefdec0000 - 0x000007fefdf89000 	C:\Windows\system32\USP10.dll
0x000007fefb640000 - 0x000007fefb834000 	C:\Windows\WinSxS\amd64_microsoft.windows.common-controls_6595b64144ccf1df_6.0.7601.18837_none_fa3b1e3d17594757\COMCTL32.dll
0x000007fefdd80000 - 0x000007fefddf1000 	C:\Windows\system32\SHLWAPI.dll
0x000007fefe510000 - 0x000007fefe53e000 	C:\Windows\system32\IMM32.DLL
0x000007fefd4d0000 - 0x000007fefd5d9000 	C:\Windows\system32\MSCTF.dll
0x0000000060f10000 - 0x0000000060fe2000 	C:\Program Files\Java\jre1.8.0_65\bin\msvcr100.dll
0x0000000060680000 - 0x0000000060f09000 	C:\Program Files\Java\jre1.8.0_65\bin\server\jvm.dll
0x000007fefa3d0000 - 0x000007fefa3d9000 	C:\Windows\system32\WSOCK32.dll
0x000007fefde70000 - 0x000007fefdebd000 	C:\Windows\system32\WS2_32.dll
0x000007fefd7c0000 - 0x000007fefd7c8000 	C:\Windows\system32\NSI.dll
0x000007fefaec0000 - 0x000007fefaefb000 	C:\Windows\system32\WINMM.dll
0x000007fefc1e0000 - 0x000007fefc1ec000 	C:\Windows\system32\VERSION.dll
0x0000000077530000 - 0x0000000077537000 	C:\Windows\system32\PSAPI.DLL
0x0000000074510000 - 0x000000007451f000 	C:\Program Files\Java\jre1.8.0_65\bin\verify.dll
0x0000000060650000 - 0x0000000060679000 	C:\Program Files\Java\jre1.8.0_65\bin\java.dll
0x0000000060630000 - 0x0000000060646000 	C:\Program Files\Java\jre1.8.0_65\bin\zip.dll
0x000007fefe680000 - 0x000007feff409000 	C:\Windows\system32\SHELL32.dll
0x000007fefd7e0000 - 0x000007fefd9e3000 	C:\Windows\system32\ole32.dll
0x000007fefd110000 - 0x000007fefd11f000 	C:\Windows\system32\profapi.dll
0x0000000060490000 - 0x0000000060628000 	C:\Program Files\Java\jre1.8.0_65\bin\awt.dll
0x000007fefdf90000 - 0x000007fefe067000 	C:\Windows\system32\OLEAUT32.dll
0x000007fefaf00000 - 0x000007fefaf56000 	C:\Windows\system32\uxtheme.dll
0x000007fefa730000 - 0x000007fefa748000 	C:\Windows\system32\dwmapi.dll
0x000007fefcf10000 - 0x000007fefcf1f000 	C:\Windows\system32\CRYPTBASE.dll
0x000007fefb0b0000 - 0x000007fefb1d5000 	C:\Windows\system32\dbghelp.dll

VM Arguments:
jvm_args: -Xmx384m -Dsun.io.useCanonCaches=false -Duser.language=en -Duser.region=US -Djava.util.Arrays.useLegacyMergeSort=true -Dapplication.home=C:\Users\Georg\Downloads\flex_sdk_3.5 
java_command: C:\Users\Georg\Downloads\flex_sdk_3.5\lib\fcsh.jar
java_class_path (initial): C:\Users\Georg\Downloads\flex_sdk_3.5\lib\fcsh.jar
Launcher Type: SUN_STANDARD

Environment Variables:
PATH=C:\ProgramData\Oracle\Java\javapath;C:\Program Files (x86)\NVIDIA Corporation\PhysX\Common;C:\Windows\system32;C:\Windows;C:\Windows\System32\Wbem;C:\Windows\System32\WindowsPowerShell\v1.0\;C:\Program Files (x86)\FlashDevelop\Tools\AppMan;C:\Program Files (x86)\FlashDevelop
USERNAME=Georg
OS=Windows_NT
PROCESSOR_IDENTIFIER=Intel64 Family 6 Model 23 Stepping 10, GenuineIntel



---------------  S Y S T E M  ---------------

OS: Windows 7 , 64 bit Build 7601 (6.1.7601.19045)

CPU:total 4 (4 cores per cpu, 1 threads per core) family 6 model 23 stepping 10, cmov, cx8, fxsr, mmx, sse, sse2, sse3, ssse3, sse4.1, tsc

Memory: 4k page, physical 8387128k(6613116k free), swap 16772420k(14479588k free)

vm_info: Java HotSpot(TM) 64-Bit Server VM (25.65-b01) for windows-amd64 JRE (1.8.0_65-b17), built on Oct  6 2015 16:39:20 by "java_re" with MS VC++ 10.0 (VS2010)

time: Thu Dec 03 15:22:08 2015
elapsed time: 13 seconds (0d 0h 0m 13s)

