#
# A fatal error has been detected by the Java Runtime Environment:
#
#  EXCEPTION_ACCESS_VIOLATION (0xc0000005) at pc=0xffffffffa39a5120, pid=2968, tid=4300
#
# JRE version: Java(TM) SE Runtime Environment (8.0_65-b17) (build 1.8.0_65-b17)
# Java VM: Java HotSpot(TM) 64-Bit Server VM (25.65-b01 mixed mode windows-amd64 compressed oops)
# Problematic frame:
# C  0xffffffffa39a5120
#
# Failed to write core dump. Minidumps are not enabled by default on client versions of Windows
#
# If you would like to submit a bug report, please visit:
#   http://bugreport.java.com/bugreport/crash.jsp
#

---------------  T H R E A D  ---------------

Current thread (0x00000000022ae800):  JavaThread "main" [_thread_in_Java, id=4300, stack(0x00000000025d0000,0x00000000026d0000)]

siginfo: ExceptionCode=0xc0000005, ExceptionInformation=0x0000000000000008 0xffffffffa39a5120

Registers:
RAX=0x0000000000000074, RBX=0x00000000586bd0d8, RCX=0x00000000f9542b08, RDX=0x00000000f9544b70
RSP=0x00000000026cd778, RBP=0x00000000026cda20, RSI=0x00000000f9544b70, RDI=0x00000000f9544b70
R8 =0x0000000000000000, R9 =0x00000000000005f4, R10=0x0000000000000005, R11=0x00000000f9542b60
R12=0x0000000000000000, R13=0x00000000026cd9c0, R14=0x00000000026cda80, R15=0x00000000022ae800
RIP=0xffffffffa39a5120, EFLAGS=0x0000000000010216

Top of Stack: (sp=0x00000000026cd778)
0x00000000026cd778:   0000000003377fbc 000000000000008b
0x00000000026cd788:   00000000f9542b08 00000000026cd790
0x00000000026cd798:   0000000053202a50 00000000026cd830
0x00000000026cd7a8:   0000000053203ef0 00000000f9542b38
0x00000000026cd7b8:   0000000053202a60 0000000000000000
0x00000000026cd7c8:   00000000026cd840 00000000026cda20
0x00000000026cd7d8:   000000000337fa74 00000000f9542b08
0x00000000026cd7e8:   0000000000000000 0000000000000000
0x00000000026cd7f8:   000000000000008b 00000000fc5c5bd8
0x00000000026cd808:   00000000fc5c5aa0 00000000f9552e58
0x00000000026cd818:   000000000000002f 00000000f95451e0
0x00000000026cd828:   0000000000000000 00000000026cda20
0x00000000026cd838:   0000000002fd9a4c 0000000000000000
0x00000000026cd848:   000000000335ef92 0000000052eb7c50
0x00000000026cd858:   00000000026cd8b0 0000000000000c50
0x00000000026cd868:   0000000002fd63a4 0000000000000000 

Instructions: (pc=0xffffffffa39a5120)
0xffffffffa39a5100:   
[error occurred during error reporting (printing registers, top of stack, instructions near pc), id 0xc0000005]

Register to memory mapping:

RAX=0x0000000000000074 is an unknown value
RBX=0x00000000586bd0d8 is pointing into metadata
RCX=0x00000000f9542b08 is an oop
java.io.ObjectInputStream 
 - klass: 'java/io/ObjectInputStream'
RDX=0x00000000f9544b70 is an oop
java.io.ObjectInputStream$BlockDataInputStream 
 - klass: 'java/io/ObjectInputStream$BlockDataInputStream'
RSP=0x00000000026cd778 is pointing into the stack for thread: 0x00000000022ae800
RBP=0x00000000026cda20 is pointing into the stack for thread: 0x00000000022ae800
RSI=0x00000000f9544b70 is an oop
java.io.ObjectInputStream$BlockDataInputStream 
 - klass: 'java/io/ObjectInputStream$BlockDataInputStream'
RDI=0x00000000f9544b70 is an oop
java.io.ObjectInputStream$BlockDataInputStream 
 - klass: 'java/io/ObjectInputStream$BlockDataInputStream'
R8 =0x0000000000000000 is an unknown value
R9 =0x00000000000005f4 is an unknown value
R10=0x0000000000000005 is an unknown value
R11=0x00000000f9542b60 is an oop
[B 
 - klass: {type array byte}
 - length: 8192
R12=0x0000000000000000 is an unknown value
R13=0x00000000026cd9c0 is pointing into the stack for thread: 0x00000000022ae800
R14=0x00000000026cda80 is pointing into the stack for thread: 0x00000000022ae800
R15=0x00000000022ae800 is a thread


Stack: [0x00000000025d0000,0x00000000026d0000],  sp=0x00000000026cd778,  free space=1013k
Native frames: (J=compiled Java code, j=interpreted, Vv=VM code, C=native code)
C  0xffffffffa39a5120


---------------  P R O C E S S  ---------------

Java Threads: ( => current thread )
  0x0000000055406800 JavaThread "Service Thread" daemon [_thread_blocked, id=2268, stack(0x00000000558f0000,0x00000000559f0000)]
  0x000000005383b000 JavaThread "C1 CompilerThread2" daemon [_thread_blocked, id=4508, stack(0x00000000549e0000,0x0000000054ae0000)]
  0x0000000053839000 JavaThread "C2 CompilerThread1" daemon [_thread_in_native, id=4024, stack(0x0000000055280000,0x0000000055380000)]
  0x0000000053835800 JavaThread "C2 CompilerThread0" daemon [_thread_blocked, id=3720, stack(0x0000000055090000,0x0000000055190000)]
  0x0000000053834800 JavaThread "Attach Listener" daemon [_thread_blocked, id=4832, stack(0x0000000054f60000,0x0000000055060000)]
  0x0000000053831800 JavaThread "Signal Dispatcher" daemon [_thread_blocked, id=196, stack(0x0000000054e40000,0x0000000054f40000)]
  0x00000000537d8000 JavaThread "Finalizer" daemon [_thread_blocked, id=3576, stack(0x0000000054cc0000,0x0000000054dc0000)]
  0x00000000537d1000 JavaThread "Reference Handler" daemon [_thread_blocked, id=4728, stack(0x0000000054b40000,0x0000000054c40000)]
=>0x00000000022ae800 JavaThread "main" [_thread_in_Java, id=4300, stack(0x00000000025d0000,0x00000000026d0000)]

Other Threads:
  0x00000000537cb800 VMThread [stack: 0x0000000054870000,0x0000000054970000] [id=428]
  0x0000000055412800 WatcherThread [stack: 0x0000000055b40000,0x0000000055c40000] [id=4308]

VM state:not at safepoint (normal execution)

VM Mutex/Monitor currently owned by a thread: None

Heap:
 PSYoungGen      total 71680K, used 27758K [0x00000000f8000000, 0x0000000100000000, 0x0000000100000000)
  eden space 66560K, 34% used [0x00000000f8000000,0x00000000f961e8d8,0x00000000fc100000)
  from space 5120K, 99% used [0x00000000fc100000,0x00000000fc5fd190,0x00000000fc600000)
  to   space 5120K, 0% used [0x00000000ffb00000,0x00000000ffb00000,0x0000000100000000)
 ParOldGen       total 87552K, used 33012K [0x00000000e8000000, 0x00000000ed580000, 0x00000000f8000000)
  object space 87552K, 37% used [0x00000000e8000000,0x00000000ea03d1a0,0x00000000ed580000)
 Metaspace       used 14097K, capacity 14277K, committed 14336K, reserved 1062912K
  class space    used 1502K, capacity 1522K, committed 1536K, reserved 1048576K

Card table byte_map: [0x00000000021d0000,0x00000000022a0000] byte_map_base: 0x0000000001a90000

Marking Bits: (ParMarkBitMap*) 0x000000005e3ca5b0
 Begin Bits: [0x0000000012240000, 0x0000000012840000)
 End Bits:   [0x0000000012840000, 0x0000000012e40000)

Polling page: 0x0000000000330000

CodeCache: size=245760Kb used=10126Kb max_used=10126Kb free=235633Kb
 bounds [0x00000000029a0000, 0x0000000003390000, 0x00000000119a0000]
 total_blobs=2883 nmethods=2534 adapters=262
 compilation: enabled

Compilation events (10 events):
Event: 4.919 Thread 0x000000005383b000 nmethod 2549 0x0000000003375c90 code [0x0000000003375e20, 0x0000000003376178]
Event: 4.919 Thread 0x000000005383b000 2543       3       java.io.ObjectInputStream$BlockDataInputStream::setBlockDataMode (74 bytes)
Event: 4.919 Thread 0x0000000053835800 nmethod 2535 0x00000000033803d0 code [0x0000000003380520, 0x0000000003380878]
Event: 4.919 Thread 0x0000000053835800 2537       4       java.lang.StringBuilder::<init> (7 bytes)
Event: 4.919 Thread 0x000000005383b000 nmethod 2543 0x000000000337fdd0 code [0x000000000337ff60, 0x00000000033802c8]
Event: 4.919 Thread 0x000000005383b000 2544       3       java.io.ObjectInputStream$BlockDataInputStream::peek (55 bytes)
Event: 4.919 Thread 0x000000005383b000 nmethod 2544 0x000000000337f650 code [0x000000000337f7e0, 0x000000000337fc18]
Event: 4.919 Thread 0x000000005383b000 2546       3       java.io.ObjectInputStream$BlockDataInputStream::read (62 bytes)
Event: 4.920 Thread 0x000000005383b000 nmethod 2546 0x000000000337eed0 code [0x000000000337f060, 0x000000000337f498]
Event: 4.920 Thread 0x000000005383b000 2551   !   3       java.io.ObjectInputStream::readObject0 (554 bytes)

GC Heap History (6 events):
Event: 1.240 GC heap before
{Heap before GC invocations=1 (full 0):
 PSYoungGen      total 38400K, used 33280K [0x00000000f8000000, 0x00000000faa80000, 0x0000000100000000)
  eden space 33280K, 100% used [0x00000000f8000000,0x00000000fa080000,0x00000000fa080000)
  from space 5120K, 0% used [0x00000000fa580000,0x00000000fa580000,0x00000000faa80000)
  to   space 5120K, 0% used [0x00000000fa080000,0x00000000fa080000,0x00000000fa580000)
 ParOldGen       total 87552K, used 0K [0x00000000e8000000, 0x00000000ed580000, 0x00000000f8000000)
  object space 87552K, 0% used [0x00000000e8000000,0x00000000e8000000,0x00000000ed580000)
 Metaspace       used 7937K, capacity 8465K, committed 8704K, reserved 1056768K
  class space    used 882K, capacity 913K, committed 1024K, reserved 1048576K
Event: 1.289 GC heap after
Heap after GC invocations=1 (full 0):
 PSYoungGen      total 38400K, used 5105K [0x00000000f8000000, 0x00000000fcb00000, 0x0000000100000000)
  eden space 33280K, 0% used [0x00000000f8000000,0x00000000f8000000,0x00000000fa080000)
  from space 5120K, 99% used [0x00000000fa080000,0x00000000fa57c718,0x00000000fa580000)
  to   space 5120K, 0% used [0x00000000fc600000,0x00000000fc600000,0x00000000fcb00000)
 ParOldGen       total 87552K, used 7655K [0x00000000e8000000, 0x00000000ed580000, 0x00000000f8000000)
  object space 87552K, 8% used [0x00000000e8000000,0x00000000e8779ce0,0x00000000ed580000)
 Metaspace       used 7937K, capacity 8465K, committed 8704K, reserved 1056768K
  class space    used 882K, capacity 913K, committed 1024K, reserved 1048576K
}
Event: 2.595 GC heap before
{Heap before GC invocations=2 (full 0):
 PSYoungGen      total 38400K, used 38385K [0x00000000f8000000, 0x00000000fcb00000, 0x0000000100000000)
  eden space 33280K, 100% used [0x00000000f8000000,0x00000000fa080000,0x00000000fa080000)
  from space 5120K, 99% used [0x00000000fa080000,0x00000000fa57c718,0x00000000fa580000)
  to   space 5120K, 0% used [0x00000000fc600000,0x00000000fc600000,0x00000000fcb00000)
 ParOldGen       total 87552K, used 7655K [0x00000000e8000000, 0x00000000ed580000, 0x00000000f8000000)
  object space 87552K, 8% used [0x00000000e8000000,0x00000000e8779ce0,0x00000000ed580000)
 Metaspace       used 11379K, capacity 11785K, committed 11904K, reserved 1060864K
  class space    used 1288K, capacity 1337K, committed 1408K, reserved 1048576K
Event: 2.697 GC heap after
Heap after GC invocations=2 (full 0):
 PSYoungGen      total 71680K, used 5115K [0x00000000f8000000, 0x00000000fcb00000, 0x0000000100000000)
  eden space 66560K, 0% used [0x00000000f8000000,0x00000000f8000000,0x00000000fc100000)
  from space 5120K, 99% used [0x00000000fc600000,0x00000000fcafec08,0x00000000fcb00000)
  to   space 5120K, 0% used [0x00000000fc100000,0x00000000fc100000,0x00000000fc600000)
 ParOldGen       total 87552K, used 21805K [0x00000000e8000000, 0x00000000ed580000, 0x00000000f8000000)
  object space 87552K, 24% used [0x00000000e8000000,0x00000000e954b578,0x00000000ed580000)
 Metaspace       used 11379K, capacity 11785K, committed 11904K, reserved 1060864K
  class space    used 1288K, capacity 1337K, committed 1408K, reserved 1048576K
}
Event: 4.292 GC heap before
{Heap before GC invocations=3 (full 0):
 PSYoungGen      total 71680K, used 71675K [0x00000000f8000000, 0x00000000fcb00000, 0x0000000100000000)
  eden space 66560K, 100% used [0x00000000f8000000,0x00000000fc100000,0x00000000fc100000)
  from space 5120K, 99% used [0x00000000fc600000,0x00000000fcafec08,0x00000000fcb00000)
  to   space 5120K, 0% used [0x00000000fc100000,0x00000000fc100000,0x00000000fc600000)
 ParOldGen       total 87552K, used 21805K [0x00000000e8000000, 0x00000000ed580000, 0x00000000f8000000)
  object space 87552K, 24% used [0x00000000e8000000,0x00000000e954b578,0x00000000ed580000)
 Metaspace       used 13644K, capacity 13805K, committed 13824K, reserved 1060864K
  class space    used 1474K, capacity 1518K, committed 1536K, reserved 1048576K
Event: 4.361 GC heap after
Heap after GC invocations=3 (full 0):
 PSYoungGen      total 71680K, used 5108K [0x00000000f8000000, 0x0000000100000000, 0x0000000100000000)
  eden space 66560K, 0% used [0x00000000f8000000,0x00000000f8000000,0x00000000fc100000)
  from space 5120K, 99% used [0x00000000fc100000,0x00000000fc5fd190,0x00000000fc600000)
  to   space 5120K, 0% used [0x00000000ffb00000,0x00000000ffb00000,0x0000000100000000)
 ParOldGen       total 87552K, used 33012K [0x00000000e8000000, 0x00000000ed580000, 0x00000000f8000000)
  object space 87552K, 37% used [0x00000000e8000000,0x00000000ea03d1a0,0x00000000ed580000)
 Metaspace       used 13644K, capacity 13805K, committed 13824K, reserved 1060864K
  class space    used 1474K, capacity 1518K, committed 1536K, reserved 1048576K
}

Deoptimization events (10 events):
Event: 3.773 Thread 0x00000000022ae800 Uncommon trap: reason=class_check action=maybe_recompile pc=0x0000000002e8622c method=macromedia.asc.util.ObjectList.equals(Ljava/lang/Object;)Z @ 62
Event: 3.774 Thread 0x00000000022ae800 Uncommon trap: reason=class_check action=maybe_recompile pc=0x0000000002e8622c method=macromedia.asc.util.ObjectList.equals(Ljava/lang/Object;)Z @ 62
Event: 3.781 Thread 0x00000000022ae800 Uncommon trap: reason=unstable_if action=reinterpret pc=0x00000000031063e8 method=macromedia.asc.semantics.ReferenceValue.lookup(Lmacromedia/asc/util/Context;I)Z @ 6
Event: 4.169 Thread 0x00000000022ae800 Uncommon trap: reason=unstable_if action=reinterpret pc=0x0000000003179de4 method=macromedia.asc.semantics.ObjectValue.hasNames(Lmacromedia/asc/util/Context;ILjava/lang/String;Lmacromedia/asc/util/Namespaces;)Lmacromedia/asc/util/Namespaces; @ 46
Event: 4.213 Thread 0x00000000022ae800 Uncommon trap: reason=unstable_if action=reinterpret pc=0x0000000003023698 method=flex2.compiler.API.getCompilationUnitWorkflow(Lflex2/compiler/Source;)I @ 13
Event: 4.377 Thread 0x00000000022ae800 Uncommon trap: reason=unstable_if action=reinterpret pc=0x000000000310df08 method=java.io.StringReader.read()I @ 19
Event: 4.633 Thread 0x00000000022ae800 Uncommon trap: reason=unstable_if action=reinterpret pc=0x00000000032015dc method=java.lang.Integer.getChars(II[C)V @ 20
Event: 4.637 Thread 0x00000000022ae800 Uncommon trap: reason=unstable_if action=reinterpret pc=0x0000000002ffde44 method=java.io.BufferedInputStream.read()I @ 23
Event: 4.664 Thread 0x00000000022ae800 Uncommon trap: reason=unstable_if action=reinterpret pc=0x0000000002ce1b58 method=java.lang.CharacterDataLatin1.digit(II)I @ 31
Event: 4.802 Thread 0x00000000022ae800 Uncommon trap: reason=predicate action=maybe_recompile pc=0x00000000032b6d10 method=java.util.TreeMap.put(Ljava/lang/Object;Ljava/lang/Object;)Ljava/lang/Object; @ 58

Internal exceptions (10 events):
Event: 3.371 Thread 0x00000000022ae800 Exception <a 'java/lang/NoSuchMethodError': <clinit>> (0x00000000f93600e0) thrown at [C:\workspace\8-2-build-windows-amd64-cygwin\jdk8u65\4987\hotspot\src\share\vm\prims\jni.cpp, line 1591]
Event: 3.378 Thread 0x00000000022ae800 Exception <a 'java/lang/NoSuchMethodError': <clinit>> (0x00000000f93772e8) thrown at [C:\workspace\8-2-build-windows-amd64-cygwin\jdk8u65\4987\hotspot\src\share\vm\prims\jni.cpp, line 1591]
Event: 3.383 Thread 0x00000000022ae800 Exception <a 'java/lang/NoSuchMethodError': <clinit>> (0x00000000f938ab70) thrown at [C:\workspace\8-2-build-windows-amd64-cygwin\jdk8u65\4987\hotspot\src\share\vm\prims\jni.cpp, line 1591]
Event: 3.761 Thread 0x00000000022ae800 Implicit null exception at 0x0000000002f1bf15 to 0x0000000002f1d54d
Event: 3.761 Thread 0x00000000022ae800 Implicit null exception at 0x0000000002f713ef to 0x0000000002f717c5
Event: 4.213 Thread 0x00000000022ae800 Implicit null exception at 0x0000000003023659 to 0x0000000003023689
Event: 4.902 Thread 0x00000000022ae800 Exception <a 'java/lang/NoSuchMethodError': <clinit>> (0x00000000f9567f68) thrown at [C:\workspace\8-2-build-windows-amd64-cygwin\jdk8u65\4987\hotspot\src\share\vm\prims\jni.cpp, line 1591]
Event: 4.908 Thread 0x00000000022ae800 Exception <a 'java/lang/NoSuchMethodError': <clinit>> (0x00000000f9579108) thrown at [C:\workspace\8-2-build-windows-amd64-cygwin\jdk8u65\4987\hotspot\src\share\vm\prims\jni.cpp, line 1591]
Event: 4.912 Thread 0x00000000022ae800 Exception <a 'java/lang/NoSuchMethodError': <clinit>> (0x00000000f958e118) thrown at [C:\workspace\8-2-build-windows-amd64-cygwin\jdk8u65\4987\hotspot\src\share\vm\prims\jni.cpp, line 1591]
Event: 4.917 Thread 0x00000000022ae800 Exception <a 'java/lang/NoSuchMethodError': <clinit>> (0x00000000f95a8470) thrown at [C:\workspace\8-2-build-windows-amd64-cygwin\jdk8u65\4987\hotspot\src\share\vm\prims\jni.cpp, line 1591]

Events (10 events):
Event: 4.889 loading class flex2/compiler/as3/genext/GenerativeSecondPassEvaluator
Event: 4.889 loading class flex2/compiler/as3/genext/GenerativeSecondPassEvaluator done
Event: 4.900 loading class org/apache/velocity/runtime/parser/node/ASTAndNode
Event: 4.900 loading class org/apache/velocity/runtime/parser/node/ASTAndNode done
Event: 4.903 loading class org/apache/velocity/runtime/parser/node/ASTNENode
Event: 4.903 loading class org/apache/velocity/runtime/parser/node/ASTNENode done
Event: 4.909 loading class org/apache/velocity/runtime/parser/node/ASTStringLiteral
Event: 4.909 loading class org/apache/velocity/runtime/parser/node/ASTStringLiteral done
Event: 4.914 loading class org/apache/velocity/runtime/parser/node/ASTSetDirective
Event: 4.914 loading class org/apache/velocity/runtime/parser/node/ASTSetDirective done


Dynamic libraries:
0x000000013fa20000 - 0x000000013fa57000 	C:\ProgramData\Oracle\Java\javapath\java.exe
0x0000000077ac0000 - 0x0000000077c69000 	C:\Windows\SYSTEM32\ntdll.dll
0x00000000779a0000 - 0x0000000077ac0000 	C:\Windows\system32\kernel32.dll
0x000007fefd9b0000 - 0x000007fefda1c000 	C:\Windows\system32\KERNELBASE.dll
0x000007fefe7f0000 - 0x000007fefe8cb000 	C:\Windows\system32\ADVAPI32.dll
0x000007feffac0000 - 0x000007feffb5f000 	C:\Windows\system32\msvcrt.dll
0x000007fefdc50000 - 0x000007fefdc6f000 	C:\Windows\SYSTEM32\sechost.dll
0x000007fefe3a0000 - 0x000007fefe4cd000 	C:\Windows\system32\RPCRT4.dll
0x00000000778a0000 - 0x000000007799a000 	C:\Windows\system32\USER32.dll
0x000007feff6c0000 - 0x000007feff727000 	C:\Windows\system32\GDI32.dll
0x000007feff730000 - 0x000007feff73e000 	C:\Windows\system32\LPK.dll
0x000007fefdd10000 - 0x000007fefddda000 	C:\Windows\system32\USP10.dll
0x000007fefbb90000 - 0x000007fefbd84000 	C:\Windows\WinSxS\amd64_microsoft.windows.common-controls_6595b64144ccf1df_6.0.7601.18837_none_fa3b1e3d17594757\COMCTL32.dll
0x000007fefdfd0000 - 0x000007fefe041000 	C:\Windows\system32\SHLWAPI.dll
0x000007fefdc20000 - 0x000007fefdc4e000 	C:\Windows\system32\IMM32.DLL
0x000007fefdec0000 - 0x000007fefdfc9000 	C:\Windows\system32\MSCTF.dll
0x000000005e450000 - 0x000000005e522000 	C:\Program Files\Java\jre1.8.0_65\bin\msvcr100.dll
0x000000005dbc0000 - 0x000000005e449000 	C:\Program Files\Java\jre1.8.0_65\bin\server\jvm.dll
0x000007fefb8c0000 - 0x000007fefb8c9000 	C:\Windows\system32\WSOCK32.dll
0x000007fefe7a0000 - 0x000007fefe7ed000 	C:\Windows\system32\WS2_32.dll
0x000007feff8d0000 - 0x000007feff8d8000 	C:\Windows\system32\NSI.dll
0x000007fefb100000 - 0x000007fefb13b000 	C:\Windows\system32\WINMM.dll
0x000007fefc9c0000 - 0x000007fefc9cc000 	C:\Windows\system32\VERSION.dll
0x0000000077c90000 - 0x0000000077c97000 	C:\Windows\system32\PSAPI.DLL
0x0000000070270000 - 0x000000007027f000 	C:\Program Files\Java\jre1.8.0_65\bin\verify.dll
0x0000000067030000 - 0x0000000067059000 	C:\Program Files\Java\jre1.8.0_65\bin\java.dll
0x0000000063ae0000 - 0x0000000063af6000 	C:\Program Files\Java\jre1.8.0_65\bin\zip.dll
0x000007fefe8d0000 - 0x000007feff659000 	C:\Windows\system32\SHELL32.dll
0x000007fefe0f0000 - 0x000007fefe2f3000 	C:\Windows\system32\ole32.dll
0x000007fefd860000 - 0x000007fefd86f000 	C:\Windows\system32\profapi.dll
0x000007fefba60000 - 0x000007fefbb85000 	C:\Windows\system32\dbghelp.dll

VM Arguments:
jvm_args: -Xmx384m -Dsun.io.useCanonCaches=false -Duser.language=en -Duser.region=US -Djava.util.Arrays.useLegacyMergeSort=true -Dapplication.home=C:\Users\Georg\Downloads\flex_sdk_3.5 
java_command: C:\Users\Georg\Downloads\flex_sdk_3.5\lib\fcsh.jar
java_class_path (initial): C:\Users\Georg\Downloads\flex_sdk_3.5\lib\fcsh.jar
Launcher Type: SUN_STANDARD

Environment Variables:
PATH=C:\ProgramData\Oracle\Java\javapath;C:\Windows\system32;C:\Windows;C:\Windows\System32\Wbem;C:\Windows\System32\WindowsPowerShell\v1.0\;C:\Program Files (x86)\NVIDIA Corporation\PhysX\Common;C:\Windows\system32\config\systemprofile\.dnx\bin;C:\Program Files\Microsoft DNX\Dnvm\;C:\Program Files (x86)\FlashDevelop\Tools\AppMan;C:\Program Files (x86)\FlashDevelop
USERNAME=Georg
OS=Windows_NT
PROCESSOR_IDENTIFIER=Intel64 Family 6 Model 23 Stepping 10, GenuineIntel



---------------  S Y S T E M  ---------------

OS: Windows 7 , 64 bit Build 7601 (6.1.7601.19045)

CPU:total 4 (4 cores per cpu, 1 threads per core) family 6 model 23 stepping 10, cmov, cx8, fxsr, mmx, sse, sse2, sse3, ssse3, sse4.1, tsc

Memory: 4k page, physical 8387128k(5564648k free), swap 16772420k(13647548k free)

vm_info: Java HotSpot(TM) 64-Bit Server VM (25.65-b01) for windows-amd64 JRE (1.8.0_65-b17), built on Oct  6 2015 16:39:20 by "java_re" with MS VC++ 10.0 (VS2010)

time: Mon Dec 14 20:32:27 2015
elapsed time: 4 seconds (0d 0h 0m 4s)

