#
# A fatal error has been detected by the Java Runtime Environment:
#
#  EXCEPTION_ACCESS_VIOLATION (0xc0000005) at pc=0xffffffffa3775120, pid=2892, tid=2268
#
# JRE version: Java(TM) SE Runtime Environment (8.0_65-b17) (build 1.8.0_65-b17)
# Java VM: Java HotSpot(TM) 64-Bit Server VM (25.65-b01 mixed mode windows-amd64 compressed oops)
# Problematic frame:
# C  0xffffffffa3775120
#
# Failed to write core dump. Minidumps are not enabled by default on client versions of Windows
#
# If you would like to submit a bug report, please visit:
#   http://bugreport.java.com/bugreport/crash.jsp
#

---------------  T H R E A D  ---------------

Current thread (0x000000000040e800):  JavaThread "main" [_thread_in_Java, id=2268, stack(0x00000000023a0000,0x00000000024a0000)]

siginfo: ExceptionCode=0xc0000005, ExceptionInformation=0x0000000000000008 0xffffffffa3775120

Registers:
RAX=0x0000000012f66c70, RBX=0x000000005312bfc0, RCX=0x0000000012f66c70, RDX=0x00000000f99a8498
RSP=0x000000000249de48, RBP=0x000000000249ea88, RSI=0x00000000f99ee608, RDI=0x000000000000001b
R8 =0x00000000ff1595f0, R9 =0x0000000000000000, R10=0x0000000012f7ebe8, R11=0x0000000000000268
R12=0x0000000000000000, R13=0x0000000000000000, R14=0x000000000000001b, R15=0x000000000040e800
RIP=0xffffffffa3775120, EFLAGS=0x0000000000010246

Top of Stack: (sp=0x000000000249de48)
0x000000000249de48:   000000000342c844 00000000ff1889c0
0x000000000249de58:   000000000371cb04 00000000ff188a30
0x000000000249de68:   00000000ff18bed8 00000000f99eb008
0x000000000249de78:   0000000002efa874 00000000ff159348
0x000000000249de88:   00000000034e891c 00000000ff188a00
0x000000000249de98:   0000000200000001 00000000ff1889c0
0x000000000249dea8:   00000000f99a7510 00000002f99a7510
0x000000000249deb8:   0000000000000000 00000000f99a7510
0x000000000249dec8:   00000000f99edd30 00000042ffffffb1
0x000000000249ded8:   00000000ff10bd10 00000000ff1886f0
0x000000000249dee8:   00000000ff10bd10 00000000f99a8118
0x000000000249def8:   00000000f99a7510 00000000ff10bd10
0x000000000249df08:   00000000ff1892e8 00000000ff159308
0x000000000249df18:   00000000037415ac 00000000f99a8478
0x000000000249df28:   00000000f99ee608 0000001b00000000
0x000000000249df38:   00000000ff1595f0 00000000f99a8118 

Instructions: (pc=0xffffffffa3775120)
0xffffffffa3775100:   
[error occurred during error reporting (printing registers, top of stack, instructions near pc), id 0xc0000005]

Register to memory mapping:

RAX=0x0000000012f66c70 is pointing into metadata
RBX={method} {0x000000005312bfc8} 'encode' '([CII[B)I' in 'sun/nio/cs/UTF_8$Encoder'
RCX=0x0000000012f66c70 is pointing into metadata
RDX=0x00000000f99a8498 is an oop
sun.nio.cs.UTF_8$Encoder 
 - klass: 'sun/nio/cs/UTF_8$Encoder'
RSP=0x000000000249de48 is pointing into the stack for thread: 0x000000000040e800
RBP=0x000000000249ea88 is pointing into the stack for thread: 0x000000000040e800
RSI=0x00000000f99ee608 is an oop
[B 
 - klass: {type array byte}
 - length: 81
RDI=0x000000000000001b is an unknown value
R8 =0x00000000ff1595f0 is an oop
[C 
 - klass: {type array char}
 - length: 27
R9 =0x0000000000000000 is an unknown value
R10=0x0000000012f7ebe8 is pointing into metadata
R11=0x0000000000000268 is an unknown value
R12=0x0000000000000000 is an unknown value
R13=0x0000000000000000 is an unknown value
R14=0x000000000000001b is an unknown value
R15=0x000000000040e800 is a thread


Stack: [0x00000000023a0000,0x00000000024a0000],  sp=0x000000000249de48,  free space=1015k
Native frames: (J=compiled Java code, j=interpreted, Vv=VM code, C=native code)
C  0xffffffffa3775120


---------------  P R O C E S S  ---------------

Java Threads: ( => current thread )
  0x00000000570d3800 JavaThread "Image Fetcher 0" daemon [_thread_blocked, id=5256, stack(0x000000005ab80000,0x000000005ac80000)]
  0x00000000570d3000 JavaThread "AWT-Windows" daemon [_thread_in_native, id=4656, stack(0x000000005a720000,0x000000005a820000)]
  0x00000000570d1800 JavaThread "Java2D Disposer" daemon [_thread_blocked, id=2496, stack(0x000000005a340000,0x000000005a440000)]
  0x000000005539d000 JavaThread "Service Thread" daemon [_thread_blocked, id=5696, stack(0x0000000055030000,0x0000000055130000)]
  0x0000000055321800 JavaThread "C1 CompilerThread2" daemon [_thread_blocked, id=4520, stack(0x0000000055950000,0x0000000055a50000)]
  0x0000000055320800 JavaThread "C2 CompilerThread1" daemon [_thread_in_native, id=2484, stack(0x0000000055810000,0x0000000055910000)]
  0x0000000053936800 JavaThread "C2 CompilerThread0" daemon [_thread_in_native, id=5432, stack(0x0000000055220000,0x0000000055320000)]
  0x0000000053935800 JavaThread "Attach Listener" daemon [_thread_blocked, id=660, stack(0x0000000054f30000,0x0000000055030000)]
  0x0000000053932800 JavaThread "Signal Dispatcher" daemon [_thread_blocked, id=5244, stack(0x0000000054e20000,0x0000000054f20000)]
  0x00000000538db000 JavaThread "Finalizer" daemon [_thread_blocked, id=568, stack(0x0000000054ab0000,0x0000000054bb0000)]
  0x00000000538d4800 JavaThread "Reference Handler" daemon [_thread_blocked, id=2316, stack(0x0000000054c30000,0x0000000054d30000)]
=>0x000000000040e800 JavaThread "main" [_thread_in_Java, id=2268, stack(0x00000000023a0000,0x00000000024a0000)]

Other Threads:
  0x00000000538cf000 VMThread [stack: 0x0000000054970000,0x0000000054a70000] [id=5368]
  0x00000000553a5000 WatcherThread [stack: 0x0000000055a50000,0x0000000055b50000] [id=1608]

VM state:not at safepoint (normal execution)

VM Mutex/Monitor currently owned by a thread: None

Heap:
 PSYoungGen      total 104960K, used 44878K [0x00000000f8000000, 0x0000000100000000, 0x0000000100000000)
  eden space 81408K, 34% used [0x00000000f8000000,0x00000000f9b24210,0x00000000fcf80000)
  from space 23552K, 72% used [0x00000000fe700000,0x00000000ff7af9d8,0x00000000ffe00000)
  to   space 24064K, 0% used [0x00000000fcf80000,0x00000000fcf80000,0x00000000fe700000)
 ParOldGen       total 87552K, used 68571K [0x00000000e8000000, 0x00000000ed580000, 0x00000000f8000000)
  object space 87552K, 78% used [0x00000000e8000000,0x00000000ec2f6fe8,0x00000000ed580000)
 Metaspace       used 19148K, capacity 19787K, committed 20096K, reserved 1067008K
  class space    used 1984K, capacity 2109K, committed 2176K, reserved 1048576K

Card table byte_map: [0x0000000011b30000,0x0000000011c00000] byte_map_base: 0x00000000113f0000

Marking Bits: (ParMarkBitMap*) 0x000000005da5a5b0
 Begin Bits: [0x0000000012340000, 0x0000000012940000)
 End Bits:   [0x0000000012940000, 0x0000000012f40000)

Polling page: 0x0000000000330000

CodeCache: size=245760Kb used=16292Kb max_used=16292Kb free=229467Kb
 bounds [0x0000000002770000, 0x0000000003770000, 0x0000000011770000]
 total_blobs=4451 nmethods=4007 adapters=356
 compilation: enabled

Compilation events (10 events):
Event: 11.408 Thread 0x0000000055321800 4712       2       org.apache.velocity.runtime.parser.node.ASTAndNode::evaluate (127 bytes)
Event: 11.409 Thread 0x0000000055321800 nmethod 4712 0x00000000035ca110 code [0x00000000035ca380, 0x00000000035cb7b8]
Event: 11.409 Thread 0x0000000055321800 4715   !   2       sun.reflect.GeneratedMethodAccessor24::invoke (68 bytes)
Event: 11.410 Thread 0x0000000055321800 nmethod 4715 0x00000000030e0190 code [0x00000000030e0340, 0x00000000030e0828]
Event: 11.410 Thread 0x0000000055321800 4714       1       flex2.compiler.mxml.rep.EventHandler::getEventHandlerText (5 bytes)
Event: 11.410 Thread 0x0000000055321800 nmethod 4714 0x00000000030dfed0 code [0x00000000030e0020, 0x00000000030e0130]
Event: 11.414 Thread 0x0000000055321800 4716       2       flash.swf.tools.as3.EvaluatorAdapter::evaluate (25 bytes)
Event: 11.415 Thread 0x0000000055321800 nmethod 4716 0x00000000035c9c10 code [0x00000000035c9d80, 0x00000000035c9f98]
Event: 11.423 Thread 0x0000000055321800 4717       3       sun.nio.cs.UTF_8$Encoder::encode (359 bytes)
Event: 11.425 Thread 0x0000000055321800 nmethod 4717 0x00000000035c88d0 code [0x00000000035c8ac0, 0x00000000035c95b8]

GC Heap History (10 events):
Event: 6.614 GC heap before
{Heap before GC invocations=6 (full 0):
 PSYoungGen      total 125952K, used 125946K [0x00000000f8000000, 0x0000000100000000, 0x0000000100000000)
  eden space 120832K, 100% used [0x00000000f8000000,0x00000000ff600000,0x00000000ff600000)
  from space 5120K, 99% used [0x00000000ff600000,0x00000000ffafe850,0x00000000ffb00000)
  to   space 5120K, 0% used [0x00000000ffb00000,0x00000000ffb00000,0x0000000100000000)
 ParOldGen       total 87552K, used 42906K [0x00000000e8000000, 0x00000000ed580000, 0x00000000f8000000)
  object space 87552K, 49% used [0x00000000e8000000,0x00000000ea9e6898,0x00000000ed580000)
 Metaspace       used 16897K, capacity 17215K, committed 17536K, reserved 1064960K
  class space    used 1765K, capacity 1835K, committed 1920K, reserved 1048576K
Event: 6.769 GC heap after
Heap after GC invocations=6 (full 0):
 PSYoungGen      total 87040K, used 5102K [0x00000000f8000000, 0x0000000100000000, 0x0000000100000000)
  eden space 81920K, 0% used [0x00000000f8000000,0x00000000f8000000,0x00000000fd000000)
  from space 5120K, 99% used [0x00000000ffb00000,0x00000000ffffbb70,0x0000000100000000)
  to   space 24576K, 0% used [0x00000000fd000000,0x00000000fd000000,0x00000000fe800000)
 ParOldGen       total 87552K, used 58128K [0x00000000e8000000, 0x00000000ed580000, 0x00000000f8000000)
  object space 87552K, 66% used [0x00000000e8000000,0x00000000eb8c4140,0x00000000ed580000)
 Metaspace       used 16897K, capacity 17215K, committed 17536K, reserved 1064960K
  class space    used 1765K, capacity 1835K, committed 1920K, reserved 1048576K
}
Event: 7.107 GC heap before
{Heap before GC invocations=7 (full 0):
 PSYoungGen      total 87040K, used 87018K [0x00000000f8000000, 0x0000000100000000, 0x0000000100000000)
  eden space 81920K, 99% used [0x00000000f8000000,0x00000000fcffecb8,0x00000000fd000000)
  from space 5120K, 99% used [0x00000000ffb00000,0x00000000ffffbb70,0x0000000100000000)
  to   space 24576K, 0% used [0x00000000fd000000,0x00000000fd000000,0x00000000fe800000)
 ParOldGen       total 87552K, used 58128K [0x00000000e8000000, 0x00000000ed580000, 0x00000000f8000000)
  object space 87552K, 66% used [0x00000000e8000000,0x00000000eb8c4140,0x00000000ed580000)
 Metaspace       used 16935K, capacity 17247K, committed 17536K, reserved 1064960K
  class space    used 1768K, capacity 1867K, committed 1920K, reserved 1048576K
Event: 7.175 GC heap after
Heap after GC invocations=7 (full 0):
 PSYoungGen      total 87040K, used 4950K [0x00000000f8000000, 0x0000000100000000, 0x0000000100000000)
  eden space 81920K, 0% used [0x00000000f8000000,0x00000000f8000000,0x00000000fd000000)
  from space 5120K, 96% used [0x00000000fd000000,0x00000000fd4d5bc0,0x00000000fd500000)
  to   space 25088K, 0% used [0x00000000fe780000,0x00000000fe780000,0x0000000100000000)
 ParOldGen       total 87552K, used 60916K [0x00000000e8000000, 0x00000000ed580000, 0x00000000f8000000)
  object space 87552K, 69% used [0x00000000e8000000,0x00000000ebb7d078,0x00000000ed580000)
 Metaspace       used 16935K, capacity 17247K, committed 17536K, reserved 1064960K
  class space    used 1768K, capacity 1867K, committed 1920K, reserved 1048576K
}
Event: 7.973 GC heap before
{Heap before GC invocations=8 (full 0):
 PSYoungGen      total 87040K, used 86870K [0x00000000f8000000, 0x0000000100000000, 0x0000000100000000)
  eden space 81920K, 100% used [0x00000000f8000000,0x00000000fd000000,0x00000000fd000000)
  from space 5120K, 96% used [0x00000000fd000000,0x00000000fd4d5bc0,0x00000000fd500000)
  to   space 25088K, 0% used [0x00000000fe780000,0x00000000fe780000,0x0000000100000000)
 ParOldGen       total 87552K, used 60916K [0x00000000e8000000, 0x00000000ed580000, 0x00000000f8000000)
  object space 87552K, 69% used [0x00000000e8000000,0x00000000ebb7d078,0x00000000ed580000)
 Metaspace       used 17149K, capacity 17527K, committed 17792K, reserved 1064960K
  class space    used 1770K, capacity 1871K, committed 1920K, reserved 1048576K
Event: 8.023 GC heap after
Heap after GC invocations=8 (full 0):
 PSYoungGen      total 107008K, used 11081K [0x00000000f8000000, 0x0000000100000000, 0x0000000100000000)
  eden space 81920K, 0% used [0x00000000f8000000,0x00000000f8000000,0x00000000fd000000)
  from space 25088K, 44% used [0x00000000fe780000,0x00000000ff252548,0x0000000100000000)
  to   space 24064K, 0% used [0x00000000fd000000,0x00000000fd000000,0x00000000fe780000)
 ParOldGen       total 87552K, used 62156K [0x00000000e8000000, 0x00000000ed580000, 0x00000000f8000000)
  object space 87552K, 70% used [0x00000000e8000000,0x00000000ebcb3078,0x00000000ed580000)
 Metaspace       used 17149K, capacity 17527K, committed 17792K, reserved 1064960K
  class space    used 1770K, capacity 1871K, committed 1920K, reserved 1048576K
}
Event: 9.494 GC heap before
{Heap before GC invocations=9 (full 0):
 PSYoungGen      total 107008K, used 93001K [0x00000000f8000000, 0x0000000100000000, 0x0000000100000000)
  eden space 81920K, 100% used [0x00000000f8000000,0x00000000fd000000,0x00000000fd000000)
  from space 25088K, 44% used [0x00000000fe780000,0x00000000ff252548,0x0000000100000000)
  to   space 24064K, 0% used [0x00000000fd000000,0x00000000fd000000,0x00000000fe780000)
 ParOldGen       total 87552K, used 62156K [0x00000000e8000000, 0x00000000ed580000, 0x00000000f8000000)
  object space 87552K, 70% used [0x00000000e8000000,0x00000000ebcb3078,0x00000000ed580000)
 Metaspace       used 17539K, capacity 17911K, committed 18048K, reserved 1064960K
  class space    used 1771K, capacity 1871K, committed 1920K, reserved 1048576K
Event: 9.551 GC heap after
Heap after GC invocations=9 (full 0):
 PSYoungGen      total 96768K, used 14363K [0x00000000f8000000, 0x00000000ffe00000, 0x0000000100000000)
  eden space 81920K, 0% used [0x00000000f8000000,0x00000000f8000000,0x00000000fd000000)
  from space 14848K, 96% used [0x00000000fd000000,0x00000000fde06c58,0x00000000fde80000)
  to   space 23552K, 0% used [0x00000000fe700000,0x00000000fe700000,0x00000000ffe00000)
 ParOldGen       total 87552K, used 63308K [0x00000000e8000000, 0x00000000ed580000, 0x00000000f8000000)
  object space 87552K, 72% used [0x00000000e8000000,0x00000000ebdd3078,0x00000000ed580000)
 Metaspace       used 17539K, capacity 17911K, committed 18048K, reserved 1064960K
  class space    used 1771K, capacity 1871K, committed 1920K, reserved 1048576K
}
Event: 10.978 GC heap before
{Heap before GC invocations=10 (full 0):
 PSYoungGen      total 96768K, used 96283K [0x00000000f8000000, 0x00000000ffe00000, 0x0000000100000000)
  eden space 81920K, 100% used [0x00000000f8000000,0x00000000fd000000,0x00000000fd000000)
  from space 14848K, 96% used [0x00000000fd000000,0x00000000fde06c58,0x00000000fde80000)
  to   space 23552K, 0% used [0x00000000fe700000,0x00000000fe700000,0x00000000ffe00000)
 ParOldGen       total 87552K, used 63308K [0x00000000e8000000, 0x00000000ed580000, 0x00000000f8000000)
  object space 87552K, 72% used [0x00000000e8000000,0x00000000ebdd3078,0x00000000ed580000)
 Metaspace       used 18995K, capacity 19579K, committed 19840K, reserved 1067008K
  class space    used 1962K, capacity 2085K, committed 2176K, reserved 1048576K
Event: 11.028 GC heap after
Heap after GC invocations=10 (full 0):
 PSYoungGen      total 104960K, used 17086K [0x00000000f8000000, 0x0000000100000000, 0x0000000100000000)
  eden space 81408K, 0% used [0x00000000f8000000,0x00000000f8000000,0x00000000fcf80000)
  from space 23552K, 72% used [0x00000000fe700000,0x00000000ff7af9d8,0x00000000ffe00000)
  to   space 24064K, 0% used [0x00000000fcf80000,0x00000000fcf80000,0x00000000fe700000)
 ParOldGen       total 87552K, used 68571K [0x00000000e8000000, 0x00000000ed580000, 0x00000000f8000000)
  object space 87552K, 78% used [0x00000000e8000000,0x00000000ec2f6fe8,0x00000000ed580000)
 Metaspace       used 18995K, capacity 19579K, committed 19840K, reserved 1067008K
  class space    used 1962K, capacity 2085K, committed 2176K, reserved 1048576K
}

Deoptimization events (10 events):
Event: 10.268 Thread 0x00000000570d3800 Uncommon trap: reason=unstable_if action=reinterpret pc=0x00000000030729ac method=java.lang.ThreadLocal.get()Ljava/lang/Object; @ 11
Event: 10.268 Thread 0x00000000570d3800 Uncommon trap: reason=bimorphic action=maybe_recompile pc=0x0000000002bc1d4c method=java.util.zip.InflaterInputStream.fill()V @ 19
Event: 10.269 Thread 0x00000000570d3800 Uncommon trap: reason=bimorphic action=maybe_recompile pc=0x0000000002bc1d4c method=java.util.zip.InflaterInputStream.fill()V @ 19
Event: 10.415 Thread 0x000000000040e800 Uncommon trap: reason=unstable_if action=reinterpret pc=0x0000000003443108 method=macromedia.asc.semantics.ObjectValue.clearInstance(Lmacromedia/asc/util/Context;Lmacromedia/asc/semantics/Builder;Lmacromedia/asc/semantics/TypeValue;Ljava/lang/String;Z)V @ Jƒ6Y×$@
Event: 10.421 Thread 0x000000000040e800 Uncommon trap: reason=null_assert action=make_not_entrant pc=0x0000000002a67d44 method=macromedia.asc.semantics.ObjectValue.nextSlotID(Lmacromedia/asc/util/Context;)I @ 4
Event: 10.475 Thread 0x00000000570d3800 Uncommon trap: reason=bimorphic action=maybe_recompile pc=0x0000000002bc1d4c method=java.util.zip.InflaterInputStream.fill()V @ 19
Event: 10.478 Thread 0x00000000570d3800 Uncommon trap: reason=bimorphic action=maybe_recompile pc=0x0000000002bc1d4c method=java.util.zip.InflaterInputStream.fill()V @ 19
Event: 10.508 Thread 0x000000000040e800 Uncommon trap: reason=unstable_if action=reinterpret pc=0x00000000031739bc method=macromedia.asc.semantics.ConstantEvaluator.PreprocessDefinitionTypeInfo(Lmacromedia/asc/util/Context;Lmacromedia/asc/util/ObjectList;Z)V @ 280
Event: 10.697 Thread 0x000000000040e800 Uncommon trap: reason=unstable_if action=reinterpret pc=0x00000000028cd6c0 method=sun.nio.cs.UTF_8$Encoder.encode([CII[B)I @ 33
Event: 11.178 Thread 0x000000000040e800 Uncommon trap: reason=unstable_if action=reinterpret pc=0x00000000036c9cd8 method=macromedia.asc.util.BitSet.xor(Lmacromedia/asc/util/BitSet;Lmacromedia/asc/util/BitSet;)Lmacromedia/asc/util/BitSet; @ 26

Internal exceptions (10 events):
Event: 9.906 Thread 0x000000000040e800 Exception <a 'java/io/IOException'> (0x00000000f99f50a8) thrown at [C:\workspace\8-2-build-windows-amd64-cygwin\jdk8u65\4987\hotspot\src\share\vm\prims\jni.cpp, line 709]
Event: 9.907 Thread 0x000000000040e800 Exception <a 'java/lang/ClassNotFoundException': sun/net/www/protocol/c/Handler> (0x00000000f99f6cd0) thrown at [C:\workspace\8-2-build-windows-amd64-cygwin\jdk8u65\4987\hotspot\src\share\vm\classfile\systemDictionary.cpp, line 210]
Event: 9.908 Thread 0x000000000040e800 Exception <a 'java/lang/ClassNotFoundException': sun/net/www/protocol/c/Handler> (0x00000000f99f9d58) thrown at [C:\workspace\8-2-build-windows-amd64-cygwin\jdk8u65\4987\hotspot\src\share\vm\classfile\systemDictionary.cpp, line 210]
Event: 10.041 Thread 0x000000000040e800 Exception <a 'java/lang/NoSuchMethodError': <clinit>> (0x00000000f9e9e508) thrown at [C:\workspace\8-2-build-windows-amd64-cygwin\jdk8u65\4987\hotspot\src\share\vm\prims\jni.cpp, line 1591]
Event: 10.045 Thread 0x000000000040e800 Exception <a 'java/lang/NoSuchMethodError': <clinit>> (0x00000000f9ec6e40) thrown at [C:\workspace\8-2-build-windows-amd64-cygwin\jdk8u65\4987\hotspot\src\share\vm\prims\jni.cpp, line 1591]
Event: 10.049 Thread 0x000000000040e800 Exception <a 'java/lang/NoSuchMethodError': <clinit>> (0x00000000f9f13538) thrown at [C:\workspace\8-2-build-windows-amd64-cygwin\jdk8u65\4987\hotspot\src\share\vm\prims\jni.cpp, line 1591]
Event: 10.052 Thread 0x000000000040e800 Exception <a 'java/lang/NoSuchMethodError': <clinit>> (0x00000000f9f24f38) thrown at [C:\workspace\8-2-build-windows-amd64-cygwin\jdk8u65\4987\hotspot\src\share\vm\prims\jni.cpp, line 1591]
Event: 10.054 Thread 0x000000000040e800 Exception <a 'java/lang/NoSuchMethodError': <clinit>> (0x00000000f9f3a4a0) thrown at [C:\workspace\8-2-build-windows-amd64-cygwin\jdk8u65\4987\hotspot\src\share\vm\prims\jni.cpp, line 1591]
Event: 10.065 Thread 0x000000000040e800 Exception <a 'java/lang/NoSuchMethodError': <clinit>> (0x00000000f9fb6f38) thrown at [C:\workspace\8-2-build-windows-amd64-cygwin\jdk8u65\4987\hotspot\src\share\vm\prims\jni.cpp, line 1591]
Event: 10.268 Thread 0x00000000570d3800 Implicit null exception at 0x00000000030720ea to 0x000000000307298d

Events (10 events):
Event: 11.324 Thread 0x0000000055321800 flushing nmethod 0x00000000034f20d0
Event: 11.324 Thread 0x0000000055321800 flushing nmethod 0x0000000003531b50
Event: 11.324 Thread 0x0000000055321800 flushing nmethod 0x0000000003532550
Event: 11.324 Thread 0x0000000055321800 flushing nmethod 0x0000000003536150
Event: 11.324 Thread 0x0000000055321800 flushing nmethod 0x000000000353f010
Event: 11.325 Thread 0x0000000055321800 flushing nmethod 0x00000000035c16d0
Event: 11.418 Executing VM operation: ForceSafepoint
Event: 11.418 Executing VM operation: ForceSafepoint done
Event: 11.423 Thread 0x000000000040e800 DEOPT PACKING pc=0x00000000031ddea3 sp=0x000000000249ddc0
Event: 11.424 Thread 0x000000000040e800 DEOPT UNPACKING pc=0x00000000027b71bf sp=0x000000000249daf0 mode 0


Dynamic libraries:
0x000000013fe00000 - 0x000000013fe37000 	C:\ProgramData\Oracle\Java\javapath\java.exe
0x0000000077010000 - 0x00000000771b9000 	C:\Windows\SYSTEM32\ntdll.dll
0x0000000076ef0000 - 0x0000000077010000 	C:\Windows\system32\kernel32.dll
0x000007fefd030000 - 0x000007fefd09c000 	C:\Windows\system32\KERNELBASE.dll
0x000007fefda50000 - 0x000007fefdb2b000 	C:\Windows\system32\ADVAPI32.dll
0x000007fefedf0000 - 0x000007fefee8f000 	C:\Windows\system32\msvcrt.dll
0x000007fefd5a0000 - 0x000007fefd5bf000 	C:\Windows\SYSTEM32\sechost.dll
0x000007fefebf0000 - 0x000007fefed1d000 	C:\Windows\system32\RPCRT4.dll
0x0000000076df0000 - 0x0000000076eea000 	C:\Windows\system32\USER32.dll
0x000007fefed20000 - 0x000007fefed87000 	C:\Windows\system32\GDI32.dll
0x000007fefd170000 - 0x000007fefd17e000 	C:\Windows\system32\LPK.dll
0x000007fefd830000 - 0x000007fefd8fa000 	C:\Windows\system32\USP10.dll
0x000007fefb190000 - 0x000007fefb384000 	C:\Windows\WinSxS\amd64_microsoft.windows.common-controls_6595b64144ccf1df_6.0.7601.18837_none_fa3b1e3d17594757\COMCTL32.dll
0x000007fefd900000 - 0x000007fefd971000 	C:\Windows\system32\SHLWAPI.dll
0x000007fefd980000 - 0x000007fefd9ae000 	C:\Windows\system32\IMM32.DLL
0x000007fefead0000 - 0x000007fefebd9000 	C:\Windows\system32\MSCTF.dll
0x0000000067a50000 - 0x0000000067b22000 	C:\Program Files\Java\jre1.8.0_65\bin\msvcr100.dll
0x000000005d250000 - 0x000000005dad9000 	C:\Program Files\Java\jre1.8.0_65\bin\server\jvm.dll
0x000007fef9c90000 - 0x000007fef9c99000 	C:\Windows\system32\WSOCK32.dll
0x000007fefd550000 - 0x000007fefd59d000 	C:\Windows\system32\WS2_32.dll
0x000007fefebe0000 - 0x000007fefebe8000 	C:\Windows\system32\NSI.dll
0x000007fefa2b0000 - 0x000007fefa2eb000 	C:\Windows\system32\WINMM.dll
0x000007fefbf10000 - 0x000007fefbf1c000 	C:\Windows\system32\VERSION.dll
0x00000000771d0000 - 0x00000000771d7000 	C:\Windows\system32\PSAPI.DLL
0x00000000714a0000 - 0x00000000714af000 	C:\Program Files\Java\jre1.8.0_65\bin\verify.dll
0x000000006b510000 - 0x000000006b539000 	C:\Program Files\Java\jre1.8.0_65\bin\java.dll
0x000000006c200000 - 0x000000006c216000 	C:\Program Files\Java\jre1.8.0_65\bin\zip.dll
0x000007fefdd40000 - 0x000007fefeac9000 	C:\Windows\system32\SHELL32.dll
0x000007fefee90000 - 0x000007feff093000 	C:\Windows\system32\ole32.dll
0x000007fefcdb0000 - 0x000007fefcdbf000 	C:\Windows\system32\profapi.dll
0x0000000065100000 - 0x0000000065298000 	C:\Program Files\Java\jre1.8.0_65\bin\awt.dll
0x000007fefd470000 - 0x000007fefd547000 	C:\Windows\system32\OLEAUT32.dll
0x000007fefafb0000 - 0x000007fefb006000 	C:\Windows\system32\uxtheme.dll
0x000007fefaa50000 - 0x000007fefaa68000 	C:\Windows\system32\dwmapi.dll
0x000007fefcc50000 - 0x000007fefcc5f000 	C:\Windows\system32\CRYPTBASE.dll
0x000007fefaac0000 - 0x000007fefabe5000 	C:\Windows\system32\dbghelp.dll

VM Arguments:
jvm_args: -Xmx384m -Dsun.io.useCanonCaches=false -Duser.language=en -Duser.region=US -Djava.util.Arrays.useLegacyMergeSort=true -Dapplication.home=C:\Users\Georg\Downloads\flex_sdk_3.5 
java_command: C:\Users\Georg\Downloads\flex_sdk_3.5\lib\fcsh.jar
java_class_path (initial): C:\Users\Georg\Downloads\flex_sdk_3.5\lib\fcsh.jar
Launcher Type: SUN_STANDARD

Environment Variables:
PATH=C:\ProgramData\Oracle\Java\javapath;C:\Windows\system32;C:\Windows;C:\Windows\System32\Wbem;C:\Windows\System32\WindowsPowerShell\v1.0\;C:\Program Files (x86)\NVIDIA Corporation\PhysX\Common;C:\Windows\system32\config\systemprofile\.dnx\bin;C:\Program Files\Microsoft DNX\Dnvm\;C:\Program Files (x86)\FlashDevelop\Tools\AppMan;C:\Program Files (x86)\FlashDevelop
USERNAME=Georg
OS=Windows_NT
PROCESSOR_IDENTIFIER=Intel64 Family 6 Model 23 Stepping 10, GenuineIntel



---------------  S Y S T E M  ---------------

OS: Windows 7 , 64 bit Build 7601 (6.1.7601.19045)

CPU:total 4 (4 cores per cpu, 1 threads per core) family 6 model 23 stepping 10, cmov, cx8, fxsr, mmx, sse, sse2, sse3, ssse3, sse4.1, tsc

Memory: 4k page, physical 8387128k(5944680k free), swap 16772420k(14024304k free)

vm_info: Java HotSpot(TM) 64-Bit Server VM (25.65-b01) for windows-amd64 JRE (1.8.0_65-b17), built on Oct  6 2015 16:39:20 by "java_re" with MS VC++ 10.0 (VS2010)

time: Wed Jan 06 18:29:31 2016
elapsed time: 11 seconds (0d 0h 0m 11s)

