#
# A fatal error has been detected by the Java Runtime Environment:
#
#  EXCEPTION_ACCESS_VIOLATION (0xc0000005) at pc=0x000000006316041d, pid=5112, tid=4312
#
# JRE version: Java(TM) SE Runtime Environment (8.0_65-b17) (build 1.8.0_65-b17)
# Java VM: Java HotSpot(TM) 64-Bit Server VM (25.65-b01 mixed mode windows-amd64 compressed oops)
# Problematic frame:
# V  [jvm.dll+0xc041d]
#
# Failed to write core dump. Minidumps are not enabled by default on client versions of Windows
#
# If you would like to submit a bug report, please visit:
#   http://bugreport.java.com/bugreport/crash.jsp
#

---------------  T H R E A D  ---------------

Current thread (0x00000000021fe800):  JavaThread "main" [_thread_in_vm, id=4312, stack(0x0000000002440000,0x0000000002540000)]

siginfo: ExceptionCode=0xc0000005, reading address 0x0000000000000201

Registers:
RAX=0x0000000000000009, RBX=0x00000000533f3c60, RCX=0x0000000000001000, RDX=0x00000000533f3c60
RSP=0x000000000253ca40, RBP=0x00000000021fe800, RSI=0x00000000021fe800, RDI=0x00000000021fd920
R8 =0x0000000012f0fef0, R9 =0x00000000021ff120, R10=0x00000000533f3c60, R11=0x000000000000003a
R12=0x0000000000000008, R13=0x000000000253cb20, R14=0x0000000000000001, R15=0x000000000253cd20
RIP=0x000000006316041d, EFLAGS=0x0000000000010217

Top of Stack: (sp=0x000000000253ca40)
0x000000000253ca40:   0000000000000000 0000000000004000
0x000000000253ca50:   f000000000000000 0000000000004002
0x000000000253ca60:   8000000000000000 0000000000004000
0x000000000253ca70:   00005133ded41444 0000000000004002
0x000000000253ca80:   8000000000000000 000000000216f510
0x000000000253ca90:   0000000000000000 0000000000000000
0x000000000253caa0:   000000000253cd20 00000000021fd920
0x000000000253cab0:   000000000216f510 0000000002190eb0
0x000000000253cac0:   000000000253cbc0 0000000063161b67
0x000000000253cad0:   00000000533f3c60 00000000021fe800
0x000000000253cae0:   0000000012f0fef0 00000000021fe800
0x000000000253caf0:   0000000000000009 0000000000000101
0x000000000253cb00:   00000000021fe800 00000000021fe800
0x000000000253cb10:   00000000533f3c60 00000000021fe800
0x000000000253cb20:   00000000533f3c60 00000000021fe800
0x000000000253cb30:   0000000000000009 0000000012f0fef0 

Instructions: (pc=0x000000006316041d)
0x00000000631603fd:   50 49 8b d5 e8 ca 49 f7 ff 48 8b 74 24 58 48 8b
0x000000006316040d:   7c 24 50 e9 e8 00 00 00 48 8b 84 24 b0 00 00 00
0x000000006316041d:   4a 8b bc e0 b8 01 00 00 48 85 ff 0f 84 54 03 00
0x000000006316042d:   00 48 8b 9d 40 01 00 00 8b 13 3b 53 04 75 08 48 


Register to memory mapping:

RAX=0x0000000000000009 is an unknown value
RBX={method} {0x00000000533f3c68} 'pos' '()I' in 'macromedia/asc/parser/Node'
RCX=0x0000000000001000 is an unknown value
RDX={method} {0x00000000533f3c68} 'pos' '()I' in 'macromedia/asc/parser/Node'
RSP=0x000000000253ca40 is pointing into the stack for thread: 0x00000000021fe800
RBP=0x00000000021fe800 is a thread
RSI=0x00000000021fe800 is a thread
RDI=0x00000000021fd920 is an unknown value
R8 =0x0000000012f0fef0 is pointing into metadata
R9 =0x00000000021ff120 is an unknown value
R10={method} {0x00000000533f3c68} 'pos' '()I' in 'macromedia/asc/parser/Node'
R11=0x000000000000003a is an unknown value
R12=0x0000000000000008 is an unknown value
R13=0x000000000253cb20 is pointing into the stack for thread: 0x00000000021fe800
R14=0x0000000000000001 is an unknown value
R15=0x000000000253cd20 is pointing into the stack for thread: 0x00000000021fe800


Stack: [0x0000000002440000,0x0000000002540000],  sp=0x000000000253ca40,  free space=1010k
Native frames: (J=compiled Java code, j=interpreted, Vv=VM code, C=native code)
V  [jvm.dll+0xc041d]
V  [jvm.dll+0xc1b67]
V  [jvm.dll+0xc24da]
V  [jvm.dll+0xc2b2d]
V  [jvm.dll+0xbaff6]
C  0x000000000282f3ac

Java frames: (J=compiled Java code, j=interpreted, Vv=VM code)
j  macromedia.asc.semantics.FlowAnalyzer.evaluate(Lmacromedia/asc/util/Context;Lmacromedia/asc/parser/QualifiedIdentifierNode;)Lmacromedia/asc/semantics/Value;+563
J 1965 C2 macromedia.asc.parser.QualifiedIdentifierNode.evaluate(Lmacromedia/asc/util/Context;Lmacromedia/asc/parser/Evaluator;)Lmacromedia/asc/semantics/Value; (22 bytes) @ 0x0000000002f2e180 [0x0000000002f2e120+0x60]
J 2727 C1 macromedia.asc.semantics.FlowAnalyzer.evaluate(Lmacromedia/asc/util/Context;Lmacromedia/asc/parser/FunctionDefinitionNode;)Lmacromedia/asc/semantics/Value; (2998 bytes) @ 0x0000000003309edc [0x0000000003309060+0xe7c]
J 2288 C1 macromedia.asc.parser.FunctionDefinitionNode.evaluate(Lmacromedia/asc/util/Context;Lmacromedia/asc/parser/Evaluator;)Lmacromedia/asc/semantics/Value; (22 bytes) @ 0x00000000030dbac4 [0x00000000030db8c0+0x204]
J 3103 C1 macromedia.asc.semantics.FlowAnalyzer.evaluate(Lmacromedia/asc/util/Context;Lmacromedia/asc/parser/ClassDefinitionNode;)Lmacromedia/asc/semantics/Value; (3950 bytes) @ 0x000000000358cc1c [0x00000000035660c0+0x26b5c]
J 2690 C1 macromedia.asc.parser.ClassDefinitionNode.evaluate(Lmacromedia/asc/util/Context;Lmacromedia/asc/parser/Evaluator;)Lmacromedia/asc/semantics/Value; (22 bytes) @ 0x00000000032f3944 [0x00000000032f3740+0x204]
J 2108 C1 macromedia.asc.semantics.FlowAnalyzer.evaluate(Lmacromedia/asc/util/Context;Lmacromedia/asc/parser/ArgumentListNode;)Lmacromedia/asc/semantics/Value; (81 bytes) @ 0x0000000002fc329c [0x0000000002fc2c60+0x63c]
J 2708 C1 macromedia.asc.semantics.FlowAnalyzer.evaluate(Lmacromedia/asc/util/Context;Lmacromedia/asc/parser/SetExpressionNode;)Lmacromedia/asc/semantics/Value; (187 bytes) @ 0x00000000032fd7cc [0x00000000032fd320+0x4ac]
J 3425 C2 macromedia.asc.parser.SetExpressionNode.evaluate(Lmacromedia/asc/util/Context;Lmacromedia/asc/parser/Evaluator;)Lmacromedia/asc/semantics/Value; (22 bytes) @ 0x000000000298f340 [0x000000000298f2e0+0x60]
J 3655 C1 macromedia.asc.semantics.FlowAnalyzer.evaluate(Lmacromedia/asc/util/Context;Lmacromedia/asc/parser/MemberExpressionNode;)Lmacromedia/asc/semantics/Value; (324 bytes) @ 0x0000000002c1c4e4 [0x0000000002c1c280+0x264]
J 1950 C2 macromedia.asc.parser.MemberExpressionNode.evaluate(Lmacromedia/asc/util/Context;Lmacromedia/asc/parser/Evaluator;)Lmacromedia/asc/semantics/Value; (22 bytes) @ 0x0000000002f310c0 [0x0000000002f31060+0x60]
J 2599 C1 macromedia.asc.semantics.FlowAnalyzer.evaluate(Lmacromedia/asc/util/Context;Lmacromedia/asc/parser/ExpressionStatementNode;)Lmacromedia/asc/semantics/Value; (114 bytes) @ 0x0000000003217054 [0x0000000003216de0+0x274]
J 3103 C1 macromedia.asc.semantics.FlowAnalyzer.evaluate(Lmacromedia/asc/util/Context;Lmacromedia/asc/parser/ClassDefinitionNode;)Lmacromedia/asc/semantics/Value; (3950 bytes) @ 0x000000000357c6d4 [0x00000000035660c0+0x16614]
J 2690 C1 macromedia.asc.parser.ClassDefinitionNode.evaluate(Lmacromedia/asc/util/Context;Lmacromedia/asc/parser/Evaluator;)Lmacromedia/asc/semantics/Value; (22 bytes) @ 0x00000000032f3944 [0x00000000032f3740+0x204]
J 3112 C1 macromedia.asc.semantics.FlowAnalyzer.evaluate(Lmacromedia/asc/util/Context;Lmacromedia/asc/parser/ProgramNode;)Lmacromedia/asc/semantics/Value; (1081 bytes) @ 0x00000000035d4194 [0x00000000035c4c20+0xf574]
J 1517 C1 macromedia.asc.parser.ProgramNode.evaluate(Lmacromedia/asc/util/Context;Lmacromedia/asc/parser/Evaluator;)Lmacromedia/asc/semantics/Value; (22 bytes) @ 0x0000000002d7fe44 [0x0000000002d7fc40+0x204]
j  flex2.compiler.as3.Compiler.analyze2(Lflex2/compiler/CompilationUnit;Lflex2/compiler/SymbolTable;)V+135
j  flex2.compiler.mxml.ImplementationCompiler.analyze2(Lflex2/compiler/CompilationUnit;Lflex2/compiler/SymbolTable;)V+61
j  flex2.compiler.mxml.Compiler.analyze2(Lflex2/compiler/CompilationUnit;Lflex2/compiler/SymbolTable;)V+7
J 2134 C1 flex2.compiler.API.analyze(Lflex2/compiler/CompilationUnit;[Lflex2/compiler/Compiler;Lflex2/compiler/SymbolTable;I)Z (409 bytes) @ 0x0000000002fe42b4 [0x0000000002fdfd00+0x45b4]
J 1666 C1 flex2.compiler.API.analyze(Ljava/util/List;[Lflex2/compiler/Compiler;Lflex2/compiler/SymbolTable;III)Z (207 bytes) @ 0x0000000002e10d4c [0x0000000002e10620+0x72c]
j  flex2.compiler.API.batch2(Ljava/util/List;Ljava/util/List;Lflex2/compiler/DependencyGraph;Lflex2/compiler/DependencyGraph;Lflex2/compiler/SymbolTable;[Lflex2/compiler/Compiler;Lflex2/compiler/SourceList;Lflex2/compiler/SourcePath;Lflex2/compiler/ResourceContainer;Lflex2/compiler/CompilerSwcContext;Lflex2/compiler/common/Configuration;)V+404
j  flex2.compiler.API.batch(Ljava/util/List;Ljava/util/List;Lflex2/compiler/DependencyGraph;Lflex2/compiler/DependencyGraph;Lflex2/compiler/SymbolTable;[Lflex2/compiler/Compiler;Lflex2/compiler/SourceList;Lflex2/compiler/SourcePath;Lflex2/compiler/ResourceContainer;Lflex2/compiler/CompilerSwcContext;Lflex2/compiler/common/Configuration;Z)V+64
j  flex2.compiler.API.compile(Lflex2/compiler/FileSpec;Lflex2/compiler/SourceList;Ljava/util/Collection;Lflex2/compiler/SourcePath;Lflex2/compiler/ResourceContainer;Lflex2/compiler/ResourceBundlePath;Lflex2/compiler/CompilerSwcContext;Lflex2/compiler/SymbolTable;Lflex2/compiler/common/Configuration;[Lflex2/compiler/Compiler;Lflex2/compiler/PreLink;Ljava/util/Map;Ljava/util/List;)Ljava/util/List;+185
j  flex2.tools.SimpleShell.mxmlc([Ljava/lang/String;I)V+1014
j  flex2.tools.SimpleShell.process(Ljava/lang/String;)V+231
j  flex2.tools.SimpleShell.main([Ljava/lang/String;)V+107
v  ~StubRoutines::call_stub

---------------  P R O C E S S  ---------------

Java Threads: ( => current thread )
  0x000000005520b000 JavaThread "Image Fetcher 0" daemon [_thread_blocked, id=3480, stack(0x000000005a370000,0x000000005a470000)]
  0x000000005520a800 JavaThread "AWT-Windows" daemon [_thread_in_native, id=2780, stack(0x000000005a030000,0x000000005a130000)]
  0x0000000055209000 JavaThread "Java2D Disposer" daemon [_thread_blocked, id=1004, stack(0x0000000059c50000,0x0000000059d50000)]
  0x0000000055291000 JavaThread "Service Thread" daemon [_thread_blocked, id=4760, stack(0x0000000055990000,0x0000000055a90000)]
  0x0000000055205000 JavaThread "C1 CompilerThread2" daemon [_thread_blocked, id=2148, stack(0x0000000055760000,0x0000000055860000)]
  0x0000000055200800 JavaThread "C2 CompilerThread1" daemon [_thread_in_native, id=1452, stack(0x0000000055610000,0x0000000055710000)]
  0x0000000053855800 JavaThread "C2 CompilerThread0" daemon [_thread_blocked, id=4016, stack(0x00000000550f0000,0x00000000551f0000)]
  0x0000000053854000 JavaThread "Attach Listener" daemon [_thread_blocked, id=1844, stack(0x0000000054f50000,0x0000000055050000)]
  0x0000000053850800 JavaThread "Signal Dispatcher" daemon [_thread_blocked, id=3488, stack(0x0000000054e20000,0x0000000054f20000)]
  0x00000000537f6800 JavaThread "Finalizer" daemon [_thread_blocked, id=360, stack(0x0000000054b90000,0x0000000054c90000)]
  0x00000000537ef800 JavaThread "Reference Handler" daemon [_thread_blocked, id=5076, stack(0x00000000549f0000,0x0000000054af0000)]
=>0x00000000021fe800 JavaThread "main" [_thread_in_vm, id=4312, stack(0x0000000002440000,0x0000000002540000)]

Other Threads:
  0x00000000537ea000 VMThread [stack: 0x0000000054790000,0x0000000054890000] [id=4500]
  0x00000000552a8800 WatcherThread [stack: 0x0000000054cb0000,0x0000000054db0000] [id=2940]

VM state:not at safepoint (normal execution)

VM Mutex/Monitor currently owned by a thread: None

Heap:
 PSYoungGen      total 104960K, used 29884K [0x00000000f8000000, 0x0000000100000000, 0x0000000100000000)
  eden space 80896K, 16% used [0x00000000f8000000,0x00000000f8cc5600,0x00000000fcf00000)
  from space 24064K, 69% used [0x00000000fe680000,0x00000000ff6e9b50,0x00000000ffe00000)
  to   space 24064K, 0% used [0x00000000fcf00000,0x00000000fcf00000,0x00000000fe680000)
 ParOldGen       total 87552K, used 68530K [0x00000000e8000000, 0x00000000ed580000, 0x00000000f8000000)
  object space 87552K, 78% used [0x00000000e8000000,0x00000000ec2ec880,0x00000000ed580000)
 Metaspace       used 19063K, capacity 19689K, committed 19840K, reserved 1067008K
  class space    used 1977K, capacity 2094K, committed 2176K, reserved 1048576K

Card table byte_map: [0x0000000002200000,0x00000000022d0000] byte_map_base: 0x0000000001ac0000

Marking Bits: (ParMarkBitMap*) 0x00000000638aa5b0
 Begin Bits: [0x0000000012260000, 0x0000000012860000)
 End Bits:   [0x0000000012860000, 0x0000000012e60000)

Polling page: 0x0000000000430000

CodeCache: size=245760Kb used=18193Kb max_used=18213Kb free=227567Kb
 bounds [0x0000000002810000, 0x00000000039f0000, 0x0000000011810000]
 total_blobs=4354 nmethods=3910 adapters=356
 compilation: enabled

Compilation events (10 events):
Event: 9.189 Thread 0x0000000053855800 4251       4       macromedia.asc.parser.PackageIdentifiersNode::pos (28 bytes)
Event: 9.190 Thread 0x0000000053855800 nmethod 4251 0x00000000034bc710 code [0x00000000034bc860, 0x00000000034bc978]
Event: 9.190 Thread 0x0000000053855800 3713       4       java.util.AbstractSet::<init> (5 bytes)
Event: 9.190 Thread 0x0000000053855800 nmethod 3713 0x000000000310f810 code [0x000000000310f940, 0x000000000310f998]
Event: 9.190 Thread 0x0000000053855800 4487       4       java.util.ArrayList::<init> (12 bytes)
Event: 9.190 Thread 0x0000000053855800 nmethod 4487 0x0000000003218950 code [0x0000000003218a80, 0x0000000003218af8]
Event: 9.190 Thread 0x0000000053855800 4452       4       macromedia.asc.parser.IdentifierNode::hasAttribute (34 bytes)
Event: 9.191 Thread 0x0000000053855800 nmethod 4452 0x00000000032b2990 code [0x00000000032b2ac0, 0x00000000032b2b18]
Event: 9.191 Thread 0x0000000053855800 3845       4       java.util.ArrayList$Itr::<init> (26 bytes)
Event: 9.191 Thread 0x0000000053855800 nmethod 3845 0x00000000034c7510 code [0x00000000034c7640, 0x00000000034c76b8]

GC Heap History (10 events):
Event: 5.459 GC heap before
{Heap before GC invocations=6 (full 0):
 PSYoungGen      total 125952K, used 125924K [0x00000000f8000000, 0x0000000100000000, 0x0000000100000000)
  eden space 120832K, 100% used [0x00000000f8000000,0x00000000ff600000,0x00000000ff600000)
  from space 5120K, 99% used [0x00000000ff600000,0x00000000ffaf9310,0x00000000ffb00000)
  to   space 5120K, 0% used [0x00000000ffb00000,0x00000000ffb00000,0x0000000100000000)
 ParOldGen       total 87552K, used 42378K [0x00000000e8000000, 0x00000000ed580000, 0x00000000f8000000)
  object space 87552K, 48% used [0x00000000e8000000,0x00000000ea962ac8,0x00000000ed580000)
 Metaspace       used 16871K, capacity 17207K, committed 17536K, reserved 1064960K
  class space    used 1764K, capacity 1835K, committed 1920K, reserved 1048576K
Event: 5.532 GC heap after
Heap after GC invocations=6 (full 0):
 PSYoungGen      total 86016K, used 5118K [0x00000000f8000000, 0x0000000100000000, 0x0000000100000000)
  eden space 80896K, 0% used [0x00000000f8000000,0x00000000f8000000,0x00000000fcf00000)
  from space 5120K, 99% used [0x00000000ffb00000,0x00000000fffff820,0x0000000100000000)
  to   space 25088K, 0% used [0x00000000fcf00000,0x00000000fcf00000,0x00000000fe780000)
 ParOldGen       total 87552K, used 58178K [0x00000000e8000000, 0x00000000ed580000, 0x00000000f8000000)
  object space 87552K, 66% used [0x00000000e8000000,0x00000000eb8d0be8,0x00000000ed580000)
 Metaspace       used 16871K, capacity 17207K, committed 17536K, reserved 1064960K
  class space    used 1764K, capacity 1835K, committed 1920K, reserved 1048576K
}
Event: 5.745 GC heap before
{Heap before GC invocations=7 (full 0):
 PSYoungGen      total 86016K, used 85974K [0x00000000f8000000, 0x0000000100000000, 0x0000000100000000)
  eden space 80896K, 99% used [0x00000000f8000000,0x00000000fcef60f0,0x00000000fcf00000)
  from space 5120K, 99% used [0x00000000ffb00000,0x00000000fffff820,0x0000000100000000)
  to   space 25088K, 0% used [0x00000000fcf00000,0x00000000fcf00000,0x00000000fe780000)
 ParOldGen       total 87552K, used 58178K [0x00000000e8000000, 0x00000000ed580000, 0x00000000f8000000)
  object space 87552K, 66% used [0x00000000e8000000,0x00000000eb8d0be8,0x00000000ed580000)
 Metaspace       used 16889K, capacity 17207K, committed 17536K, reserved 1064960K
  class space    used 1764K, capacity 1835K, committed 1920K, reserved 1048576K
Event: 5.819 GC heap after
Heap after GC invocations=7 (full 0):
 PSYoungGen      total 86016K, used 4656K [0x00000000f8000000, 0x0000000100000000, 0x0000000100000000)
  eden space 80896K, 0% used [0x00000000f8000000,0x00000000f8000000,0x00000000fcf00000)
  from space 5120K, 90% used [0x00000000fcf00000,0x00000000fd38c110,0x00000000fd400000)
  to   space 25600K, 0% used [0x00000000fe700000,0x00000000fe700000,0x0000000100000000)
 ParOldGen       total 87552K, used 61047K [0x00000000e8000000, 0x00000000ed580000, 0x00000000f8000000)
  object space 87552K, 69% used [0x00000000e8000000,0x00000000ebb9df20,0x00000000ed580000)
 Metaspace       used 16889K, capacity 17207K, committed 17536K, reserved 1064960K
  class space    used 1764K, capacity 1835K, committed 1920K, reserved 1048576K
}
Event: 6.527 GC heap before
{Heap before GC invocations=8 (full 0):
 PSYoungGen      total 86016K, used 85552K [0x00000000f8000000, 0x0000000100000000, 0x0000000100000000)
  eden space 80896K, 100% used [0x00000000f8000000,0x00000000fcf00000,0x00000000fcf00000)
  from space 5120K, 90% used [0x00000000fcf00000,0x00000000fd38c110,0x00000000fd400000)
  to   space 25600K, 0% used [0x00000000fe700000,0x00000000fe700000,0x0000000100000000)
 ParOldGen       total 87552K, used 61047K [0x00000000e8000000, 0x00000000ed580000, 0x00000000f8000000)
  object space 87552K, 69% used [0x00000000e8000000,0x00000000ebb9df20,0x00000000ed580000)
 Metaspace       used 17112K, capacity 17455K, committed 17536K, reserved 1064960K
  class space    used 1771K, capacity 1871K, committed 1920K, reserved 1048576K
Event: 6.555 GC heap after
Heap after GC invocations=8 (full 0):
 PSYoungGen      total 106496K, used 11193K [0x00000000f8000000, 0x0000000100000000, 0x0000000100000000)
  eden space 80896K, 0% used [0x00000000f8000000,0x00000000f8000000,0x00000000fcf00000)
  from space 25600K, 43% used [0x00000000fe700000,0x00000000ff1ee5f8,0x0000000100000000)
  to   space 24576K, 0% used [0x00000000fcf00000,0x00000000fcf00000,0x00000000fe700000)
 ParOldGen       total 87552K, used 62111K [0x00000000e8000000, 0x00000000ed580000, 0x00000000f8000000)
  object space 87552K, 70% used [0x00000000e8000000,0x00000000ebca7fa0,0x00000000ed580000)
 Metaspace       used 17112K, capacity 17455K, committed 17536K, reserved 1064960K
  class space    used 1771K, capacity 1871K, committed 1920K, reserved 1048576K
}
Event: 7.861 GC heap before
{Heap before GC invocations=9 (full 0):
 PSYoungGen      total 106496K, used 92089K [0x00000000f8000000, 0x0000000100000000, 0x0000000100000000)
  eden space 80896K, 100% used [0x00000000f8000000,0x00000000fcf00000,0x00000000fcf00000)
  from space 25600K, 43% used [0x00000000fe700000,0x00000000ff1ee5f8,0x0000000100000000)
  to   space 24576K, 0% used [0x00000000fcf00000,0x00000000fcf00000,0x00000000fe700000)
 ParOldGen       total 87552K, used 62111K [0x00000000e8000000, 0x00000000ed580000, 0x00000000f8000000)
  object space 87552K, 70% used [0x00000000e8000000,0x00000000ebca7fa0,0x00000000ed580000)
 Metaspace       used 17653K, capacity 18063K, committed 18304K, reserved 1064960K
  class space    used 1786K, capacity 1903K, committed 1920K, reserved 1048576K
Event: 7.896 GC heap after
Heap after GC invocations=9 (full 0):
 PSYoungGen      total 95232K, used 13972K [0x00000000f8000000, 0x00000000ffe00000, 0x0000000100000000)
  eden space 80896K, 0% used [0x00000000f8000000,0x00000000f8000000,0x00000000fcf00000)
  from space 14336K, 97% used [0x00000000fcf00000,0x00000000fdca53a0,0x00000000fdd00000)
  to   space 24064K, 0% used [0x00000000fe680000,0x00000000fe680000,0x00000000ffe00000)
 ParOldGen       total 87552K, used 63295K [0x00000000e8000000, 0x00000000ed580000, 0x00000000f8000000)
  object space 87552K, 72% used [0x00000000e8000000,0x00000000ebdcffa0,0x00000000ed580000)
 Metaspace       used 17653K, capacity 18063K, committed 18304K, reserved 1064960K
  class space    used 1786K, capacity 1903K, committed 1920K, reserved 1048576K
}
Event: 8.969 GC heap before
{Heap before GC invocations=10 (full 0):
 PSYoungGen      total 95232K, used 94868K [0x00000000f8000000, 0x00000000ffe00000, 0x0000000100000000)
  eden space 80896K, 100% used [0x00000000f8000000,0x00000000fcf00000,0x00000000fcf00000)
  from space 14336K, 97% used [0x00000000fcf00000,0x00000000fdca53a0,0x00000000fdd00000)
  to   space 24064K, 0% used [0x00000000fe680000,0x00000000fe680000,0x00000000ffe00000)
 ParOldGen       total 87552K, used 63295K [0x00000000e8000000, 0x00000000ed580000, 0x00000000f8000000)
  object space 87552K, 72% used [0x00000000e8000000,0x00000000ebdcffa0,0x00000000ed580000)
 Metaspace       used 18964K, capacity 19571K, committed 19840K, reserved 1067008K
  class space    used 1963K, capacity 2085K, committed 2176K, reserved 1048576K
Event: 9.019 GC heap after
Heap after GC invocations=10 (full 0):
 PSYoungGen      total 104960K, used 16806K [0x00000000f8000000, 0x0000000100000000, 0x0000000100000000)
  eden space 80896K, 0% used [0x00000000f8000000,0x00000000f8000000,0x00000000fcf00000)
  from space 24064K, 69% used [0x00000000fe680000,0x00000000ff6e9b50,0x00000000ffe00000)
  to   space 24064K, 0% used [0x00000000fcf00000,0x00000000fcf00000,0x00000000fe680000)
 ParOldGen       total 87552K, used 68530K [0x00000000e8000000, 0x00000000ed580000, 0x00000000f8000000)
  object space 87552K, 78% used [0x00000000e8000000,0x00000000ec2ec880,0x00000000ed580000)
 Metaspace       used 18964K, capacity 19571K, committed 19840K, reserved 1067008K
  class space    used 1963K, capacity 2085K, committed 2176K, reserved 1048576K
}

Deoptimization events (10 events):
Event: 8.372 Thread 0x000000005520b000 Uncommon trap: reason=bimorphic action=maybe_recompile pc=0x0000000002c68d4c method=java.util.zip.InflaterInputStream.fill()V @ 19
Event: 8.475 Thread 0x00000000021fe800 Uncommon trap: reason=unstable_if action=reinterpret pc=0x0000000003105908 method=macromedia.asc.semantics.ObjectValue.clearInstance(Lmacromedia/asc/util/Context;Lmacromedia/asc/semantics/Builder;Lmacromedia/asc/semantics/TypeValue;Ljava/lang/String;Z)V @ úA¯(ö @
Event: 8.481 Thread 0x00000000021fe800 Uncommon trap: reason=null_assert action=make_not_entrant pc=0x000000000355f6d0 method=macromedia.asc.semantics.ObjectValue.nextSlotID(Lmacromedia/asc/util/Context;)I @ 4
Event: 8.481 Thread 0x00000000021fe800 Uncommon trap: reason=null_assert action=make_not_entrant pc=0x00000000034a802c method=macromedia.asc.semantics.ObjectValue.nextSlotID(Lmacromedia/asc/util/Context;)I @ 4
Event: 8.528 Thread 0x000000005520b000 Uncommon trap: reason=bimorphic action=maybe_recompile pc=0x0000000002c68d4c method=java.util.zip.InflaterInputStream.fill()V @ 19
Event: 8.533 Thread 0x000000005520b000 Uncommon trap: reason=bimorphic action=maybe_recompile pc=0x0000000002c68d4c method=java.util.zip.InflaterInputStream.fill()V @ 19
Event: 8.717 Thread 0x00000000021fe800 Uncommon trap: reason=unstable_if action=reinterpret pc=0x00000000038c9508 method=java.lang.StringCoding$StringEncoder.encode([CII)[B @ 20
Event: 8.717 Thread 0x00000000021fe800 Uncommon trap: reason=unstable_if action=reinterpret pc=0x000000000389fe90 method=flex2.compiler.as3.BytecodeEmitter.calculateLineNumber(I)I @ 4
Event: 8.720 Thread 0x00000000021fe800 Uncommon trap: reason=unstable_if action=reinterpret pc=0x000000000296df00 method=sun.nio.cs.UTF_8$Encoder.encode([CII[B)I @ 33
Event: 9.179 Thread 0x00000000021fe800 Uncommon trap: reason=unstable_if action=reinterpret pc=0x00000000037846b4 method=macromedia.asc.semantics.FlowAnalyzer.evaluate(Lmacromedia/asc/util/Context;Lmacromedia/asc/parser/QualifiedIdentifierNode;)Lmacromedia/asc/semantics/Value; @ 511

Internal exceptions (10 events):
Event: 8.107 Thread 0x00000000021fe800 Exception <a 'java/lang/ClassNotFoundException': sun/net/www/protocol/c/Handler> (0x00000000f98ecc60) thrown at [C:\workspace\8-2-build-windows-amd64-cygwin\jdk8u65\4987\hotspot\src\share\vm\classfile\systemDictionary.cpp, line 210]
Event: 8.200 Thread 0x00000000021fe800 Exception <a 'java/lang/NoSuchMethodError': <clinit>> (0x00000000f9d92598) thrown at [C:\workspace\8-2-build-windows-amd64-cygwin\jdk8u65\4987\hotspot\src\share\vm\prims\jni.cpp, line 1591]
Event: 8.203 Thread 0x00000000021fe800 Exception <a 'java/lang/NoSuchMethodError': <clinit>> (0x00000000f9dbaed0) thrown at [C:\workspace\8-2-build-windows-amd64-cygwin\jdk8u65\4987\hotspot\src\share\vm\prims\jni.cpp, line 1591]
Event: 8.208 Thread 0x00000000021fe800 Exception <a 'java/lang/NoSuchMethodError': <clinit>> (0x00000000f9e075e8) thrown at [C:\workspace\8-2-build-windows-amd64-cygwin\jdk8u65\4987\hotspot\src\share\vm\prims\jni.cpp, line 1591]
Event: 8.210 Thread 0x00000000021fe800 Exception <a 'java/lang/NoSuchMethodError': <clinit>> (0x00000000f9e18fe8) thrown at [C:\workspace\8-2-build-windows-amd64-cygwin\jdk8u65\4987\hotspot\src\share\vm\prims\jni.cpp, line 1591]
Event: 8.212 Thread 0x00000000021fe800 Exception <a 'java/lang/NoSuchMethodError': <clinit>> (0x00000000f9e2e550) thrown at [C:\workspace\8-2-build-windows-amd64-cygwin\jdk8u65\4987\hotspot\src\share\vm\prims\jni.cpp, line 1591]
Event: 8.222 Thread 0x00000000021fe800 Exception <a 'java/lang/NoSuchMethodError': <clinit>> (0x00000000f9eaafe8) thrown at [C:\workspace\8-2-build-windows-amd64-cygwin\jdk8u65\4987\hotspot\src\share\vm\prims\jni.cpp, line 1591]
Event: 8.288 Thread 0x00000000021fe800 Implicit null exception at 0x00000000036c87cd to 0x00000000036c9271
Event: 8.371 Thread 0x000000005520b000 Implicit null exception at 0x0000000002f5c0f9 to 0x0000000002f5c1d5
Event: 9.179 Thread 0x00000000021fe800 Implicit null exception at 0x0000000003783831 to 0x000000000378469d

Events (10 events):
Event: 9.122 loading class java/lang/reflect/AnnotatedType done
Event: 9.122 loading class java/lang/reflect/TypeVariable
Event: 9.122 loading class java/lang/reflect/TypeVariable done
Event: 9.124 loading class flex2/compiler/as3/binding/PrefixedPrettyPrinter
Event: 9.124 loading class flex2/compiler/as3/binding/PrefixedPrettyPrinter done
Event: 9.124 loading class flash/swf/tools/as3/PrettyPrinter
Event: 9.124 loading class flash/swf/tools/as3/PrettyPrinter done
Event: 9.179 Thread 0x00000000021fe800 Uncommon trap: trap_request=0xffffff65 fr.pc=0x00000000037846b4
Event: 9.179 Thread 0x00000000021fe800 DEOPT PACKING pc=0x00000000037846b4 sp=0x000000000253cec0
Event: 9.179 Thread 0x00000000021fe800 DEOPT UNPACKING pc=0x000000000285556a sp=0x000000000253ce60 mode 2


Dynamic libraries:
0x000000013f1e0000 - 0x000000013f217000 	C:\ProgramData\Oracle\Java\javapath\java.exe
0x0000000077310000 - 0x00000000774b9000 	C:\Windows\SYSTEM32\ntdll.dll
0x00000000771f0000 - 0x0000000077310000 	C:\Windows\system32\kernel32.dll
0x000007fefd2f0000 - 0x000007fefd35c000 	C:\Windows\system32\KERNELBASE.dll
0x000007fefe470000 - 0x000007fefe54b000 	C:\Windows\system32\ADVAPI32.dll
0x000007feff350000 - 0x000007feff3ef000 	C:\Windows\system32\msvcrt.dll
0x000007fefed40000 - 0x000007fefed5f000 	C:\Windows\SYSTEM32\sechost.dll
0x000007fefec10000 - 0x000007fefed3d000 	C:\Windows\system32\RPCRT4.dll
0x00000000770f0000 - 0x00000000771ea000 	C:\Windows\system32\USER32.dll
0x000007fefeba0000 - 0x000007fefec07000 	C:\Windows\system32\GDI32.dll
0x000007fefd470000 - 0x000007fefd47e000 	C:\Windows\system32\LPK.dll
0x000007fefe370000 - 0x000007fefe43a000 	C:\Windows\system32\USP10.dll
0x000007fefb500000 - 0x000007fefb6f4000 	C:\Windows\WinSxS\amd64_microsoft.windows.common-controls_6595b64144ccf1df_6.0.7601.18837_none_fa3b1e3d17594757\COMCTL32.dll
0x000007fefeb20000 - 0x000007fefeb91000 	C:\Windows\system32\SHLWAPI.dll
0x000007fefe440000 - 0x000007fefe46e000 	C:\Windows\system32\IMM32.DLL
0x000007fefe260000 - 0x000007fefe369000 	C:\Windows\system32\MSCTF.dll
0x0000000066df0000 - 0x0000000066ec2000 	C:\Program Files\Java\jre1.8.0_65\bin\msvcr100.dll
0x00000000630a0000 - 0x0000000063929000 	C:\Program Files\Java\jre1.8.0_65\bin\server\jvm.dll
0x000007fef9620000 - 0x000007fef9629000 	C:\Windows\system32\WSOCK32.dll
0x000007fefe210000 - 0x000007fefe25d000 	C:\Windows\system32\WS2_32.dll
0x000007fefeb10000 - 0x000007fefeb18000 	C:\Windows\system32\NSI.dll
0x000007fefa520000 - 0x000007fefa55b000 	C:\Windows\system32\WINMM.dll
0x000007fefc210000 - 0x000007fefc21c000 	C:\Windows\system32\VERSION.dll
0x00000000774e0000 - 0x00000000774e7000 	C:\Windows\system32\PSAPI.DLL
0x00000000744e0000 - 0x00000000744ef000 	C:\Program Files\Java\jre1.8.0_65\bin\verify.dll
0x000000006b7d0000 - 0x000000006b7f9000 	C:\Program Files\Java\jre1.8.0_65\bin\java.dll
0x000000006c650000 - 0x000000006c666000 	C:\Program Files\Java\jre1.8.0_65\bin\zip.dll
0x000007fefd480000 - 0x000007fefe209000 	C:\Windows\system32\SHELL32.dll
0x000007fefe550000 - 0x000007fefe753000 	C:\Windows\system32\ole32.dll
0x000007fefd0b0000 - 0x000007fefd0bf000 	C:\Windows\system32\profapi.dll
0x0000000066c50000 - 0x0000000066de8000 	C:\Program Files\Java\jre1.8.0_65\bin\awt.dll
0x000007fefefa0000 - 0x000007feff077000 	C:\Windows\system32\OLEAUT32.dll
0x000007fefb180000 - 0x000007fefb1d6000 	C:\Windows\system32\uxtheme.dll
0x000007fefaca0000 - 0x000007fefacb8000 	C:\Windows\system32\dwmapi.dll
0x000007fefcf50000 - 0x000007fefcf5f000 	C:\Windows\system32\CRYPTBASE.dll
0x000007fefb9d0000 - 0x000007fefbaf5000 	C:\Windows\system32\dbghelp.dll

VM Arguments:
jvm_args: -Xmx384m -Dsun.io.useCanonCaches=false -Duser.language=en -Duser.region=US -Djava.util.Arrays.useLegacyMergeSort=true -Dapplication.home=C:\Users\Georg\Downloads\flex_sdk_3.5 
java_command: C:\Users\Georg\Downloads\flex_sdk_3.5\lib\fcsh.jar
java_class_path (initial): C:\Users\Georg\Downloads\flex_sdk_3.5\lib\fcsh.jar
Launcher Type: SUN_STANDARD

Environment Variables:
PATH=C:\ProgramData\Oracle\Java\javapath;C:\Windows\system32;C:\Windows;C:\Windows\System32\Wbem;C:\Windows\System32\WindowsPowerShell\v1.0\;C:\Program Files (x86)\NVIDIA Corporation\PhysX\Common;C:\Windows\system32\config\systemprofile\.dnx\bin;C:\Program Files\Microsoft DNX\Dnvm\;C:\Program Files (x86)\FlashDevelop\Tools\AppMan;C:\Program Files (x86)\FlashDevelop
USERNAME=Georg
OS=Windows_NT
PROCESSOR_IDENTIFIER=Intel64 Family 6 Model 23 Stepping 10, GenuineIntel



---------------  S Y S T E M  ---------------

OS: Windows 7 , 64 bit Build 7601 (6.1.7601.19045)

CPU:total 4 (4 cores per cpu, 1 threads per core) family 6 model 23 stepping 10, cmov, cx8, fxsr, mmx, sse, sse2, sse3, ssse3, sse4.1, tsc

Memory: 4k page, physical 8387128k(6059676k free), swap 16772420k(14251712k free)

vm_info: Java HotSpot(TM) 64-Bit Server VM (25.65-b01) for windows-amd64 JRE (1.8.0_65-b17), built on Oct  6 2015 16:39:20 by "java_re" with MS VC++ 10.0 (VS2010)

time: Sun Jan 17 15:08:30 2016
elapsed time: 9 seconds (0d 0h 0m 9s)

