#
# A fatal error has been detected by the Java Runtime Environment:
#
#  EXCEPTION_ACCESS_VIOLATION (0xc0000005) at pc=0xffffffffa4725120, pid=1464, tid=4644
#
# JRE version: Java(TM) SE Runtime Environment (8.0_65-b17) (build 1.8.0_65-b17)
# Java VM: Java HotSpot(TM) 64-Bit Server VM (25.65-b01 mixed mode windows-amd64 compressed oops)
# Problematic frame:
# C  0xffffffffa4725120
#
# Failed to write core dump. Minidumps are not enabled by default on client versions of Windows
#
# If you would like to submit a bug report, please visit:
#   http://bugreport.java.com/bugreport/crash.jsp
#

---------------  T H R E A D  ---------------

Current thread (0x000000000220e800):  JavaThread "main" [_thread_in_Java, id=4644, stack(0x0000000002240000,0x0000000002340000)]

siginfo: ExceptionCode=0xc0000005, ExceptionInformation=0x0000000000000008 0xffffffffa4725120

Registers:
RAX=0x0000000012d8e5e8, RBX=0x0000000012f90ce8, RCX=0x0000000000000218, RDX=0x00000000f87e5090
RSP=0x000000000233f058, RBP=0x000000000233f480, RSI=0x00000000f87e5090, RDI=0x000000005311e378
R8 =0x00000000e84f60b8, R9 =0x0000000000000bc3, R10=0x0000000012d8e5e8, R11=0x0000000000000bc3
R12=0x0000000000000000, R13=0x0000000000030d86, R14=0x000000005b595ca8, R15=0x000000000220e800
RIP=0xffffffffa4725120, EFLAGS=0x0000000000010246

Top of Stack: (sp=0x000000000233f058)
0x000000000233f058:   0000000003a84214 0000000000000000
0x000000000233f068:   000000060000000b 00004c4700004000
0x000000000233f078:   00012d6b00012d65 12d8ec0000003fff
0x000000000233f088:   00000000000001e5 00000000fd407d98
0x000000000233f098:   00000000f87e2fb8 0000000012d8e9d0
0x000000000233f0a8:   e84deaf8000041e5 00000000e84deaf8
0x000000000233f0b8:   00000000f835ee48 00000000fd5deea8
0x000000000233f0c8:   00000000f87e2fb8 00000000f84ead38
0x000000000233f0d8:   0000000000000000 0000000000000000
0x000000000233f0e8:   0000000000000000 0000000000000000
0x000000000233f0f8:   0000000000000000 00000bc300000073
0x000000000233f108:   00000000f87e5080 00000000fd9f93b0
0x000000000233f118:   00000000fd407e38 0000000000000bc3
0x000000000233f128:   0000000000000c8c 0000005a00000c8d
0x000000000233f138:   00000000fd6f2d30 0000000000000000
0x000000000233f148:   0000000000000000 000000000233f480 

Instructions: (pc=0xffffffffa4725120)
0xffffffffa4725100:   
[error occurred during error reporting (printing registers, top of stack, instructions near pc), id 0xc0000005]

Register to memory mapping:

RAX=0x0000000012d8e5e8 is pointing into metadata
RBX=0x0000000012f90ce8 is pointing into metadata
RCX=0x0000000000000218 is an unknown value
RDX=0x00000000f87e5090 is an oop
java.util.HashMap 
 - klass: 'java/util/HashMap'
RSP=0x000000000233f058 is pointing into the stack for thread: 0x000000000220e800
RBP=0x000000000233f480 is pointing into the stack for thread: 0x000000000220e800
RSI=0x00000000f87e5090 is an oop
java.util.HashMap 
 - klass: 'java/util/HashMap'
RDI=0x000000005311e378 is pointing into metadata
R8 =0x00000000e84f60b8 is an oop
java.lang.Integer 
 - klass: 'java/lang/Integer'
R9 =0x0000000000000bc3 is an unknown value
R10=0x0000000012d8e5e8 is pointing into metadata
R11=0x0000000000000bc3 is an unknown value
R12=0x0000000000000000 is an unknown value
R13=0x0000000000030d86 is an unknown value
R14=0x000000005b595ca8 is pointing into metadata
R15=0x000000000220e800 is a thread


Stack: [0x0000000002240000,0x0000000002340000],  sp=0x000000000233f058,  free space=1020k
Native frames: (J=compiled Java code, j=interpreted, Vv=VM code, C=native code)
C  0xffffffffa4725120


---------------  P R O C E S S  ---------------

Java Threads: ( => current thread )
  0x0000000056f8c000 JavaThread "Image Fetcher 0" daemon [_thread_blocked, id=1328, stack(0x000000005a200000,0x000000005a300000)]
  0x0000000056f8b000 JavaThread "AWT-Windows" daemon [_thread_in_native, id=1404, stack(0x0000000059ee0000,0x0000000059fe0000)]
  0x0000000056f89800 JavaThread "Java2D Disposer" daemon [_thread_blocked, id=1812, stack(0x0000000059d40000,0x0000000059e40000)]
  0x0000000055128000 JavaThread "Service Thread" daemon [_thread_blocked, id=4440, stack(0x0000000055720000,0x0000000055820000)]
  0x00000000550eb800 JavaThread "C1 CompilerThread2" daemon [_thread_blocked, id=4148, stack(0x0000000055610000,0x0000000055710000)]
  0x00000000550a0800 JavaThread "C2 CompilerThread1" daemon [_thread_in_native, id=4640, stack(0x00000000554c0000,0x00000000555c0000)]
  0x0000000053767800 JavaThread "C2 CompilerThread0" daemon [_thread_in_vm, id=3260, stack(0x0000000054cc0000,0x0000000054dc0000)]
  0x0000000053766000 JavaThread "Attach Listener" daemon [_thread_blocked, id=4136, stack(0x0000000054fa0000,0x00000000550a0000)]
  0x0000000053762800 JavaThread "Signal Dispatcher" daemon [_thread_blocked, id=3224, stack(0x0000000054e10000,0x0000000054f10000)]
  0x0000000053706800 JavaThread "Finalizer" daemon [_thread_blocked, id=692, stack(0x0000000054a70000,0x0000000054b70000)]
  0x00000000536ff800 JavaThread "Reference Handler" daemon [_thread_blocked, id=2248, stack(0x0000000054760000,0x0000000054860000)]
=>0x000000000220e800 JavaThread "main" [_thread_in_Java, id=4644, stack(0x0000000002240000,0x0000000002340000)]

Other Threads:
  0x00000000536fa000 VMThread [stack: 0x0000000054910000,0x0000000054a10000] [id=2368]
  0x0000000055132000 WatcherThread [stack: 0x0000000055980000,0x0000000055a80000] [id=4384]

VM state:not at safepoint (normal execution)

VM Mutex/Monitor currently owned by a thread: None

Heap:
 PSYoungGen      total 105984K, used 18880K [0x00000000f8000000, 0x00000000fff80000, 0x0000000100000000)
  eden space 82432K, 10% used [0x00000000f8000000,0x00000000f8886398,0x00000000fd080000)
  from space 23552K, 43% used [0x00000000fd080000,0x00000000fda6a018,0x00000000fe780000)
  to   space 23040K, 0% used [0x00000000fe900000,0x00000000fe900000,0x00000000fff80000)
 ParOldGen       total 125440K, used 66708K [0x00000000e8000000, 0x00000000efa80000, 0x00000000f8000000)
  object space 125440K, 53% used [0x00000000e8000000,0x00000000ec1250f0,0x00000000efa80000)
 Metaspace       used 20757K, capacity 21481K, committed 21760K, reserved 1069056K
  class space    used 2110K, capacity 2254K, committed 2304K, reserved 1048576K

Card table byte_map: [0x0000000011ae0000,0x0000000011bb0000] byte_map_base: 0x00000000113a0000

Marking Bits: (ParMarkBitMap*) 0x0000000064b7a5b0
 Begin Bits: [0x00000000120b0000, 0x00000000126b0000)
 End Bits:   [0x00000000126b0000, 0x0000000012cb0000)

Polling page: 0x0000000000130000

CodeCache: size=245760Kb used=20560Kb max_used=20572Kb free=225199Kb
 bounds [0x0000000002720000, 0x0000000003b50000, 0x0000000011720000]
 total_blobs=5289 nmethods=4816 adapters=384
 compilation: enabled

Compilation events (10 events):
Event: 13.823 Thread 0x00000000550eb800 nmethod 5618 0x0000000003b41150 code [0x0000000003b41340, 0x0000000003b41f88]
Event: 13.832 Thread 0x00000000550eb800 5621       3       macromedia.abc.Encoder::OP_iflt (54 bytes)
Event: 13.833 Thread 0x00000000550eb800 nmethod 5621 0x0000000003b39450 code [0x0000000003b39600, 0x0000000003b39a58]
Event: 13.836 Thread 0x0000000053767800 nmethod 5616 0x0000000003b3ec90 code [0x0000000003b3ee00, 0x0000000003b3f798]
Event: 13.836 Thread 0x0000000053767800 5620       4       java.util.HashMap::getNode (148 bytes)
Event: 13.839 Thread 0x00000000550eb800 5622       3       macromedia.abc.Decoder$Traits::decode (290 bytes)
Event: 13.840 Thread 0x0000000053767800 nmethod 5620 0x0000000003b42550 code [0x0000000003b426a0, 0x0000000003b428e8]
Event: 13.840 Thread 0x0000000053767800 5619       4       java.util.HashMap::containsKey (18 bytes)
Event: 13.841 Thread 0x00000000550eb800 nmethod 5622 0x0000000003b444d0 code [0x0000000003b447a0, 0x0000000003b45978]
Event: 13.846 Thread 0x0000000053767800 nmethod 5619 0x0000000003b38d10 code [0x0000000003b38e80, 0x0000000003b39148]

GC Heap History (10 events):
Event: 9.873 GC heap before
{Heap before GC invocations=10 (full 0):
 PSYoungGen      total 95744K, used 95449K [0x00000000f8000000, 0x00000000ffe00000, 0x0000000100000000)
  eden space 80896K, 100% used [0x00000000f8000000,0x00000000fcf00000,0x00000000fcf00000)
  from space 14848K, 98% used [0x00000000fcf00000,0x00000000fdd36650,0x00000000fdd80000)
  to   space 24064K, 0% used [0x00000000fe680000,0x00000000fe680000,0x00000000ffe00000)
 ParOldGen       total 87552K, used 62892K [0x00000000e8000000, 0x00000000ed580000, 0x00000000f8000000)
  object space 87552K, 71% used [0x00000000e8000000,0x00000000ebd6b390,0x00000000ed580000)
 Metaspace       used 18933K, capacity 19565K, committed 19840K, reserved 1067008K
  class space    used 1961K, capacity 2084K, committed 2176K, reserved 1048576K
Event: 9.925 GC heap after
Heap after GC invocations=10 (full 0):
 PSYoungGen      total 104960K, used 16130K [0x00000000f8000000, 0x0000000100000000, 0x0000000100000000)
  eden space 80896K, 0% used [0x00000000f8000000,0x00000000f8000000,0x00000000fcf00000)
  from space 24064K, 67% used [0x00000000fe680000,0x00000000ff640a78,0x00000000ffe00000)
  to   space 24064K, 0% used [0x00000000fcf00000,0x00000000fcf00000,0x00000000fe680000)
 ParOldGen       total 87552K, used 68099K [0x00000000e8000000, 0x00000000ed580000, 0x00000000f8000000)
  object space 87552K, 77% used [0x00000000e8000000,0x00000000ec280ff0,0x00000000ed580000)
 Metaspace       used 18933K, capacity 19565K, committed 19840K, reserved 1067008K
  class space    used 1961K, capacity 2084K, committed 2176K, reserved 1048576K
}
Event: 11.000 GC heap before
{Heap before GC invocations=11 (full 0):
 PSYoungGen      total 104960K, used 97026K [0x00000000f8000000, 0x0000000100000000, 0x0000000100000000)
  eden space 80896K, 100% used [0x00000000f8000000,0x00000000fcf00000,0x00000000fcf00000)
  from space 24064K, 67% used [0x00000000fe680000,0x00000000ff640a78,0x00000000ffe00000)
  to   space 24064K, 0% used [0x00000000fcf00000,0x00000000fcf00000,0x00000000fe680000)
 ParOldGen       total 87552K, used 68099K [0x00000000e8000000, 0x00000000ed580000, 0x00000000f8000000)
  object space 87552K, 77% used [0x00000000e8000000,0x00000000ec280ff0,0x00000000ed580000)
 Metaspace       used 19260K, capacity 19931K, committed 20096K, reserved 1067008K
  class space    used 1991K, capacity 2113K, committed 2176K, reserved 1048576K
Event: 11.088 GC heap after
Heap after GC invocations=11 (full 0):
 PSYoungGen      total 104960K, used 11866K [0x00000000f8000000, 0x00000000ffe00000, 0x0000000100000000)
  eden space 80896K, 0% used [0x00000000f8000000,0x00000000f8000000,0x00000000fcf00000)
  from space 24064K, 49% used [0x00000000fcf00000,0x00000000fda969d0,0x00000000fe680000)
  to   space 23040K, 0% used [0x00000000fe780000,0x00000000fe780000,0x00000000ffe00000)
 ParOldGen       total 87552K, used 80262K [0x00000000e8000000, 0x00000000ed580000, 0x00000000f8000000)
  object space 87552K, 91% used [0x00000000e8000000,0x00000000ece61b68,0x00000000ed580000)
 Metaspace       used 19260K, capacity 19931K, committed 20096K, reserved 1067008K
  class space    used 1991K, capacity 2113K, committed 2176K, reserved 1048576K
}
Event: 11.088 GC heap before
{Heap before GC invocations=12 (full 1):
 PSYoungGen      total 104960K, used 11866K [0x00000000f8000000, 0x00000000ffe00000, 0x0000000100000000)
  eden space 80896K, 0% used [0x00000000f8000000,0x00000000f8000000,0x00000000fcf00000)
  from space 24064K, 49% used [0x00000000fcf00000,0x00000000fda969d0,0x00000000fe680000)
  to   space 23040K, 0% used [0x00000000fe780000,0x00000000fe780000,0x00000000ffe00000)
 ParOldGen       total 87552K, used 80262K [0x00000000e8000000, 0x00000000ed580000, 0x00000000f8000000)
  object space 87552K, 91% used [0x00000000e8000000,0x00000000ece61b68,0x00000000ed580000)
 Metaspace       used 19260K, capacity 19931K, committed 20096K, reserved 1067008K
  class space    used 1991K, capacity 2113K, committed 2176K, reserved 1048576K
Event: 11.428 GC heap after
Heap after GC invocations=12 (full 1):
 PSYoungGen      total 104960K, used 0K [0x00000000f8000000, 0x00000000ffe00000, 0x0000000100000000)
  eden space 80896K, 0% used [0x00000000f8000000,0x00000000f8000000,0x00000000fcf00000)
  from space 24064K, 0% used [0x00000000fcf00000,0x00000000fcf00000,0x00000000fe680000)
  to   space 23040K, 0% used [0x00000000fe780000,0x00000000fe780000,0x00000000ffe00000)
 ParOldGen       total 125440K, used 62537K [0x00000000e8000000, 0x00000000efa80000, 0x00000000f8000000)
  object space 125440K, 49% used [0x00000000e8000000,0x00000000ebd12678,0x00000000efa80000)
 Metaspace       used 19260K, capacity 19931K, committed 20096K, reserved 1067008K
  class space    used 1991K, capacity 2113K, committed 2176K, reserved 1048576K
}
Event: 12.137 GC heap before
{Heap before GC invocations=13 (full 1):
 PSYoungGen      total 104960K, used 80896K [0x00000000f8000000, 0x00000000ffe00000, 0x0000000100000000)
  eden space 80896K, 100% used [0x00000000f8000000,0x00000000fcf00000,0x00000000fcf00000)
  from space 24064K, 0% used [0x00000000fcf00000,0x00000000fcf00000,0x00000000fe680000)
  to   space 23040K, 0% used [0x00000000fe780000,0x00000000fe780000,0x00000000ffe00000)
 ParOldGen       total 125440K, used 62537K [0x00000000e8000000, 0x00000000efa80000, 0x00000000f8000000)
  object space 125440K, 49% used [0x00000000e8000000,0x00000000ebd12678,0x00000000efa80000)
 Metaspace       used 19361K, capacity 20025K, committed 20096K, reserved 1067008K
  class space    used 1994K, capacity 2118K, committed 2176K, reserved 1048576K
Event: 12.164 GC heap after
Heap after GC invocations=13 (full 1):
 PSYoungGen      total 105472K, used 6038K [0x00000000f8000000, 0x0000000100000000, 0x0000000100000000)
  eden space 82432K, 0% used [0x00000000f8000000,0x00000000f8000000,0x00000000fd080000)
  from space 23040K, 26% used [0x00000000fe780000,0x00000000fed65b80,0x00000000ffe00000)
  to   space 23552K, 0% used [0x00000000fd080000,0x00000000fd080000,0x00000000fe780000)
 ParOldGen       total 125440K, used 62545K [0x00000000e8000000, 0x00000000efa80000, 0x00000000f8000000)
  object space 125440K, 49% used [0x00000000e8000000,0x00000000ebd14678,0x00000000efa80000)
 Metaspace       used 19361K, capacity 20025K, committed 20096K, reserved 1067008K
  class space    used 1994K, capacity 2118K, committed 2176K, reserved 1048576K
}
Event: 13.447 GC heap before
{Heap before GC invocations=14 (full 1):
 PSYoungGen      total 105472K, used 88470K [0x00000000f8000000, 0x0000000100000000, 0x0000000100000000)
  eden space 82432K, 100% used [0x00000000f8000000,0x00000000fd080000,0x00000000fd080000)
  from space 23040K, 26% used [0x00000000fe780000,0x00000000fed65b80,0x00000000ffe00000)
  to   space 23552K, 0% used [0x00000000fd080000,0x00000000fd080000,0x00000000fe780000)
 ParOldGen       total 125440K, used 62545K [0x00000000e8000000, 0x00000000efa80000, 0x00000000f8000000)
  object space 125440K, 49% used [0x00000000e8000000,0x00000000ebd14678,0x00000000efa80000)
 Metaspace       used 20747K, capacity 21481K, committed 21760K, reserved 1069056K
  class space    used 2110K, capacity 2254K, committed 2304K, reserved 1048576K
Event: 13.506 GC heap after
Heap after GC invocations=14 (full 1):
 PSYoungGen      total 105984K, used 10152K [0x00000000f8000000, 0x00000000fff80000, 0x0000000100000000)
  eden space 82432K, 0% used [0x00000000f8000000,0x00000000f8000000,0x00000000fd080000)
  from space 23552K, 43% used [0x00000000fd080000,0x00000000fda6a018,0x00000000fe780000)
  to   space 23040K, 0% used [0x00000000fe900000,0x00000000fe900000,0x00000000fff80000)
 ParOldGen       total 125440K, used 66708K [0x00000000e8000000, 0x00000000efa80000, 0x00000000f8000000)
  object space 125440K, 53% used [0x00000000e8000000,0x00000000ec1250f0,0x00000000efa80000)
 Metaspace       used 20747K, capacity 21481K, committed 21760K, reserved 1069056K
  class space    used 2110K, capacity 2254K, committed 2304K, reserved 1048576K
}

Deoptimization events (10 events):
Event: 12.538 Thread 0x000000000220e800 Uncommon trap: reason=bimorphic action=maybe_recompile pc=0x000000000312e808 method=java.util.AbstractCollection.addAll(Ljava/util/Collection;)Z @ 29
Event: 12.538 Thread 0x000000000220e800 Uncommon trap: reason=bimorphic action=maybe_recompile pc=0x000000000312e808 method=java.util.AbstractCollection.addAll(Ljava/util/Collection;)Z @ 29
Event: 12.538 Thread 0x000000000220e800 Uncommon trap: reason=bimorphic action=maybe_recompile pc=0x000000000312e808 method=java.util.AbstractCollection.addAll(Ljava/util/Collection;)Z @ 29
Event: 12.538 Thread 0x000000000220e800 Uncommon trap: reason=bimorphic action=maybe_recompile pc=0x000000000312e808 method=java.util.AbstractCollection.addAll(Ljava/util/Collection;)Z @ 29
Event: 12.620 Thread 0x000000000220e800 Uncommon trap: reason=unstable_if action=reinterpret pc=0x000000000375edf4 method=macromedia.asc.parser.Parser.parseRelationalExpressionPrime(ILmacromedia/asc/parser/Node;)Lmacromedia/asc/parser/Node; @ 300
Event: 13.171 Thread 0x000000000220e800 Uncommon trap: reason=unstable_if action=reinterpret pc=0x0000000002ed2378 method=java.io.WinNTFileSystem.normalize(Ljava/lang/String;)Ljava/lang/String; @ 128
Event: 13.260 Thread 0x000000000220e800 Uncommon trap: reason=unstable_if action=reinterpret pc=0x0000000002a68ac4 method=java.util.HashMap.resize()[Ljava/util/HashMap$Node; @ 206
Event: 13.374 Thread 0x000000000220e800 Uncommon trap: reason=predicate action=maybe_recompile pc=0x0000000002b7c6b8 method=java.util.TreeMap.getEntry(Ljava/lang/Object;)Ljava/util/TreeMap$Entry; @ 39
Event: 13.374 Thread 0x000000000220e800 Uncommon trap: reason=predicate action=maybe_recompile pc=0x0000000003389bf8 method=java.util.TreeMap.getEntry(Ljava/lang/Object;)Ljava/util/TreeMap$Entry; @ 39
Event: 13.802 Thread 0x000000000220e800 Uncommon trap: reason=unstable_if action=reinterpret pc=0x0000000003a70594 method=macromedia.abc.BytecodeBuffer.writeU32(J)V @ 48

Internal exceptions (10 events):
Event: 12.001 Thread 0x000000000220e800 Exception <a 'java/lang/ClassNotFoundException': sun/net/www/protocol/c/Handler> (0x00000000fc48d138) thrown at [C:\workspace\8-2-build-windows-amd64-cygwin\jdk8u65\4987\hotspot\src\share\vm\classfile\systemDictionary.cpp, line 210]
Event: 12.002 Thread 0x000000000220e800 Exception <a 'java/io/IOException'> (0x00000000fc48ff50) thrown at [C:\workspace\8-2-build-windows-amd64-cygwin\jdk8u65\4987\hotspot\src\share\vm\prims\jni.cpp, line 709]
Event: 12.003 Thread 0x000000000220e800 Exception <a 'java/lang/ClassNotFoundException': sun/net/www/protocol/c/Handler> (0x00000000fc491de0) thrown at [C:\workspace\8-2-build-windows-amd64-cygwin\jdk8u65\4987\hotspot\src\share\vm\classfile\systemDictionary.cpp, line 210]
Event: 12.003 Thread 0x000000000220e800 Exception <a 'java/lang/ClassNotFoundException': sun/net/www/protocol/c/Handler> (0x00000000fc494ec8) thrown at [C:\workspace\8-2-build-windows-amd64-cygwin\jdk8u65\4987\hotspot\src\share\vm\classfile\systemDictionary.cpp, line 210]
Event: 12.009 Thread 0x000000000220e800 Exception <a 'java/io/IOException'> (0x00000000fc4e3b50) thrown at [C:\workspace\8-2-build-windows-amd64-cygwin\jdk8u65\4987\hotspot\src\share\vm\prims\jni.cpp, line 709]
Event: 12.010 Thread 0x000000000220e800 Exception <a 'java/lang/ClassNotFoundException': sun/net/www/protocol/c/Handler> (0x00000000fc4e59f0) thrown at [C:\workspace\8-2-build-windows-amd64-cygwin\jdk8u65\4987\hotspot\src\share\vm\classfile\systemDictionary.cpp, line 210]
Event: 12.010 Thread 0x000000000220e800 Exception <a 'java/lang/ClassNotFoundException': sun/net/www/protocol/c/Handler> (0x00000000fc4e8aa8) thrown at [C:\workspace\8-2-build-windows-amd64-cygwin\jdk8u65\4987\hotspot\src\share\vm\classfile\systemDictionary.cpp, line 210]
Event: 12.011 Thread 0x000000000220e800 Exception <a 'java/io/IOException'> (0x00000000fc4ebd50) thrown at [C:\workspace\8-2-build-windows-amd64-cygwin\jdk8u65\4987\hotspot\src\share\vm\prims\jni.cpp, line 709]
Event: 12.012 Thread 0x000000000220e800 Exception <a 'java/lang/ClassNotFoundException': sun/net/www/protocol/c/Handler> (0x00000000fc4edb00) thrown at [C:\workspace\8-2-build-windows-amd64-cygwin\jdk8u65\4987\hotspot\src\share\vm\classfile\systemDictionary.cpp, line 210]
Event: 12.012 Thread 0x000000000220e800 Exception <a 'java/lang/ClassNotFoundException': sun/net/www/protocol/c/Handler> (0x00000000fc4f0bb8) thrown at [C:\workspace\8-2-build-windows-amd64-cygwin\jdk8u65\4987\hotspot\src\share\vm\classfile\systemDictionary.cpp, line 210]

Events (10 events):
Event: 13.743 Thread 0x000000000220e800 DEOPT UNPACKING pc=0x00000000027671bf sp=0x000000000233eda0 mode 0
Event: 13.743 Thread 0x000000000220e800 DEOPT PACKING pc=0x0000000003a6c84d sp=0x000000000233f0c0
Event: 13.743 Thread 0x000000000220e800 DEOPT UNPACKING pc=0x00000000027671bf sp=0x000000000233eda0 mode 0
Event: 13.743 Thread 0x000000000220e800 DEOPT PACKING pc=0x0000000003a6c84d sp=0x000000000233f0c0
Event: 13.743 Thread 0x000000000220e800 DEOPT UNPACKING pc=0x00000000027671bf sp=0x000000000233eda0 mode 0
Event: 13.743 Thread 0x000000000220e800 DEOPT PACKING pc=0x0000000003a6c84d sp=0x000000000233f0c0
Event: 13.743 Thread 0x000000000220e800 DEOPT UNPACKING pc=0x00000000027671bf sp=0x000000000233eda0 mode 0
Event: 13.802 Thread 0x000000000220e800 Uncommon trap: trap_request=0xffffff65 fr.pc=0x0000000003a70594
Event: 13.802 Thread 0x000000000220e800 DEOPT PACKING pc=0x0000000003a70594 sp=0x000000000233eca0
Event: 13.802 Thread 0x000000000220e800 DEOPT UNPACKING pc=0x000000000276556a sp=0x000000000233ec80 mode 2


Dynamic libraries:
0x000000013f500000 - 0x000000013f537000 	C:\ProgramData\Oracle\Java\javapath\java.exe
0x0000000077930000 - 0x0000000077ad9000 	C:\Windows\SYSTEM32\ntdll.dll
0x0000000077710000 - 0x000000007782f000 	C:\Windows\system32\kernel32.dll
0x000007fefd750000 - 0x000007fefd7bc000 	C:\Windows\system32\KERNELBASE.dll
0x000007fefe4b0000 - 0x000007fefe58b000 	C:\Windows\system32\ADVAPI32.dll
0x000007fefdef0000 - 0x000007fefdf8f000 	C:\Windows\system32\msvcrt.dll
0x000007fefe490000 - 0x000007fefe4af000 	C:\Windows\SYSTEM32\sechost.dll
0x000007fefdff0000 - 0x000007fefe11d000 	C:\Windows\system32\RPCRT4.dll
0x0000000077830000 - 0x000000007792a000 	C:\Windows\system32\USER32.dll
0x000007fefe420000 - 0x000007fefe487000 	C:\Windows\system32\GDI32.dll
0x000007fefdf90000 - 0x000007fefdf9e000 	C:\Windows\system32\LPK.dll
0x000007fefe1c0000 - 0x000007fefe28a000 	C:\Windows\system32\USP10.dll
0x000007fefd190000 - 0x000007fefd384000 	C:\Windows\WinSxS\amd64_microsoft.windows.common-controls_6595b64144ccf1df_6.0.7601.18837_none_fa3b1e3d17594757\COMCTL32.dll
0x000007fefdaa0000 - 0x000007fefdb11000 	C:\Windows\system32\SHLWAPI.dll
0x000007feffb70000 - 0x000007feffb9e000 	C:\Windows\system32\IMM32.DLL
0x000007fefe290000 - 0x000007fefe399000 	C:\Windows\system32\MSCTF.dll
0x0000000066100000 - 0x00000000661d2000 	C:\Program Files\Java\jre1.8.0_65\bin\msvcr100.dll
0x0000000064370000 - 0x0000000064bf9000 	C:\Program Files\Java\jre1.8.0_65\bin\server\jvm.dll
0x000007fefa5b0000 - 0x000007fefa5b9000 	C:\Windows\system32\WSOCK32.dll
0x000007fefdfa0000 - 0x000007fefdfed000 	C:\Windows\system32\WS2_32.dll
0x000007fefda90000 - 0x000007fefda98000 	C:\Windows\system32\NSI.dll
0x000007fefaa50000 - 0x000007fefaa8b000 	C:\Windows\system32\WINMM.dll
0x000007fefc180000 - 0x000007fefc18c000 	C:\Windows\system32\VERSION.dll
0x0000000077b00000 - 0x0000000077b07000 	C:\Windows\system32\PSAPI.DLL
0x0000000074880000 - 0x000000007488f000 	C:\Program Files\Java\jre1.8.0_65\bin\verify.dll
0x0000000067180000 - 0x00000000671a9000 	C:\Program Files\Java\jre1.8.0_65\bin\java.dll
0x0000000067160000 - 0x0000000067176000 	C:\Program Files\Java\jre1.8.0_65\bin\zip.dll
0x000007fefedc0000 - 0x000007feffb49000 	C:\Windows\system32\SHELL32.dll
0x000007fefe860000 - 0x000007fefea63000 	C:\Windows\system32\ole32.dll
0x000007fefd6e0000 - 0x000007fefd6ef000 	C:\Windows\system32\profapi.dll
0x0000000065f60000 - 0x00000000660f8000 	C:\Program Files\Java\jre1.8.0_65\bin\awt.dll
0x000007fefece0000 - 0x000007fefedb7000 	C:\Windows\system32\OLEAUT32.dll
0x000007fefb5a0000 - 0x000007fefb5f6000 	C:\Windows\system32\uxtheme.dll
0x000007fefafd0000 - 0x000007fefafe8000 	C:\Windows\system32\dwmapi.dll
0x000007fefd570000 - 0x000007fefd57f000 	C:\Windows\system32\CRYPTBASE.dll
0x000007fefcc10000 - 0x000007fefcc28000 	C:\Windows\system32\CRYPTSP.dll
0x000007fefc910000 - 0x000007fefc957000 	C:\Windows\system32\rsaenh.dll
0x000007fefd7c0000 - 0x000007fefd7de000 	C:\Windows\system32\USERENV.dll
0x0000000065f40000 - 0x0000000065f5a000 	C:\Program Files\Java\jre1.8.0_65\bin\net.dll
0x000007fefcbb0000 - 0x000007fefcc05000 	C:\Windows\system32\mswsock.dll
0x000007fefcba0000 - 0x000007fefcba7000 	C:\Windows\System32\wship6.dll
0x000007fefbf80000 - 0x000007fefbfa7000 	C:\Windows\system32\IPHLPAPI.DLL
0x000007fefbf70000 - 0x000007fefbf7b000 	C:\Windows\system32\WINNSI.DLL
0x000007fefa850000 - 0x000007fefa861000 	C:\Windows\system32\dhcpcsvc6.DLL
0x000007fefaa00000 - 0x000007fefaa18000 	C:\Windows\system32\dhcpcsvc.DLL
0x0000000065f20000 - 0x0000000065f31000 	C:\Program Files\Java\jre1.8.0_65\bin\nio.dll
0x000007fefc190000 - 0x000007fefc2b5000 	C:\Windows\system32\dbghelp.dll

VM Arguments:
jvm_args: -Xmx384m -Dsun.io.useCanonCaches=false -Duser.language=en -Duser.region=US -Djava.util.Arrays.useLegacyMergeSort=true -Dapplication.home=C:\Users\Georg\Downloads\flex_sdk_3.5 
java_command: C:\Users\Georg\Downloads\flex_sdk_3.5\lib\fcsh.jar
java_class_path (initial): C:\Users\Georg\Downloads\flex_sdk_3.5\lib\fcsh.jar
Launcher Type: SUN_STANDARD

Environment Variables:
PATH=C:\ProgramData\Oracle\Java\javapath;C:\Windows\system32;C:\Windows;C:\Windows\System32\Wbem;C:\Windows\System32\WindowsPowerShell\v1.0\;C:\Program Files (x86)\NVIDIA Corporation\PhysX\Common;C:\Windows\system32\config\systemprofile\.dnx\bin;C:\Program Files\Microsoft DNX\Dnvm\;C:\Program Files (x86)\FlashDevelop\Tools\AppMan;C:\Program Files (x86)\FlashDevelop
USERNAME=Georg
OS=Windows_NT
PROCESSOR_IDENTIFIER=Intel64 Family 6 Model 23 Stepping 10, GenuineIntel



---------------  S Y S T E M  ---------------

OS: Windows 7 , 64 bit Build 7601 (6.1.7601.19110)

CPU:total 4 (4 cores per cpu, 1 threads per core) family 6 model 23 stepping 10, cmov, cx8, fxsr, mmx, sse, sse2, sse3, ssse3, sse4.1, tsc

Memory: 4k page, physical 8387128k(6077124k free), swap 16772420k(14211644k free)

vm_info: Java HotSpot(TM) 64-Bit Server VM (25.65-b01) for windows-amd64 JRE (1.8.0_65-b17), built on Oct  6 2015 16:39:20 by "java_re" with MS VC++ 10.0 (VS2010)

time: Thu Jan 21 19:17:03 2016
elapsed time: 13 seconds (0d 0h 0m 13s)

