#
# A fatal error has been detected by the Java Runtime Environment:
#
#  EXCEPTION_ACCESS_VIOLATION (0xc0000005) at pc=0xffffffffa37f5120, pid=4564, tid=4420
#
# JRE version: Java(TM) SE Runtime Environment (8.0_65-b17) (build 1.8.0_65-b17)
# Java VM: Java HotSpot(TM) 64-Bit Server VM (25.65-b01 mixed mode windows-amd64 compressed oops)
# Problematic frame:
# C  0xffffffffa37f5120
#
# Failed to write core dump. Minidumps are not enabled by default on client versions of Windows
#
# If you would like to submit a bug report, please visit:
#   http://bugreport.java.com/bugreport/crash.jsp
#

---------------  T H R E A D  ---------------

Current thread (0x00000000022de800):  JavaThread "main" [_thread_in_Java, id=4420, stack(0x0000000002420000,0x0000000002520000)]

siginfo: ExceptionCode=0xc0000005, ExceptionInformation=0x0000000000000008 0xffffffffa37f5120

Registers:
RAX=0x00000000130b00e8, RBX=0x00000000f95e01c0, RCX=0x00000000fbb236e8, RDX=0x00000000f95e01c0
RSP=0x000000000251e308, RBP=0x000000000251e9d0, RSI=0x00000000fbbfba60, RDI=0x00000000589f3310
R8 =0x0000000000000000, R9 =0x00000000fbbfba60, R10=0x00000000130b4568, R11=0x0000000000000300
R12=0x0000000000000000, R13=0x0000000000000004, R14=0x000000000251dce0, R15=0x00000000022de800
RIP=0xffffffffa37f5120, EFLAGS=0x0000000000010206

Top of Stack: (sp=0x000000000251e308)
0x000000000251e308:   00000000034ab75c 00000000fbbfb8f8
0x000000000251e318:   0000000058802c40 000000000251e350
0x000000000251e328:   000000000251e350 000000000251e9d0
0x000000000251e338:   00000000034fe1fc 0000000000000002
0x000000000251e348:   00000000037a0146 000000000251e9d0
0x000000000251e358:   0000000002cbe854 00000000ebd29c30
0x000000000251e368:   00000000fbbfbae0 00000000000002d8
0x000000000251e378:   0000000100000000 00000000f95decb0
0x000000000251e388:   00000000f95e06d0 00000000f96a26f0
0x000000000251e398:   00000000f971e228 000000000251e9d0
0x000000000251e3a8:   0000000002afc52c 00000000f95e01c0
0x000000000251e3b8:   00000000fbbfba60 00000000fbb236e8
0x000000000251e3c8:   000000000352d2f4 00000000fbbfba80
0x000000000251e3d8:   0000000052251bf0 00000000fbbfbaf0
0x000000000251e3e8:   00000000f95de388 00000000fbbfba60
0x000000000251e3f8:   00000000fbb236e8 00000000f96a26f0 

Instructions: (pc=0xffffffffa37f5120)
0xffffffffa37f5100:   
[error occurred during error reporting (printing registers, top of stack, instructions near pc), id 0xc0000005]

Register to memory mapping:

RAX=0x00000000130b00e8 is pointing into metadata
RBX=0x00000000f95e01c0 is an oop
org.apache.velocity.runtime.parser.node.ASTReference 
 - klass: 'org/apache/velocity/runtime/parser/node/ASTReference'
RCX=0x00000000fbb236e8 is an oop
flex2.compiler.mxml.SourceCodeBuffer 
 - klass: 'flex2/compiler/mxml/SourceCodeBuffer'
RDX=0x00000000f95e01c0 is an oop
org.apache.velocity.runtime.parser.node.ASTReference 
 - klass: 'org/apache/velocity/runtime/parser/node/ASTReference'
RSP=0x000000000251e308 is pointing into the stack for thread: 0x00000000022de800
RBP=0x000000000251e9d0 is pointing into the stack for thread: 0x00000000022de800
RSI=0x00000000fbbfba60 is an oop
org.apache.velocity.context.VMContext 
 - klass: 'org/apache/velocity/context/VMContext'
RDI=0x00000000589f3310 is pointing into metadata
R8 =0x0000000000000000 is an unknown value
R9 =0x00000000fbbfba60 is an oop
org.apache.velocity.context.VMContext 
 - klass: 'org/apache/velocity/context/VMContext'
R10=0x00000000130b4568 is pointing into metadata
R11=0x0000000000000300 is an unknown value
R12=0x0000000000000000 is an unknown value
R13=0x0000000000000004 is an unknown value
R14=0x000000000251dce0 is pointing into the stack for thread: 0x00000000022de800
R15=0x00000000022de800 is a thread


Stack: [0x0000000002420000,0x0000000002520000],  sp=0x000000000251e308,  free space=1016k
Native frames: (J=compiled Java code, j=interpreted, Vv=VM code, C=native code)
C  0xffffffffa37f5120


---------------  P R O C E S S  ---------------

Java Threads: ( => current thread )
  0x0000000056ed9800 JavaThread "Image Fetcher 0" daemon [_thread_blocked, id=2540, stack(0x000000005a4e0000,0x000000005a5e0000)]
  0x0000000056ed8800 JavaThread "AWT-Windows" daemon [_thread_in_native, id=5076, stack(0x000000005a2f0000,0x000000005a3f0000)]
  0x0000000056ed7000 JavaThread "Java2D Disposer" daemon [_thread_blocked, id=3716, stack(0x0000000059fb0000,0x000000005a0b0000)]
  0x00000000553cf800 JavaThread "Service Thread" daemon [_thread_blocked, id=1512, stack(0x0000000055ae0000,0x0000000055be0000)]
  0x0000000055350800 JavaThread "C1 CompilerThread2" daemon [_thread_blocked, id=300, stack(0x0000000055920000,0x0000000055a20000)]
  0x000000005395e000 JavaThread "C2 CompilerThread1" daemon [_thread_in_native, id=1560, stack(0x0000000054b00000,0x0000000054c00000)]
  0x0000000053955800 JavaThread "C2 CompilerThread0" daemon [_thread_in_native, id=4720, stack(0x0000000055250000,0x0000000055350000)]
  0x0000000053954000 JavaThread "Attach Listener" daemon [_thread_blocked, id=4356, stack(0x00000000550b0000,0x00000000551b0000)]
  0x0000000053950800 JavaThread "Signal Dispatcher" daemon [_thread_blocked, id=3552, stack(0x0000000054f70000,0x0000000055070000)]
  0x00000000538f6800 JavaThread "Finalizer" daemon [_thread_blocked, id=3560, stack(0x0000000054da0000,0x0000000054ea0000)]
  0x00000000538ef800 JavaThread "Reference Handler" daemon [_thread_blocked, id=2568, stack(0x0000000054c60000,0x0000000054d60000)]
=>0x00000000022de800 JavaThread "main" [_thread_in_Java, id=4420, stack(0x0000000002420000,0x0000000002520000)]

Other Threads:
  0x00000000538ea000 VMThread [stack: 0x00000000549f0000,0x0000000054af0000] [id=4352]
  0x00000000553e9800 WatcherThread [stack: 0x0000000055800000,0x0000000055900000] [id=4852]

VM state:not at safepoint (normal execution)

VM Mutex/Monitor currently owned by a thread: None

Heap:
 PSYoungGen      total 94720K, used 76787K [0x00000000f8000000, 0x00000000ffd00000, 0x0000000100000000)
  eden space 80896K, 77% used [0x00000000f8000000,0x00000000fbd88a90,0x00000000fcf00000)
  from space 13824K, 99% used [0x00000000fcf00000,0x00000000fdc74458,0x00000000fdc80000)
  to   space 23552K, 0% used [0x00000000fe600000,0x00000000fe600000,0x00000000ffd00000)
 ParOldGen       total 87552K, used 64184K [0x00000000e8000000, 0x00000000ed580000, 0x00000000f8000000)
  object space 87552K, 73% used [0x00000000e8000000,0x00000000ebeae000,0x00000000ed580000)
 Metaspace       used 18929K, capacity 19517K, committed 19840K, reserved 1067008K
  class space    used 1962K, capacity 2084K, committed 2176K, reserved 1048576K

Card table byte_map: [0x0000000001d30000,0x0000000001e00000] byte_map_base: 0x00000000015f0000

Marking Bits: (ParMarkBitMap*) 0x000000005c62a5b0
 Begin Bits: [0x0000000012360000, 0x0000000012960000)
 End Bits:   [0x0000000012960000, 0x0000000012f60000)

Polling page: 0x0000000000140000

CodeCache: size=245760Kb used=17601Kb max_used=18145Kb free=228158Kb
 bounds [0x00000000027f0000, 0x00000000039f0000, 0x00000000117f0000]
 total_blobs=4303 nmethods=3859 adapters=356
 compilation: enabled

Compilation events (10 events):
Event: 10.220 Thread 0x0000000055350800 4537       2       flex2.compiler.mxml.lang.ChildNodeHandler::invoke (164 bytes)
Event: 10.222 Thread 0x0000000055350800 nmethod 4537 0x0000000002edc490 code [0x0000000002edc6a0, 0x0000000002edcc38]
Event: 10.222 Thread 0x0000000055350800 4545       2       flex2.compiler.mxml.rep.Model::getEffectInitializerIterator (19 bytes)
Event: 10.222 Thread 0x0000000055350800 nmethod 4545 0x0000000002edbf10 code [0x0000000002edc080, 0x0000000002edc338]
Event: 10.222 Thread 0x0000000055350800 4546       2       flex2.compiler.mxml.rep.Model::getEffects (18 bytes)
Event: 10.222 Thread 0x0000000055350800 nmethod 4546 0x0000000002edbbd0 code [0x0000000002edbd20, 0x0000000002edbe90]
Event: 10.222 Thread 0x0000000055350800 4544       2       java.util.HashSet::isEmpty (8 bytes)
Event: 10.223 Thread 0x0000000055350800 nmethod 4544 0x0000000002edb850 code [0x0000000002edb9a0, 0x0000000002edbb10]
Event: 10.223 Thread 0x0000000055350800 4543       1       flex2.compiler.mxml.rep.init.ValueInitializer::getValue (5 bytes)
Event: 10.223 Thread 0x0000000055350800 nmethod 4543 0x0000000002edb590 code [0x0000000002edb6e0, 0x0000000002edb7f0]

GC Heap History (10 events):
Event: 4.527 GC heap before
{Heap before GC invocations=5 (full 0):
 PSYoungGen      total 125952K, used 125932K [0x00000000f8000000, 0x0000000100000000, 0x0000000100000000)
  eden space 120832K, 100% used [0x00000000f8000000,0x00000000ff600000,0x00000000ff600000)
  from space 5120K, 99% used [0x00000000ffb00000,0x00000000ffffb230,0x0000000100000000)
  to   space 5120K, 0% used [0x00000000ff600000,0x00000000ff600000,0x00000000ffb00000)
 ParOldGen       total 87552K, used 41401K [0x00000000e8000000, 0x00000000ed580000, 0x00000000f8000000)
  object space 87552K, 47% used [0x00000000e8000000,0x00000000ea86e650,0x00000000ed580000)
 Metaspace       used 14183K, capacity 14373K, committed 14720K, reserved 1062912K
  class space    used 1508K, capacity 1554K, committed 1664K, reserved 1048576K
Event: 4.567 GC heap after
Heap after GC invocations=5 (full 0):
 PSYoungGen      total 125952K, used 5096K [0x00000000f8000000, 0x0000000100000000, 0x0000000100000000)
  eden space 120832K, 0% used [0x00000000f8000000,0x00000000f8000000,0x00000000ff600000)
  from space 5120K, 99% used [0x00000000ff600000,0x00000000ffafa3b0,0x00000000ffb00000)
  to   space 5120K, 0% used [0x00000000ffb00000,0x00000000ffb00000,0x0000000100000000)
 ParOldGen       total 87552K, used 43511K [0x00000000e8000000, 0x00000000ed580000, 0x00000000f8000000)
  object space 87552K, 49% used [0x00000000e8000000,0x00000000eaa7de20,0x00000000ed580000)
 Metaspace       used 14183K, capacity 14373K, committed 14720K, reserved 1062912K
  class space    used 1508K, capacity 1554K, committed 1664K, reserved 1048576K
}
Event: 6.445 GC heap before
{Heap before GC invocations=6 (full 0):
 PSYoungGen      total 125952K, used 125928K [0x00000000f8000000, 0x0000000100000000, 0x0000000100000000)
  eden space 120832K, 100% used [0x00000000f8000000,0x00000000ff600000,0x00000000ff600000)
  from space 5120K, 99% used [0x00000000ff600000,0x00000000ffafa3b0,0x00000000ffb00000)
  to   space 5120K, 0% used [0x00000000ffb00000,0x00000000ffb00000,0x0000000100000000)
 ParOldGen       total 87552K, used 43511K [0x00000000e8000000, 0x00000000ed580000, 0x00000000f8000000)
  object space 87552K, 49% used [0x00000000e8000000,0x00000000eaa7de20,0x00000000ed580000)
 Metaspace       used 16859K, capacity 17159K, committed 17280K, reserved 1064960K
  class space    used 1764K, capacity 1835K, committed 1920K, reserved 1048576K
Event: 6.522 GC heap after
Heap after GC invocations=6 (full 0):
 PSYoungGen      total 87040K, used 5096K [0x00000000f8000000, 0x0000000100000000, 0x0000000100000000)
  eden space 81920K, 0% used [0x00000000f8000000,0x00000000f8000000,0x00000000fd000000)
  from space 5120K, 99% used [0x00000000ffb00000,0x00000000ffffa3a8,0x0000000100000000)
  to   space 24576K, 0% used [0x00000000fd000000,0x00000000fd000000,0x00000000fe800000)
 ParOldGen       total 87552K, used 59111K [0x00000000e8000000, 0x00000000ed580000, 0x00000000f8000000)
  object space 87552K, 67% used [0x00000000e8000000,0x00000000eb9b9f00,0x00000000ed580000)
 Metaspace       used 16859K, capacity 17159K, committed 17280K, reserved 1064960K
  class space    used 1764K, capacity 1835K, committed 1920K, reserved 1048576K
}
Event: 6.669 GC heap before
{Heap before GC invocations=7 (full 0):
 PSYoungGen      total 87040K, used 86944K [0x00000000f8000000, 0x0000000100000000, 0x0000000100000000)
  eden space 81920K, 99% used [0x00000000f8000000,0x00000000fcfedd78,0x00000000fd000000)
  from space 5120K, 99% used [0x00000000ffb00000,0x00000000ffffa3a8,0x0000000100000000)
  to   space 24576K, 0% used [0x00000000fd000000,0x00000000fd000000,0x00000000fe800000)
 ParOldGen       total 87552K, used 59111K [0x00000000e8000000, 0x00000000ed580000, 0x00000000f8000000)
  object space 87552K, 67% used [0x00000000e8000000,0x00000000eb9b9f00,0x00000000ed580000)
 Metaspace       used 16880K, capacity 17191K, committed 17280K, reserved 1064960K
  class space    used 1768K, capacity 1867K, committed 1920K, reserved 1048576K
Event: 6.714 GC heap after
Heap after GC invocations=7 (full 0):
 PSYoungGen      total 86528K, used 4130K [0x00000000f8000000, 0x0000000100000000, 0x0000000100000000)
  eden space 81920K, 0% used [0x00000000f8000000,0x00000000f8000000,0x00000000fd000000)
  from space 4608K, 89% used [0x00000000fd000000,0x00000000fd408b78,0x00000000fd480000)
  to   space 25600K, 0% used [0x00000000fe700000,0x00000000fe700000,0x0000000100000000)
 ParOldGen       total 87552K, used 61275K [0x00000000e8000000, 0x00000000ed580000, 0x00000000f8000000)
  object space 87552K, 69% used [0x00000000e8000000,0x00000000ebbd6f88,0x00000000ed580000)
 Metaspace       used 16880K, capacity 17191K, committed 17280K, reserved 1064960K
  class space    used 1768K, capacity 1867K, committed 1920K, reserved 1048576K
}
Event: 7.583 GC heap before
{Heap before GC invocations=8 (full 0):
 PSYoungGen      total 86528K, used 86050K [0x00000000f8000000, 0x0000000100000000, 0x0000000100000000)
  eden space 81920K, 100% used [0x00000000f8000000,0x00000000fd000000,0x00000000fd000000)
  from space 4608K, 89% used [0x00000000fd000000,0x00000000fd408b78,0x00000000fd480000)
  to   space 25600K, 0% used [0x00000000fe700000,0x00000000fe700000,0x0000000100000000)
 ParOldGen       total 87552K, used 61275K [0x00000000e8000000, 0x00000000ed580000, 0x00000000f8000000)
  object space 87552K, 69% used [0x00000000e8000000,0x00000000ebbd6f88,0x00000000ed580000)
 Metaspace       used 17155K, capacity 17471K, committed 17536K, reserved 1064960K
  class space    used 1771K, capacity 1871K, committed 1920K, reserved 1048576K
Event: 7.627 GC heap after
Heap after GC invocations=8 (full 0):
 PSYoungGen      total 106496K, used 11549K [0x00000000f8000000, 0x0000000100000000, 0x0000000100000000)
  eden space 80896K, 0% used [0x00000000f8000000,0x00000000f8000000,0x00000000fcf00000)
  from space 25600K, 45% used [0x00000000fe700000,0x00000000ff247420,0x0000000100000000)
  to   space 24576K, 0% used [0x00000000fcf00000,0x00000000fcf00000,0x00000000fe700000)
 ParOldGen       total 87552K, used 62720K [0x00000000e8000000, 0x00000000ed580000, 0x00000000f8000000)
  object space 87552K, 71% used [0x00000000e8000000,0x00000000ebd40018,0x00000000ed580000)
 Metaspace       used 17155K, capacity 17471K, committed 17536K, reserved 1064960K
  class space    used 1771K, capacity 1871K, committed 1920K, reserved 1048576K
}
Event: 9.053 GC heap before
{Heap before GC invocations=9 (full 0):
 PSYoungGen      total 106496K, used 92445K [0x00000000f8000000, 0x0000000100000000, 0x0000000100000000)
  eden space 80896K, 100% used [0x00000000f8000000,0x00000000fcf00000,0x00000000fcf00000)
  from space 25600K, 45% used [0x00000000fe700000,0x00000000ff247420,0x0000000100000000)
  to   space 24576K, 0% used [0x00000000fcf00000,0x00000000fcf00000,0x00000000fe700000)
 ParOldGen       total 87552K, used 62720K [0x00000000e8000000, 0x00000000ed580000, 0x00000000f8000000)
  object space 87552K, 71% used [0x00000000e8000000,0x00000000ebd40018,0x00000000ed580000)
 Metaspace       used 17646K, capacity 17951K, committed 18048K, reserved 1064960K
  class space    used 1786K, capacity 1903K, committed 1920K, reserved 1048576K
Event: 9.100 GC heap after
Heap after GC invocations=9 (full 0):
 PSYoungGen      total 94720K, used 13777K [0x00000000f8000000, 0x00000000ffd00000, 0x0000000100000000)
  eden space 80896K, 0% used [0x00000000f8000000,0x00000000f8000000,0x00000000fcf00000)
  from space 13824K, 99% used [0x00000000fcf00000,0x00000000fdc74458,0x00000000fdc80000)
  to   space 23552K, 0% used [0x00000000fe600000,0x00000000fe600000,0x00000000ffd00000)
 ParOldGen       total 87552K, used 64184K [0x00000000e8000000, 0x00000000ed580000, 0x00000000f8000000)
  object space 87552K, 73% used [0x00000000e8000000,0x00000000ebeae000,0x00000000ed580000)
 Metaspace       used 17646K, capacity 17951K, committed 18048K, reserved 1064960K
  class space    used 1786K, capacity 1903K, committed 1920K, reserved 1048576K
}

Deoptimization events (10 events):
Event: 9.677 Thread 0x0000000056ed9800 Uncommon trap: reason=bimorphic action=maybe_recompile pc=0x0000000002c342cc method=java.util.zip.InflaterInputStream.fill()V @ 19
Event: 9.677 Thread 0x0000000056ed9800 Uncommon trap: reason=bimorphic action=maybe_recompile pc=0x0000000002c342cc method=java.util.zip.InflaterInputStream.fill()V @ 19
Event: 9.802 Thread 0x00000000022de800 Uncommon trap: reason=unstable_if action=reinterpret pc=0x000000000329d6c8 method=macromedia.asc.semantics.ObjectValue.clearInstance(Lmacromedia/asc/util/Context;Lmacromedia/asc/semantics/Builder;Lmacromedia/asc/semantics/TypeValue;Ljava/lang/String;Z)V @ j'Ü ýž#@
Event: 9.811 Thread 0x00000000022de800 Uncommon trap: reason=null_assert action=make_not_entrant pc=0x00000000036274fc method=macromedia.asc.semantics.ObjectValue.nextSlotID(Lmacromedia/asc/util/Context;)I @ 4
Event: 9.811 Thread 0x00000000022de800 Uncommon trap: reason=null_assert action=make_not_entrant pc=0x00000000033356e4 method=macromedia.asc.semantics.ObjectValue.nextSlotID(Lmacromedia/asc/util/Context;)I @ 4
Event: 9.881 Thread 0x0000000056ed9800 Uncommon trap: reason=bimorphic action=maybe_recompile pc=0x0000000002c342cc method=java.util.zip.InflaterInputStream.fill()V @ 19
Event: 9.885 Thread 0x0000000056ed9800 Uncommon trap: reason=bimorphic action=maybe_recompile pc=0x0000000002c342cc method=java.util.zip.InflaterInputStream.fill()V @ 19
Event: 10.040 Thread 0x00000000022de800 Uncommon trap: reason=bimorphic action=maybe_recompile pc=0x00000000039de070 method=macromedia.asc.util.Context.coerce(Lmacromedia/asc/parser/Node;[Lmacromedia/asc/semantics/TypeInfo;Lmacromedia/asc/semantics/TypeInfo;ZZ)Lmacromedia/asc/parser/Node; @ 387
Event: 10.117 Thread 0x00000000022de800 Uncommon trap: reason=unstable_if action=reinterpret pc=0x00000000039d448c method=java.lang.StringCoding$StringEncoder.encode([CII)[B @ 20
Event: 10.119 Thread 0x00000000022de800 Uncommon trap: reason=unstable_if action=reinterpret pc=0x000000000294db80 method=sun.nio.cs.UTF_8$Encoder.encode([CII[B)I @ 33

Internal exceptions (10 events):
Event: 9.331 Thread 0x00000000022de800 Exception <a 'java/lang/ClassNotFoundException': sun/net/www/protocol/c/Handler> (0x00000000f9136a80) thrown at [C:\workspace\8-2-build-windows-amd64-cygwin\jdk8u65\4987\hotspot\src\share\vm\classfile\systemDictionary.cpp, line 210]
Event: 9.331 Thread 0x00000000022de800 Exception <a 'java/lang/ClassNotFoundException': sun/net/www/protocol/c/Handler> (0x00000000f9139ac8) thrown at [C:\workspace\8-2-build-windows-amd64-cygwin\jdk8u65\4987\hotspot\src\share\vm\classfile\systemDictionary.cpp, line 210]
Event: 9.459 Thread 0x00000000022de800 Exception <a 'java/lang/NoSuchMethodError': <clinit>> (0x00000000f95d5000) thrown at [C:\workspace\8-2-build-windows-amd64-cygwin\jdk8u65\4987\hotspot\src\share\vm\prims\jni.cpp, line 1591]
Event: 9.462 Thread 0x00000000022de800 Exception <a 'java/lang/NoSuchMethodError': <clinit>> (0x00000000f95fd938) thrown at [C:\workspace\8-2-build-windows-amd64-cygwin\jdk8u65\4987\hotspot\src\share\vm\prims\jni.cpp, line 1591]
Event: 9.468 Thread 0x00000000022de800 Exception <a 'java/lang/NoSuchMethodError': <clinit>> (0x00000000f964a040) thrown at [C:\workspace\8-2-build-windows-amd64-cygwin\jdk8u65\4987\hotspot\src\share\vm\prims\jni.cpp, line 1591]
Event: 9.471 Thread 0x00000000022de800 Exception <a 'java/lang/NoSuchMethodError': <clinit>> (0x00000000f965ba40) thrown at [C:\workspace\8-2-build-windows-amd64-cygwin\jdk8u65\4987\hotspot\src\share\vm\prims\jni.cpp, line 1591]
Event: 9.473 Thread 0x00000000022de800 Exception <a 'java/lang/NoSuchMethodError': <clinit>> (0x00000000f9670fa8) thrown at [C:\workspace\8-2-build-windows-amd64-cygwin\jdk8u65\4987\hotspot\src\share\vm\prims\jni.cpp, line 1591]
Event: 9.486 Thread 0x00000000022de800 Exception <a 'java/lang/NoSuchMethodError': <clinit>> (0x00000000f96edc08) thrown at [C:\workspace\8-2-build-windows-amd64-cygwin\jdk8u65\4987\hotspot\src\share\vm\prims\jni.cpp, line 1591]
Event: 9.589 Thread 0x00000000022de800 Implicit null exception at 0x00000000037b944d to 0x00000000037b9ef1
Event: 9.677 Thread 0x0000000056ed9800 Implicit null exception at 0x00000000036b0e79 to 0x00000000036b0f55

Events (10 events):
Event: 10.207 loading class flex2/compiler/mxml/builder/ArrayBuilder$UnknownNode
Event: 10.207 loading class flex2/compiler/mxml/builder/ArrayBuilder$UnknownNode done
Event: 10.208 loading class flex2/compiler/mxml/builder/ArrayBuilder$ElementBindingHandler
Event: 10.208 loading class flex2/compiler/mxml/builder/ArrayBuilder$ElementBindingHandler done
Event: 10.208 loading class flex2/compiler/mxml/builder/PrimitiveBuilder
Event: 10.208 loading class flex2/compiler/mxml/builder/PrimitiveBuilder done
Event: 10.209 loading class flex2/compiler/mxml/builder/PrimitiveBuilder$InitializerRequired
Event: 10.209 loading class flex2/compiler/mxml/builder/PrimitiveBuilder$InitializerRequired done
Event: 10.210 loading class flex2/compiler/mxml/rep/init/ArrayElementInitializer
Event: 10.210 loading class flex2/compiler/mxml/rep/init/ArrayElementInitializer done


Dynamic libraries:
0x000000013f600000 - 0x000000013f637000 	C:\ProgramData\Oracle\Java\javapath\java.exe
0x0000000077960000 - 0x0000000077b09000 	C:\Windows\SYSTEM32\ntdll.dll
0x0000000077840000 - 0x0000000077960000 	C:\Windows\system32\kernel32.dll
0x000007fefd9f0000 - 0x000007fefda5c000 	C:\Windows\system32\KERNELBASE.dll
0x000007feff610000 - 0x000007feff6eb000 	C:\Windows\system32\ADVAPI32.dll
0x000007fefdcd0000 - 0x000007fefdd6f000 	C:\Windows\system32\msvcrt.dll
0x000007fefdac0000 - 0x000007fefdadf000 	C:\Windows\SYSTEM32\sechost.dll
0x000007feff800000 - 0x000007feff92d000 	C:\Windows\system32\RPCRT4.dll
0x0000000077740000 - 0x000000007783a000 	C:\Windows\system32\USER32.dll
0x000007fefddc0000 - 0x000007fefde27000 	C:\Windows\system32\GDI32.dll
0x000007fefdb80000 - 0x000007fefdb8e000 	C:\Windows\system32\LPK.dll
0x000007feffb40000 - 0x000007feffc0a000 	C:\Windows\system32\USP10.dll
0x000007fefbae0000 - 0x000007fefbcd4000 	C:\Windows\WinSxS\amd64_microsoft.windows.common-controls_6595b64144ccf1df_6.0.7601.18837_none_fa3b1e3d17594757\COMCTL32.dll
0x000007feff3a0000 - 0x000007feff411000 	C:\Windows\system32\SHLWAPI.dll
0x000007feff7d0000 - 0x000007feff7fe000 	C:\Windows\system32\IMM32.DLL
0x000007fefebc0000 - 0x000007fefecc9000 	C:\Windows\system32\MSCTF.dll
0x000000006b950000 - 0x000000006ba22000 	C:\Program Files\Java\jre1.8.0_65\bin\msvcr100.dll
0x000000005be20000 - 0x000000005c6a9000 	C:\Program Files\Java\jre1.8.0_65\bin\server\jvm.dll
0x000007fefb9c0000 - 0x000007fefb9c9000 	C:\Windows\system32\WSOCK32.dll
0x000007fefdd70000 - 0x000007fefddbd000 	C:\Windows\system32\WS2_32.dll
0x000007feff600000 - 0x000007feff608000 	C:\Windows\system32\NSI.dll
0x000007fefac20000 - 0x000007fefac5b000 	C:\Windows\system32\WINMM.dll
0x000007fefc860000 - 0x000007fefc86c000 	C:\Windows\system32\VERSION.dll
0x0000000077b20000 - 0x0000000077b27000 	C:\Windows\system32\PSAPI.DLL
0x0000000074b40000 - 0x0000000074b4f000 	C:\Program Files\Java\jre1.8.0_65\bin\verify.dll
0x000000006c0f0000 - 0x000000006c119000 	C:\Program Files\Java\jre1.8.0_65\bin\java.dll
0x000000006c9a0000 - 0x000000006c9b6000 	C:\Program Files\Java\jre1.8.0_65\bin\zip.dll
0x000007fefde30000 - 0x000007fefebb9000 	C:\Windows\system32\SHELL32.dll
0x000007feff930000 - 0x000007feffb33000 	C:\Windows\system32\ole32.dll
0x000007fefd710000 - 0x000007fefd71f000 	C:\Windows\system32\profapi.dll
0x000000006c570000 - 0x000000006c708000 	C:\Program Files\Java\jre1.8.0_65\bin\awt.dll
0x000007feff6f0000 - 0x000007feff7c7000 	C:\Windows\system32\OLEAUT32.dll
0x000007fefb690000 - 0x000007fefb6e6000 	C:\Windows\system32\uxtheme.dll
0x000007fefb190000 - 0x000007fefb1a8000 	C:\Windows\system32\dwmapi.dll
0x000007fefd5a0000 - 0x000007fefd5af000 	C:\Windows\system32\CRYPTBASE.dll
0x000007fefb240000 - 0x000007fefb365000 	C:\Windows\system32\dbghelp.dll

VM Arguments:
jvm_args: -Xmx384m -Dsun.io.useCanonCaches=false -Duser.language=en -Duser.region=US -Djava.util.Arrays.useLegacyMergeSort=true -Dapplication.home=C:\Users\Georg\Downloads\flex_sdk_3.5 
java_command: C:\Users\Georg\Downloads\flex_sdk_3.5\lib\fcsh.jar
java_class_path (initial): C:\Users\Georg\Downloads\flex_sdk_3.5\lib\fcsh.jar
Launcher Type: SUN_STANDARD

Environment Variables:
PATH=C:\ProgramData\Oracle\Java\javapath;C:\Windows\system32;C:\Windows;C:\Windows\System32\Wbem;C:\Windows\System32\WindowsPowerShell\v1.0\;C:\Program Files (x86)\NVIDIA Corporation\PhysX\Common;C:\Windows\system32\config\systemprofile\.dnx\bin;C:\Program Files\Microsoft DNX\Dnvm\;C:\Program Files (x86)\FlashDevelop\Tools\AppMan;C:\Program Files (x86)\FlashDevelop
USERNAME=Georg
OS=Windows_NT
PROCESSOR_IDENTIFIER=Intel64 Family 6 Model 23 Stepping 10, GenuineIntel



---------------  S Y S T E M  ---------------

OS: Windows 7 , 64 bit Build 7601 (6.1.7601.19045)

CPU:total 4 (4 cores per cpu, 1 threads per core) family 6 model 23 stepping 10, cmov, cx8, fxsr, mmx, sse, sse2, sse3, ssse3, sse4.1, tsc

Memory: 4k page, physical 8387128k(5797872k free), swap 16772420k(13879680k free)

vm_info: Java HotSpot(TM) 64-Bit Server VM (25.65-b01) for windows-amd64 JRE (1.8.0_65-b17), built on Oct  6 2015 16:39:20 by "java_re" with MS VC++ 10.0 (VS2010)

time: Sun Dec 13 13:42:22 2015
elapsed time: 10 seconds (0d 0h 0m 10s)

